[ 2016-09-06T12:35:36+08:00 ] 127.0.0.1 /index.php/Admin/Resource/showList
INFO: [ app_init ] --START--
INFO: Run Behavior\BuildLiteBehavior [ RunTime:0.000020s ]
INFO: [ app_init ] --END-- [ RunTime:0.082420s ]

[ 2016-09-06T12:35:39+08:00 ] 127.0.0.1 /index.php/Admin/login/login
INFO: [ app_init ] --START--
INFO: Run Behavior\BuildLiteBehavior [ RunTime:0.000017s ]
INFO: [ app_init ] --END-- [ RunTime:0.000713s ]

[ 2016-09-06T12:35:49+08:00 ] 127.0.0.1 /index.php/Admin/Login/select
INFO: [ app_init ] --START--
INFO: Run Behavior\BuildLiteBehavior [ RunTime:0.000015s ]
INFO: [ app_init ] --END-- [ RunTime:0.000448s ]
ERR: 1146:Table 'movie.users' doesn't exist
 [ SQL语句 ] : SHOW COLUMNS FROM `users`

[ 2016-09-06T12:36:30+08:00 ] 127.0.0.1 /index.php/Admin/resource/showlist
INFO: [ app_init ] --START--
INFO: Run Behavior\BuildLiteBehavior [ RunTime:0.000025s ]
INFO: [ app_init ] --END-- [ RunTime:0.000827s ]

[ 2016-09-06T12:36:36+08:00 ] 127.0.0.1 /index.php/Admin/login/login
INFO: [ app_init ] --START--
INFO: Run Behavior\BuildLiteBehavior [ RunTime:0.000015s ]
INFO: [ app_init ] --END-- [ RunTime:0.000445s ]

[ 2016-09-06T12:37:37+08:00 ] 127.0.0.1 /index.php/Admin/resource/showlist
INFO: [ app_init ] --START--
INFO: Run Behavior\BuildLiteBehavior [ RunTime:0.000017s ]
INFO: [ app_init ] --END-- [ RunTime:0.000493s ]
ERR: Think\Controller:level方法不存在！

[ 2016-09-06T12:38:11+08:00 ] 127.0.0.1 /index.php/Admin/resource/showlist
INFO: [ app_init ] --START--
INFO: Run Behavior\BuildLiteBehavior [ RunTime:0.000014s ]
INFO: [ app_init ] --END-- [ RunTime:0.000492s ]

[ 2016-09-06T12:38:16+08:00 ] 127.0.0.1 /index.php/Admin/Resource/showList
INFO: [ app_init ] --START--
INFO: Run Behavior\BuildLiteBehavior [ RunTime:0.000015s ]
INFO: [ app_init ] --END-- [ RunTime:0.000514s ]

[ 2016-09-06T12:38:18+08:00 ] 127.0.0.1 /index.php/Admin/Resource/showList
INFO: [ app_init ] --START--
INFO: Run Behavior\BuildLiteBehavior [ RunTime:0.000016s ]
INFO: [ app_init ] --END-- [ RunTime:0.000603s ]

[ 2016-09-06T12:38:19+08:00 ] 127.0.0.1 /index.php/Admin/Resource/add
INFO: [ app_init ] --START--
INFO: Run Behavior\BuildLiteBehavior [ RunTime:0.000018s ]
INFO: [ app_init ] --END-- [ RunTime:0.000562s ]

[ 2016-09-06T12:38:24+08:00 ] 127.0.0.1 /index.php/Admin/Resource/showList
INFO: [ app_init ] --START--
INFO: Run Behavior\BuildLiteBehavior [ RunTime:0.000017s ]
INFO: [ app_init ] --END-- [ RunTime:0.000593s ]

[ 2016-09-06T12:44:10+08:00 ] 127.0.0.1 /index.php/Admin/Resource/showList
INFO: [ app_init ] --START--
INFO: Run Behavior\BuildLiteBehavior [ RunTime:0.000016s ]
INFO: [ app_init ] --END-- [ RunTime:0.000567s ]

[ 2016-09-06T12:44:16+08:00 ] 127.0.0.1 /index.php/Admin/Resource/search
INFO: [ app_init ] --START--
INFO: Run Behavior\BuildLiteBehavior [ RunTime:0.000014s ]
INFO: [ app_init ] --END-- [ RunTime:0.000529s ]
INFO: [ app_begin ] --START--
INFO: Run Behavior\ReadHtmlCacheBehavior [ RunTime:0.000623s ]
INFO: [ app_begin ] --END-- [ RunTime:0.000683s ]
SQL: SHOW COLUMNS FROM `resource` [ RunTime:0.0167s ]
SQL: SELECT COUNT(*) AS tp_count FROM `resource` WHERE ( rname like '%di%' and trash=0 ) LIMIT 1   [ RunTime:0.0004s ]
SQL: SELECT * FROM `resource` WHERE ( rname like '%di%' and trash=0 ) LIMIT 0,1   [ RunTime:0.0004s ]
ERR: 模板不存在:./Application/Admin/View/Resource/search.html

[ 2016-09-06T12:44:17+08:00 ] 127.0.0.1 /index.php/Admin/Resource/search
INFO: [ app_init ] --START--
INFO: Run Behavior\BuildLiteBehavior [ RunTime:0.000015s ]
INFO: [ app_init ] --END-- [ RunTime:0.000513s ]
INFO: [ app_begin ] --START--
INFO: Run Behavior\ReadHtmlCacheBehavior [ RunTime:0.001045s ]
INFO: [ app_begin ] --END-- [ RunTime:0.001117s ]
SQL: SHOW COLUMNS FROM `resource` [ RunTime:0.0146s ]
SQL: SELECT COUNT(*) AS tp_count FROM `resource` WHERE ( rname like '%dia%' and trash=0 ) LIMIT 1   [ RunTime:0.0004s ]
SQL: SELECT * FROM `resource` WHERE ( rname like '%dia%' and trash=0 ) LIMIT 0,1   [ RunTime:0.0272s ]
ERR: 模板不存在:./Application/Admin/View/Resource/search.html

[ 2016-09-06T12:44:18+08:00 ] 127.0.0.1 /index.php/Admin/Resource/search
INFO: [ app_init ] --START--
INFO: Run Behavior\BuildLiteBehavior [ RunTime:0.000015s ]
INFO: [ app_init ] --END-- [ RunTime:0.000605s ]
INFO: [ app_begin ] --START--
INFO: Run Behavior\ReadHtmlCacheBehavior [ RunTime:0.000906s ]
INFO: [ app_begin ] --END-- [ RunTime:0.000987s ]
SQL: SHOW COLUMNS FROM `resource` [ RunTime:0.0144s ]
SQL: SELECT COUNT(*) AS tp_count FROM `resource` WHERE ( rname like '%dian%' and trash=0 ) LIMIT 1   [ RunTime:0.0004s ]
SQL: SELECT * FROM `resource` WHERE ( rname like '%dian%' and trash=0 ) LIMIT 0,1   [ RunTime:0.0004s ]
ERR: 模板不存在:./Application/Admin/View/Resource/search.html

[ 2016-09-06T12:44:19+08:00 ] 127.0.0.1 /index.php/Admin/Resource/search
INFO: [ app_init ] --START--
INFO: Run Behavior\BuildLiteBehavior [ RunTime:0.000015s ]
INFO: [ app_init ] --END-- [ RunTime:0.000914s ]
INFO: [ app_begin ] --START--
INFO: Run Behavior\ReadHtmlCacheBehavior [ RunTime:0.000750s ]
INFO: [ app_begin ] --END-- [ RunTime:0.000811s ]
SQL: SHOW COLUMNS FROM `resource` [ RunTime:0.0143s ]
SQL: SELECT COUNT(*) AS tp_count FROM `resource` WHERE ( rname like '%dian%' and trash=0 ) LIMIT 1   [ RunTime:0.0004s ]
SQL: SELECT * FROM `resource` WHERE ( rname like '%dian%' and trash=0 ) LIMIT 0,1   [ RunTime:0.0004s ]
ERR: 模板不存在:./Application/Admin/View/Resource/search.html

[ 2016-09-06T12:44:20+08:00 ] 127.0.0.1 /index.php/Admin/Resource/search
INFO: [ app_init ] --START--
INFO: Run Behavior\BuildLiteBehavior [ RunTime:0.000014s ]
INFO: [ app_init ] --END-- [ RunTime:0.000513s ]
INFO: [ app_begin ] --START--
INFO: Run Behavior\ReadHtmlCacheBehavior [ RunTime:0.000588s ]
INFO: [ app_begin ] --END-- [ RunTime:0.000652s ]
SQL: SHOW COLUMNS FROM `resource` [ RunTime:0.0150s ]
SQL: SELECT COUNT(*) AS tp_count FROM `resource` WHERE ( rname like '%dia%' and trash=0 ) LIMIT 1   [ RunTime:0.0004s ]
SQL: SELECT * FROM `resource` WHERE ( rname like '%dia%' and trash=0 ) LIMIT 0,1   [ RunTime:0.0005s ]
ERR: 模板不存在:./Application/Admin/View/Resource/search.html

[ 2016-09-06T12:44:21+08:00 ] 127.0.0.1 /index.php/Admin/Resource/search
INFO: [ app_init ] --START--
INFO: Run Behavior\BuildLiteBehavior [ RunTime:0.000014s ]
INFO: [ app_init ] --END-- [ RunTime:0.000594s ]
INFO: [ app_begin ] --START--
INFO: Run Behavior\ReadHtmlCacheBehavior [ RunTime:0.000711s ]
INFO: [ app_begin ] --END-- [ RunTime:0.000775s ]
SQL: SHOW COLUMNS FROM `resource` [ RunTime:0.0143s ]
SQL: SELECT COUNT(*) AS tp_count FROM `resource` WHERE ( rname like '%di%' and trash=0 ) LIMIT 1   [ RunTime:0.0004s ]
SQL: SELECT * FROM `resource` WHERE ( rname like '%di%' and trash=0 ) LIMIT 0,1   [ RunTime:0.0004s ]
ERR: 模板不存在:./Application/Admin/View/Resource/search.html

[ 2016-09-06T12:44:22+08:00 ] 127.0.0.1 /index.php/Admin/Resource/search
INFO: [ app_init ] --START--
INFO: Run Behavior\BuildLiteBehavior [ RunTime:0.000014s ]
INFO: [ app_init ] --END-- [ RunTime:0.000509s ]
INFO: [ app_begin ] --START--
INFO: Run Behavior\ReadHtmlCacheBehavior [ RunTime:0.000707s ]
INFO: [ app_begin ] --END-- [ RunTime:0.000781s ]
SQL: SHOW COLUMNS FROM `resource` [ RunTime:0.0144s ]
SQL: SELECT COUNT(*) AS tp_count FROM `resource` WHERE ( rname like '%d%' and trash=0 ) LIMIT 1   [ RunTime:0.0004s ]
SQL: SELECT * FROM `resource` WHERE ( rname like '%d%' and trash=0 ) LIMIT 0,1   [ RunTime:0.0004s ]
ERR: 模板不存在:./Application/Admin/View/Resource/search.html

[ 2016-09-06T12:44:23+08:00 ] 127.0.0.1 /index.php/Admin/Resource/search
INFO: [ app_init ] --START--
INFO: Run Behavior\BuildLiteBehavior [ RunTime:0.000015s ]
INFO: [ app_init ] --END-- [ RunTime:0.000607s ]
INFO: [ app_begin ] --START--
INFO: Run Behavior\ReadHtmlCacheBehavior [ RunTime:0.000806s ]
INFO: [ app_begin ] --END-- [ RunTime:0.000859s ]
SQL: SHOW COLUMNS FROM `resource` [ RunTime:0.0145s ]
SQL: SELECT COUNT(*) AS tp_count FROM `resource` WHERE ( rname like '%%' and trash=0 ) LIMIT 1   [ RunTime:0.0004s ]
SQL: SELECT * FROM `resource` WHERE ( rname like '%%' and trash=0 ) LIMIT 0,1   [ RunTime:0.0004s ]
ERR: 模板不存在:./Application/Admin/View/Resource/search.html

[ 2016-09-06T12:44:24+08:00 ] 127.0.0.1 /index.php/Admin/Resource/search
INFO: [ app_init ] --START--
INFO: Run Behavior\BuildLiteBehavior [ RunTime:0.000014s ]
INFO: [ app_init ] --END-- [ RunTime:0.000534s ]
INFO: [ app_begin ] --START--
INFO: Run Behavior\ReadHtmlCacheBehavior [ RunTime:0.000594s ]
INFO: [ app_begin ] --END-- [ RunTime:0.000665s ]
SQL: SHOW COLUMNS FROM `resource` [ RunTime:0.0145s ]
SQL: SELECT COUNT(*) AS tp_count FROM `resource` WHERE ( rname like '%%' and trash=0 ) LIMIT 1   [ RunTime:0.0004s ]
SQL: SELECT * FROM `resource` WHERE ( rname like '%%' and trash=0 ) LIMIT 0,1   [ RunTime:0.0004s ]
ERR: 模板不存在:./Application/Admin/View/Resource/search.html

[ 2016-09-06T12:44:25+08:00 ] 127.0.0.1 /index.php/Admin/Resource/search
INFO: [ app_init ] --START--
INFO: Run Behavior\BuildLiteBehavior [ RunTime:0.000014s ]
INFO: [ app_init ] --END-- [ RunTime:0.000524s ]
INFO: [ app_begin ] --START--
INFO: Run Behavior\ReadHtmlCacheBehavior [ RunTime:0.004793s ]
INFO: [ app_begin ] --END-- [ RunTime:0.004886s ]
SQL: SHOW COLUMNS FROM `resource` [ RunTime:0.0145s ]
SQL: SELECT COUNT(*) AS tp_count FROM `resource` WHERE ( rname like '%电锯%' and trash=0 ) LIMIT 1   [ RunTime:0.0004s ]
SQL: SELECT * FROM `resource` WHERE ( rname like '%电锯%' and trash=0 ) LIMIT 0,1   [ RunTime:0.0005s ]
ERR: 模板不存在:./Application/Admin/View/Resource/search.html

[ 2016-09-06T12:45:02+08:00 ] 127.0.0.1 /index.php/Admin/Resource/showList
INFO: [ app_init ] --START--
INFO: Run Behavior\BuildLiteBehavior [ RunTime:0.000015s ]
INFO: [ app_init ] --END-- [ RunTime:0.000456s ]

[ 2016-09-06T12:45:05+08:00 ] 127.0.0.1 /index.php/Admin/Resource/showList
INFO: [ app_init ] --START--
INFO: Run Behavior\BuildLiteBehavior [ RunTime:0.000021s ]
INFO: [ app_init ] --END-- [ RunTime:0.000618s ]

[ 2016-09-06T12:45:13+08:00 ] 127.0.0.1 /index.php/Admin/Resource/search
INFO: [ app_init ] --START--
INFO: Run Behavior\BuildLiteBehavior [ RunTime:0.000014s ]
INFO: [ app_init ] --END-- [ RunTime:0.000585s ]
INFO: [ app_begin ] --START--
INFO: Run Behavior\ReadHtmlCacheBehavior [ RunTime:0.000854s ]
INFO: [ app_begin ] --END-- [ RunTime:0.000929s ]
SQL: SHOW COLUMNS FROM `resource` [ RunTime:0.0141s ]
SQL: SELECT COUNT(*) AS tp_count FROM `resource` WHERE ( rname like '%电锯惊魂%' and trash=0 ) LIMIT 1   [ RunTime:0.0005s ]
SQL: SELECT * FROM `resource` WHERE ( rname like '%电锯惊魂%' and trash=0 ) LIMIT 0,1   [ RunTime:0.0005s ]
INFO: [ view_parse ] --START--
INFO: [ template_filter ] --START--
INFO: Run Behavior\ContentReplaceBehavior [ RunTime:0.000118s ]
INFO: [ template_filter ] --END-- [ RunTime:0.000186s ]
NOTIC: [8] Uninitialized string offset: 0 F:\1wamp\movie\Application\Runtime\Cache\Admin\e3a96415283ac9ae0378d60b76c1617a.php 第 34 行.
NOTIC: [8] Undefined variable: resource F:\1wamp\movie\Application\Runtime\Cache\Admin\e3a96415283ac9ae0378d60b76c1617a.php 第 187 行.
INFO: Run Behavior\ParseTemplateBehavior [ RunTime:0.065254s ]
INFO: [ view_parse ] --END-- [ RunTime:0.065313s ]
INFO: [ view_filter ] --START--
INFO: Run Behavior\WriteHtmlCacheBehavior [ RunTime:0.000625s ]
INFO: [ view_filter ] --END-- [ RunTime:0.000670s ]
INFO: [ app_end ] --START--
INFO: Run Behavior\ShowPageTraceBehavior [ RunTime:0.000939s ]
INFO: [ app_end ] --END-- [ RunTime:0.001014s ]

[ 2016-09-06T12:46:32+08:00 ] 127.0.0.1 /index.php/Admin/Resource/showList
INFO: [ app_init ] --START--
INFO: Run Behavior\BuildLiteBehavior [ RunTime:0.000014s ]
INFO: [ app_init ] --END-- [ RunTime:0.000630s ]

[ 2016-09-06T12:46:41+08:00 ] 127.0.0.1 /index.php/Admin/Resource/search
INFO: [ app_init ] --START--
INFO: Run Behavior\BuildLiteBehavior [ RunTime:0.000015s ]
INFO: [ app_init ] --END-- [ RunTime:0.000544s ]
INFO: [ app_begin ] --START--
INFO: Run Behavior\ReadHtmlCacheBehavior [ RunTime:0.000718s ]
INFO: [ app_begin ] --END-- [ RunTime:0.000775s ]
SQL: SHOW COLUMNS FROM `resource` [ RunTime:0.0144s ]
SQL: SELECT * FROM `resource` WHERE ( rname like '%电锯%' and trash=0 )  [ RunTime:0.0004s ]
INFO: [ app_end ] --START--
INFO: Run Behavior\ShowPageTraceBehavior [ RunTime:0.000810s ]
INFO: [ app_end ] --END-- [ RunTime:0.000864s ]

[ 2016-09-06T12:46:56+08:00 ] 127.0.0.1 /index.php/Admin/Resource/search
INFO: [ app_init ] --START--
INFO: Run Behavior\BuildLiteBehavior [ RunTime:0.000014s ]
INFO: [ app_init ] --END-- [ RunTime:0.000527s ]
INFO: [ app_begin ] --START--
INFO: Run Behavior\ReadHtmlCacheBehavior [ RunTime:0.000604s ]
INFO: [ app_begin ] --END-- [ RunTime:0.000661s ]
SQL: SHOW COLUMNS FROM `resource` [ RunTime:0.0148s ]
SQL: SELECT * FROM `resource` WHERE ( rname like '%超人%' and trash=0 )  [ RunTime:0.0004s ]
INFO: [ app_end ] --START--
INFO: Run Behavior\ShowPageTraceBehavior [ RunTime:0.000742s ]
INFO: [ app_end ] --END-- [ RunTime:0.000797s ]

[ 2016-09-06T12:47:01+08:00 ] 127.0.0.1 /index.php/Admin/Resource/search
INFO: [ app_init ] --START--
INFO: Run Behavior\BuildLiteBehavior [ RunTime:0.000016s ]
INFO: [ app_init ] --END-- [ RunTime:0.000596s ]
INFO: [ app_begin ] --START--
INFO: Run Behavior\ReadHtmlCacheBehavior [ RunTime:0.000703s ]
INFO: [ app_begin ] --END-- [ RunTime:0.000797s ]
SQL: SHOW COLUMNS FROM `resource` [ RunTime:0.0147s ]
SQL: SELECT * FROM `resource` WHERE ( rname like '%%' and trash=0 )  [ RunTime:0.0005s ]
INFO: [ app_end ] --START--
INFO: Run Behavior\ShowPageTraceBehavior [ RunTime:0.000774s ]
INFO: [ app_end ] --END-- [ RunTime:0.000843s ]

[ 2016-09-06T12:47:06+08:00 ] 127.0.0.1 /index.php/Admin/Resource/showList
INFO: [ app_init ] --START--
INFO: Run Behavior\BuildLiteBehavior [ RunTime:0.000024s ]
INFO: [ app_init ] --END-- [ RunTime:0.000881s ]

[ 2016-09-06T12:47:10+08:00 ] 127.0.0.1 /index.php/Admin/Resource/showList
INFO: [ app_init ] --START--
INFO: Run Behavior\BuildLiteBehavior [ RunTime:0.000016s ]
INFO: [ app_init ] --END-- [ RunTime:0.000573s ]

[ 2016-09-06T12:47:13+08:00 ] 127.0.0.1 /index.php/Admin/Resource/showList
INFO: [ app_init ] --START--
INFO: Run Behavior\BuildLiteBehavior [ RunTime:0.000016s ]
INFO: [ app_init ] --END-- [ RunTime:0.000496s ]

[ 2016-09-06T12:47:28+08:00 ] 127.0.0.1 /index.php/Admin/Resource/showList/p/2.html
INFO: [ app_init ] --START--
INFO: Run Behavior\BuildLiteBehavior [ RunTime:0.000013s ]
INFO: [ app_init ] --END-- [ RunTime:0.000539s ]

[ 2016-09-06T12:47:32+08:00 ] 127.0.0.1 /index.php/Admin/Resource/showList/p/1.html
INFO: [ app_init ] --START--
INFO: Run Behavior\BuildLiteBehavior [ RunTime:0.000015s ]
INFO: [ app_init ] --END-- [ RunTime:0.000452s ]

[ 2016-09-06T12:47:36+08:00 ] 127.0.0.1 /index.php/Admin/Resource/add
INFO: [ app_init ] --START--
INFO: Run Behavior\BuildLiteBehavior [ RunTime:0.000014s ]
INFO: [ app_init ] --END-- [ RunTime:0.000548s ]

[ 2016-09-06T12:47:49+08:00 ] 127.0.0.1 /index.php/Admin/Resource/showList
INFO: [ app_init ] --START--
INFO: Run Behavior\BuildLiteBehavior [ RunTime:0.000015s ]
INFO: [ app_init ] --END-- [ RunTime:0.000571s ]

[ 2016-09-06T12:47:54+08:00 ] 127.0.0.1 /index.php/Admin/Resource/edit/rid/1
INFO: [ app_init ] --START--
INFO: Run Behavior\BuildLiteBehavior [ RunTime:0.000014s ]
INFO: [ app_init ] --END-- [ RunTime:0.000578s ]

[ 2016-09-06T12:48:57+08:00 ] 127.0.0.1 /index.php/Admin/Resource/showList
INFO: [ app_init ] --START--
INFO: Run Behavior\BuildLiteBehavior [ RunTime:0.000016s ]
INFO: [ app_init ] --END-- [ RunTime:0.000695s ]

[ 2016-09-06T12:49:10+08:00 ] 127.0.0.1 /index.php/Admin/Resource/edit/rid/1
INFO: [ app_init ] --START--
INFO: Run Behavior\BuildLiteBehavior [ RunTime:0.000018s ]
INFO: [ app_init ] --END-- [ RunTime:0.000568s ]

[ 2016-09-06T12:55:50+08:00 ] 127.0.0.1 /index.php/Admin/Resource/edit/rid/1
INFO: [ app_init ] --START--
INFO: Run Behavior\BuildLiteBehavior [ RunTime:0.000017s ]
INFO: [ app_init ] --END-- [ RunTime:0.000721s ]

[ 2016-09-06T12:55:54+08:00 ] 127.0.0.1 /index.php/Admin/Resource/update
INFO: [ app_init ] --START--
INFO: Run Behavior\BuildLiteBehavior [ RunTime:0.000014s ]
INFO: [ app_init ] --END-- [ RunTime:0.000555s ]
ERR: 1064:You have an error in your SQL syntax; check the manual that corresponds to your MySQL server version for the right syntax to use near ')' at line 1
 [ SQL语句 ] : UPDATE `resource` SET `rpath`='/Public/Upload/2016-09-05/',`rid`='0' WHERE ( rid =  )

[ 2016-09-06T12:56:56+08:00 ] 127.0.0.1 /index.php/Admin/Resource/showlist
INFO: [ app_init ] --START--
INFO: Run Behavior\BuildLiteBehavior [ RunTime:0.000015s ]
INFO: [ app_init ] --END-- [ RunTime:0.000544s ]

[ 2016-09-06T12:57:03+08:00 ] 127.0.0.1 /index.php/Admin/Resource/showlist
INFO: [ app_init ] --START--
INFO: Run Behavior\BuildLiteBehavior [ RunTime:0.000034s ]
INFO: [ app_init ] --END-- [ RunTime:0.000858s ]

[ 2016-09-06T12:57:06+08:00 ] 127.0.0.1 /index.php/Admin/Resource/edit/rid/1
INFO: [ app_init ] --START--
INFO: Run Behavior\BuildLiteBehavior [ RunTime:0.000017s ]
INFO: [ app_init ] --END-- [ RunTime:0.000627s ]

[ 2016-09-06T12:57:14+08:00 ] 127.0.0.1 /index.php/Admin/Resource/update
INFO: [ app_init ] --START--
INFO: Run Behavior\BuildLiteBehavior [ RunTime:0.000029s ]
INFO: [ app_init ] --END-- [ RunTime:0.000450s ]
ERR: 1064:You have an error in your SQL syntax; check the manual that corresponds to your MySQL server version for the right syntax to use near ')' at line 1
 [ SQL语句 ] : UPDATE `resource` SET `rpath`='/Public/Upload/2016-09-05/',`rid`='0' WHERE ( rid =  )

[ 2016-09-06T12:57:53+08:00 ] 127.0.0.1 /index.php/Admin/Resource/update
INFO: [ app_init ] --START--
INFO: Run Behavior\BuildLiteBehavior [ RunTime:0.000024s ]
INFO: [ app_init ] --END-- [ RunTime:0.000616s ]
ERR: 1064:You have an error in your SQL syntax; check the manual that corresponds to your MySQL server version for the right syntax to use near ')' at line 1
 [ SQL语句 ] : UPDATE `resource` SET `rpath`='/Public/Upload/2016-09-05/',`rid`='0' WHERE ( rid =  )

[ 2016-09-06T12:57:58+08:00 ] 127.0.0.1 /index.php/Admin/Resource/update
INFO: [ app_init ] --START--
INFO: Run Behavior\BuildLiteBehavior [ RunTime:0.000013s ]
INFO: [ app_init ] --END-- [ RunTime:0.000479s ]
ERR: 1064:You have an error in your SQL syntax; check the manual that corresponds to your MySQL server version for the right syntax to use near ')' at line 1
 [ SQL语句 ] : UPDATE `resource` SET `rpath`='/Public/Upload/2016-09-05/',`rid`='0' WHERE ( rid =  )

[ 2016-09-06T12:58:06+08:00 ] 127.0.0.1 /index.php/Admin/Resource/showList
INFO: [ app_init ] --START--
INFO: Run Behavior\BuildLiteBehavior [ RunTime:0.000015s ]
INFO: [ app_init ] --END-- [ RunTime:0.000513s ]

[ 2016-09-06T12:58:10+08:00 ] 127.0.0.1 /index.php/Admin/Resource/edit/rid/1
INFO: [ app_init ] --START--
INFO: Run Behavior\BuildLiteBehavior [ RunTime:0.000023s ]
INFO: [ app_init ] --END-- [ RunTime:0.000811s ]

[ 2016-09-06T12:58:16+08:00 ] 127.0.0.1 /index.php/Admin/Resource/update
INFO: [ app_init ] --START--
INFO: Run Behavior\BuildLiteBehavior [ RunTime:0.000018s ]
INFO: [ app_init ] --END-- [ RunTime:0.000652s ]
ERR: 1064:You have an error in your SQL syntax; check the manual that corresponds to your MySQL server version for the right syntax to use near ')' at line 1
 [ SQL语句 ] : UPDATE `resource` SET `rpath`='/Public/Upload/2016-09-05/',`rid`='0' WHERE ( rid =  )

[ 2016-09-06T12:59:22+08:00 ] 127.0.0.1 /index.php/Admin/Resource/showList
INFO: [ app_init ] --START--
INFO: Run Behavior\BuildLiteBehavior [ RunTime:0.000016s ]
INFO: [ app_init ] --END-- [ RunTime:0.000630s ]

[ 2016-09-06T12:59:26+08:00 ] 127.0.0.1 /index.php/Admin/Resource/edit/rid/1
INFO: [ app_init ] --START--
INFO: Run Behavior\BuildLiteBehavior [ RunTime:0.000015s ]
INFO: [ app_init ] --END-- [ RunTime:0.000505s ]

[ 2016-09-06T13:00:06+08:00 ] 127.0.0.1 /index.php/Admin/Resource/edit/rid/1
INFO: [ app_init ] --START--
INFO: Run Behavior\BuildLiteBehavior [ RunTime:0.000030s ]
INFO: [ app_init ] --END-- [ RunTime:0.000811s ]

[ 2016-09-06T13:00:10+08:00 ] 127.0.0.1 /index.php/Admin/Resource/edit/rid/1
INFO: [ app_init ] --START--
INFO: Run Behavior\BuildLiteBehavior [ RunTime:0.000016s ]
INFO: [ app_init ] --END-- [ RunTime:0.000470s ]

[ 2016-09-06T13:00:14+08:00 ] 127.0.0.1 /index.php/Admin/Resource/update
INFO: [ app_init ] --START--
INFO: Run Behavior\BuildLiteBehavior [ RunTime:0.000022s ]
INFO: [ app_init ] --END-- [ RunTime:0.000778s ]
ERR: 1064:You have an error in your SQL syntax; check the manual that corresponds to your MySQL server version for the right syntax to use near ')' at line 1
 [ SQL语句 ] : UPDATE `resource` SET `rpath`='/Public/Upload/2016-09-05/',`rid`='0' WHERE ( rid =  )

[ 2016-09-06T13:00:38+08:00 ] 127.0.0.1 /index.php/Admin/Resource/update
INFO: [ app_init ] --START--
INFO: Run Behavior\BuildLiteBehavior [ RunTime:0.000015s ]
INFO: [ app_init ] --END-- [ RunTime:0.000528s ]
ERR: 1064:You have an error in your SQL syntax; check the manual that corresponds to your MySQL server version for the right syntax to use near ')' at line 1
 [ SQL语句 ] : UPDATE `resource` SET `rpath`='/Public/Upload/2016-09-05/',`rid`='0' WHERE ( rid =  )

[ 2016-09-06T13:00:46+08:00 ] 127.0.0.1 /index.php/Admin/Resource/showList
INFO: [ app_init ] --START--
INFO: Run Behavior\BuildLiteBehavior [ RunTime:0.000015s ]
INFO: [ app_init ] --END-- [ RunTime:0.000553s ]

[ 2016-09-06T13:00:49+08:00 ] 127.0.0.1 /index.php/Admin/Resource/edit/rid/1
INFO: [ app_init ] --START--
INFO: Run Behavior\BuildLiteBehavior [ RunTime:0.000022s ]
INFO: [ app_init ] --END-- [ RunTime:0.000670s ]

[ 2016-09-06T13:00:54+08:00 ] 127.0.0.1 /index.php/Admin/Resource/update
INFO: [ app_init ] --START--
INFO: Run Behavior\BuildLiteBehavior [ RunTime:0.000014s ]
INFO: [ app_init ] --END-- [ RunTime:0.000497s ]
ERR: 1064:You have an error in your SQL syntax; check the manual that corresponds to your MySQL server version for the right syntax to use near ')' at line 1
 [ SQL语句 ] : UPDATE `resource` SET `rname`='死亡诗社BD国英双语双字.mkv',`rpath`='/Public/Upload/2016-09-05/',`rid`='0' WHERE ( rid =  )

[ 2016-09-06T13:01:35+08:00 ] 127.0.0.1 /index.php/Admin/Resource/update
INFO: [ app_init ] --START--
INFO: Run Behavior\BuildLiteBehavior [ RunTime:0.000016s ]
INFO: [ app_init ] --END-- [ RunTime:0.000475s ]
ERR: 1064:You have an error in your SQL syntax; check the manual that corresponds to your MySQL server version for the right syntax to use near ')' at line 1
 [ SQL语句 ] : UPDATE `resource` SET `rname`='死亡诗社BD国英双语双字.mkv',`rpath`='/Public/Upload/2016-09-05/',`rid`='0' WHERE ( rid =  )

[ 2016-09-06T13:01:44+08:00 ] 127.0.0.1 /index.php/Admin/Resource/showList
INFO: [ app_init ] --START--
INFO: Run Behavior\BuildLiteBehavior [ RunTime:0.000015s ]
INFO: [ app_init ] --END-- [ RunTime:0.000639s ]

[ 2016-09-06T13:01:48+08:00 ] 127.0.0.1 /index.php/Admin/Resource/edit/rid/1
INFO: [ app_init ] --START--
INFO: Run Behavior\BuildLiteBehavior [ RunTime:0.000023s ]
INFO: [ app_init ] --END-- [ RunTime:0.000548s ]

[ 2016-09-06T13:01:55+08:00 ] 127.0.0.1 /index.php/Admin/Resource/update
INFO: [ app_init ] --START--
INFO: Run Behavior\BuildLiteBehavior [ RunTime:0.000015s ]
INFO: [ app_init ] --END-- [ RunTime:0.000583s ]

[ 2016-09-06T13:01:57+08:00 ] 127.0.0.1 /index.php/Admin/Resource/showlist.html
INFO: [ app_init ] --START--
INFO: Run Behavior\BuildLiteBehavior [ RunTime:0.000014s ]
INFO: [ app_init ] --END-- [ RunTime:0.000639s ]

[ 2016-09-06T13:07:54+08:00 ] 127.0.0.1 /index.php/Admin/Resource/showlist.html
INFO: [ app_init ] --START--
INFO: Run Behavior\BuildLiteBehavior [ RunTime:0.000016s ]
INFO: [ app_init ] --END-- [ RunTime:0.000708s ]

[ 2016-09-06T13:07:59+08:00 ] 127.0.0.1 /index.php/Admin/Resource/showlist/p/2.html
INFO: [ app_init ] --START--
INFO: Run Behavior\BuildLiteBehavior [ RunTime:0.000023s ]
INFO: [ app_init ] --END-- [ RunTime:0.000743s ]

[ 2016-09-06T13:08:04+08:00 ] 127.0.0.1 /index.php/Admin/Resource/del/rid/12
INFO: [ app_init ] --START--
INFO: Run Behavior\BuildLiteBehavior [ RunTime:0.000021s ]
INFO: [ app_init ] --END-- [ RunTime:0.000562s ]

[ 2016-09-06T13:08:27+08:00 ] 127.0.0.1 /index.php/Admin/Resource/del/rid/12
INFO: [ app_init ] --START--
INFO: Run Behavior\BuildLiteBehavior [ RunTime:0.000014s ]
INFO: [ app_init ] --END-- [ RunTime:0.000891s ]

[ 2016-09-06T13:08:29+08:00 ] 127.0.0.1 /index.php/Admin/Resource/showlist/p/2.html
INFO: [ app_init ] --START--
INFO: Run Behavior\BuildLiteBehavior [ RunTime:0.000017s ]
INFO: [ app_init ] --END-- [ RunTime:0.000553s ]

[ 2016-09-06T13:08:43+08:00 ] 127.0.0.1 /index.php/Admin/Resource/showlist/p/1.html
INFO: [ app_init ] --START--
INFO: Run Behavior\BuildLiteBehavior [ RunTime:0.000014s ]
INFO: [ app_init ] --END-- [ RunTime:0.000513s ]

[ 2016-09-06T13:08:47+08:00 ] 127.0.0.1 /index.php/Admin/Resource/showlist/p/2.html
INFO: [ app_init ] --START--
INFO: Run Behavior\BuildLiteBehavior [ RunTime:0.000015s ]
INFO: [ app_init ] --END-- [ RunTime:0.000508s ]

[ 2016-09-06T13:08:56+08:00 ] 127.0.0.1 /index.php/Admin/Resource/del/rid/12
INFO: [ app_init ] --START--
INFO: Run Behavior\BuildLiteBehavior [ RunTime:0.000018s ]
INFO: [ app_init ] --END-- [ RunTime:0.000664s ]

[ 2016-09-06T13:09:03+08:00 ] 127.0.0.1 /index.php/Admin/Resource/del/rid/12
INFO: [ app_init ] --START--
INFO: Run Behavior\BuildLiteBehavior [ RunTime:0.000016s ]
INFO: [ app_init ] --END-- [ RunTime:0.000664s ]

[ 2016-09-06T13:09:09+08:00 ] 127.0.0.1 /index.php/Admin/Resource/showlist/p/2.html
INFO: [ app_init ] --START--
INFO: Run Behavior\BuildLiteBehavior [ RunTime:0.000015s ]
INFO: [ app_init ] --END-- [ RunTime:0.000448s ]

[ 2016-09-06T13:09:11+08:00 ] 127.0.0.1 /index.php/Admin/Resource/showlist/p/2.html
INFO: [ app_init ] --START--
INFO: Run Behavior\BuildLiteBehavior [ RunTime:0.000017s ]
INFO: [ app_init ] --END-- [ RunTime:0.000535s ]

[ 2016-09-06T13:09:20+08:00 ] 127.0.0.1 /index.php/Admin/Resource/trash
INFO: [ app_init ] --START--
INFO: Run Behavior\BuildLiteBehavior [ RunTime:0.000015s ]
INFO: [ app_init ] --END-- [ RunTime:0.000510s ]

[ 2016-09-06T13:09:29+08:00 ] 127.0.0.1 /index.php/Admin/Resource/showList
INFO: [ app_init ] --START--
INFO: Run Behavior\BuildLiteBehavior [ RunTime:0.000016s ]
INFO: [ app_init ] --END-- [ RunTime:0.000537s ]

[ 2016-09-06T13:09:36+08:00 ] 127.0.0.1 /index.php/Admin/Resource/showList/p/2.html
INFO: [ app_init ] --START--
INFO: Run Behavior\BuildLiteBehavior [ RunTime:0.000015s ]
INFO: [ app_init ] --END-- [ RunTime:0.000538s ]

[ 2016-09-06T13:11:06+08:00 ] 127.0.0.1 /index.php/Admin/Resource/showList/p/2.html
INFO: [ app_init ] --START--
INFO: Run Behavior\BuildLiteBehavior [ RunTime:0.000027s ]
INFO: [ app_init ] --END-- [ RunTime:0.000568s ]

[ 2016-09-06T13:11:13+08:00 ] 127.0.0.1 /index.php/Admin/Resource/del/rid/12
INFO: [ app_init ] --START--
INFO: Run Behavior\BuildLiteBehavior [ RunTime:0.000016s ]
INFO: [ app_init ] --END-- [ RunTime:0.000472s ]

[ 2016-09-06T13:11:38+08:00 ] 127.0.0.1 /index.php/Admin/Resource/showList/p/2.html
INFO: [ app_init ] --START--
INFO: Run Behavior\BuildLiteBehavior [ RunTime:0.000014s ]
INFO: [ app_init ] --END-- [ RunTime:0.000544s ]

[ 2016-09-06T13:11:40+08:00 ] 127.0.0.1 /index.php/Admin/Resource/showList/p/2.html
INFO: [ app_init ] --START--
INFO: Run Behavior\BuildLiteBehavior [ RunTime:0.000018s ]
INFO: [ app_init ] --END-- [ RunTime:0.000519s ]

[ 2016-09-06T13:11:45+08:00 ] 127.0.0.1 /index.php/Admin/Resource/del/rid/12
INFO: [ app_init ] --START--
INFO: Run Behavior\BuildLiteBehavior [ RunTime:0.000020s ]
INFO: [ app_init ] --END-- [ RunTime:0.000664s ]

[ 2016-09-06T13:11:47+08:00 ] 127.0.0.1 /index.php/Admin/Resource/showlist.html
INFO: [ app_init ] --START--
INFO: Run Behavior\BuildLiteBehavior [ RunTime:0.000017s ]
INFO: [ app_init ] --END-- [ RunTime:0.000475s ]

[ 2016-09-06T13:11:50+08:00 ] 127.0.0.1 /index.php/Admin/Resource/showlist/p/2.html
INFO: [ app_init ] --START--
INFO: Run Behavior\BuildLiteBehavior [ RunTime:0.000015s ]
INFO: [ app_init ] --END-- [ RunTime:0.000504s ]

[ 2016-09-06T13:12:04+08:00 ] 127.0.0.1 /index.php/Admin/Resource/showlist/p/1.html
INFO: [ app_init ] --START--
INFO: Run Behavior\BuildLiteBehavior [ RunTime:0.000016s ]
INFO: [ app_init ] --END-- [ RunTime:0.000437s ]

[ 2016-09-06T13:12:15+08:00 ] 127.0.0.1 /index.php/Admin/Resource/showlist/p/2.html
INFO: [ app_init ] --START--
INFO: Run Behavior\BuildLiteBehavior [ RunTime:0.000021s ]
INFO: [ app_init ] --END-- [ RunTime:0.000649s ]

[ 2016-09-06T13:17:43+08:00 ] 127.0.0.1 /index.php/Admin/Resource/showlist/p/1.html
INFO: [ app_init ] --START--
INFO: Run Behavior\BuildLiteBehavior [ RunTime:0.000019s ]
INFO: [ app_init ] --END-- [ RunTime:0.000750s ]

[ 2016-09-06T13:17:47+08:00 ] 127.0.0.1 /index.php/Admin/Resource/showlist/p/2.html
INFO: [ app_init ] --START--
INFO: Run Behavior\BuildLiteBehavior [ RunTime:0.000015s ]
INFO: [ app_init ] --END-- [ RunTime:0.000520s ]

[ 2016-09-06T13:17:50+08:00 ] 127.0.0.1 /index.php/Admin/Resource/showlist/p/1.html
INFO: [ app_init ] --START--
INFO: Run Behavior\BuildLiteBehavior [ RunTime:0.000016s ]
INFO: [ app_init ] --END-- [ RunTime:0.000518s ]

[ 2016-09-06T13:17:54+08:00 ] 127.0.0.1 /index.php/Admin/Resource/showlist/p/2.html
INFO: [ app_init ] --START--
INFO: Run Behavior\BuildLiteBehavior [ RunTime:0.000015s ]
INFO: [ app_init ] --END-- [ RunTime:0.000504s ]

[ 2016-09-06T13:18:47+08:00 ] 127.0.0.1 /index.php/Admin/Resource/del/rid/11
INFO: [ app_init ] --START--
INFO: Run Behavior\BuildLiteBehavior [ RunTime:0.000016s ]
INFO: [ app_init ] --END-- [ RunTime:0.000584s ]

[ 2016-09-06T13:18:49+08:00 ] 127.0.0.1 /index.php/Admin/Resource/showlist.html
INFO: [ app_init ] --START--
INFO: Run Behavior\BuildLiteBehavior [ RunTime:0.000015s ]
INFO: [ app_init ] --END-- [ RunTime:0.000504s ]

[ 2016-09-06T13:18:53+08:00 ] 127.0.0.1 /index.php/Admin/Resource/showlist/p/2.html
INFO: [ app_init ] --START--
INFO: Run Behavior\BuildLiteBehavior [ RunTime:0.000018s ]
INFO: [ app_init ] --END-- [ RunTime:0.000482s ]

[ 2016-09-06T13:19:00+08:00 ] 127.0.0.1 /index.php/Admin/Resource/showlist/p/2.html
INFO: [ app_init ] --START--
INFO: Run Behavior\BuildLiteBehavior [ RunTime:0.000015s ]
INFO: [ app_init ] --END-- [ RunTime:0.000467s ]

[ 2016-09-06T13:19:03+08:00 ] 127.0.0.1 /index.php/Admin/Resource/showlist/p/1.html
INFO: [ app_init ] --START--
INFO: Run Behavior\BuildLiteBehavior [ RunTime:0.000014s ]
INFO: [ app_init ] --END-- [ RunTime:0.000522s ]

[ 2016-09-06T13:31:36+08:00 ] 127.0.0.1 /index.php/Admin/Resource/trash
INFO: [ app_init ] --START--
INFO: Run Behavior\BuildLiteBehavior [ RunTime:0.000016s ]
INFO: [ app_init ] --END-- [ RunTime:0.000541s ]

[ 2016-09-06T13:32:28+08:00 ] 127.0.0.1 /index.php/Admin/Resource/trash
INFO: [ app_init ] --START--
INFO: Run Behavior\BuildLiteBehavior [ RunTime:0.000015s ]
INFO: [ app_init ] --END-- [ RunTime:0.000514s ]

[ 2016-09-06T14:09:32+08:00 ] 127.0.0.1 /index.php/Admin/Resource/trash
INFO: [ app_init ] --START--
INFO: Run Behavior\BuildLiteBehavior [ RunTime:0.000014s ]
INFO: [ app_init ] --END-- [ RunTime:0.000614s ]

[ 2016-09-06T14:11:05+08:00 ] 127.0.0.1 /index.php/Admin/Resource/trash
INFO: [ app_init ] --START--
INFO: Run Behavior\BuildLiteBehavior [ RunTime:0.000025s ]
INFO: [ app_init ] --END-- [ RunTime:0.000746s ]

[ 2016-09-06T14:11:38+08:00 ] 127.0.0.1 /index.php/Admin/Resource/edit/rid/11
INFO: [ app_init ] --START--
INFO: Run Behavior\BuildLiteBehavior [ RunTime:0.000015s ]
INFO: [ app_init ] --END-- [ RunTime:0.000657s ]

[ 2016-09-06T14:11:51+08:00 ] 127.0.0.1 /index.php/Admin/Resource/update
INFO: [ app_init ] --START--
INFO: Run Behavior\BuildLiteBehavior [ RunTime:0.000020s ]
INFO: [ app_init ] --END-- [ RunTime:0.000543s ]

[ 2016-09-06T14:11:53+08:00 ] 127.0.0.1 /index.php/Admin/Resource/showlist.html
INFO: [ app_init ] --START--
INFO: Run Behavior\BuildLiteBehavior [ RunTime:0.000017s ]
INFO: [ app_init ] --END-- [ RunTime:0.001141s ]

[ 2016-09-06T14:11:58+08:00 ] 127.0.0.1 /index.php/Admin/Resource/showlist/p/2.html
INFO: [ app_init ] --START--
INFO: Run Behavior\BuildLiteBehavior [ RunTime:0.000016s ]
INFO: [ app_init ] --END-- [ RunTime:0.000512s ]

[ 2016-09-06T14:12:01+08:00 ] 127.0.0.1 /index.php/Admin/Resource/trash
INFO: [ app_init ] --START--
INFO: Run Behavior\BuildLiteBehavior [ RunTime:0.000014s ]
INFO: [ app_init ] --END-- [ RunTime:0.000497s ]

[ 2016-09-06T14:14:05+08:00 ] 127.0.0.1 /index.php/Admin/Resource/showList
INFO: [ app_init ] --START--
INFO: Run Behavior\BuildLiteBehavior [ RunTime:0.000022s ]
INFO: [ app_init ] --END-- [ RunTime:0.000754s ]

[ 2016-09-06T14:14:10+08:00 ] 127.0.0.1 /index.php/Admin/Resource/showList
INFO: [ app_init ] --START--
INFO: Run Behavior\BuildLiteBehavior [ RunTime:0.000015s ]
INFO: [ app_init ] --END-- [ RunTime:0.000439s ]

[ 2016-09-06T14:14:27+08:00 ] 127.0.0.1 /index.php/Admin/Resource/showList
INFO: [ app_init ] --START--
INFO: Run Behavior\BuildLiteBehavior [ RunTime:0.000015s ]
INFO: [ app_init ] --END-- [ RunTime:0.000497s ]

[ 2016-09-06T14:14:31+08:00 ] 127.0.0.1 /index.php/Admin/Resource/showList
INFO: [ app_init ] --START--
INFO: Run Behavior\BuildLiteBehavior [ RunTime:0.000014s ]
INFO: [ app_init ] --END-- [ RunTime:0.000495s ]

[ 2016-09-06T14:14:40+08:00 ] 127.0.0.1 /index.php/Admin/Resource/allDel
INFO: [ app_init ] --START--
INFO: Run Behavior\BuildLiteBehavior [ RunTime:0.000027s ]
INFO: [ app_init ] --END-- [ RunTime:0.000637s ]
ERR: 非法操作:allDel

[ 2016-09-06T14:25:57+08:00 ] 127.0.0.1 /index.php/Admin/Resource/showList
INFO: [ app_init ] --START--
INFO: Run Behavior\BuildLiteBehavior [ RunTime:0.000016s ]
INFO: [ app_init ] --END-- [ RunTime:0.000652s ]

[ 2016-09-06T14:26:02+08:00 ] 127.0.0.1 /index.php/Admin/Resource/showList/p/2.html
INFO: [ app_init ] --START--
INFO: Run Behavior\BuildLiteBehavior [ RunTime:0.000016s ]
INFO: [ app_init ] --END-- [ RunTime:0.000512s ]

[ 2016-09-06T14:26:07+08:00 ] 127.0.0.1 /index.php/Admin/Resource/allDel
INFO: [ app_init ] --START--
INFO: Run Behavior\BuildLiteBehavior [ RunTime:0.000015s ]
INFO: [ app_init ] --END-- [ RunTime:0.000538s ]

[ 2016-09-06T14:26:17+08:00 ] 127.0.0.1 /index.php/Admin/Resource/showList
INFO: [ app_init ] --START--
INFO: Run Behavior\BuildLiteBehavior [ RunTime:0.000014s ]
INFO: [ app_init ] --END-- [ RunTime:0.000532s ]

[ 2016-09-06T14:27:24+08:00 ] 127.0.0.1 /index.php/Admin/Resource/showList
INFO: [ app_init ] --START--
INFO: Run Behavior\BuildLiteBehavior [ RunTime:0.000014s ]
INFO: [ app_init ] --END-- [ RunTime:0.000549s ]

[ 2016-09-06T14:27:31+08:00 ] 127.0.0.1 /index.php/Admin/Resource/showList/p/2.html
INFO: [ app_init ] --START--
INFO: Run Behavior\BuildLiteBehavior [ RunTime:0.000017s ]
INFO: [ app_init ] --END-- [ RunTime:0.000476s ]

[ 2016-09-06T14:27:37+08:00 ] 127.0.0.1 /index.php/Admin/Resource/allDel
INFO: [ app_init ] --START--
INFO: Run Behavior\BuildLiteBehavior [ RunTime:0.000014s ]
INFO: [ app_init ] --END-- [ RunTime:0.000526s ]

[ 2016-09-06T14:29:22+08:00 ] 127.0.0.1 /index.php/Admin/Resource/allDel
INFO: [ app_init ] --START--
INFO: Run Behavior\BuildLiteBehavior [ RunTime:0.000018s ]
INFO: [ app_init ] --END-- [ RunTime:0.000526s ]

[ 2016-09-06T14:29:27+08:00 ] 127.0.0.1 /index.php/Admin/Resource/showList/p/1.html
INFO: [ app_init ] --START--
INFO: Run Behavior\BuildLiteBehavior [ RunTime:0.000014s ]
INFO: [ app_init ] --END-- [ RunTime:0.000624s ]

[ 2016-09-06T14:29:32+08:00 ] 127.0.0.1 /index.php/Admin/Resource/allDel
INFO: [ app_init ] --START--
INFO: Run Behavior\BuildLiteBehavior [ RunTime:0.000015s ]
INFO: [ app_init ] --END-- [ RunTime:0.000452s ]

[ 2016-09-06T14:29:59+08:00 ] 127.0.0.1 /index.php/Admin/Resource/showList/p/2.html
INFO: [ app_init ] --START--
INFO: Run Behavior\BuildLiteBehavior [ RunTime:0.000015s ]
INFO: [ app_init ] --END-- [ RunTime:0.000546s ]

[ 2016-09-06T14:30:02+08:00 ] 127.0.0.1 /index.php/Admin/Resource/showList/p/1.html
INFO: [ app_init ] --START--
INFO: Run Behavior\BuildLiteBehavior [ RunTime:0.000021s ]
INFO: [ app_init ] --END-- [ RunTime:0.000579s ]

[ 2016-09-06T14:37:01+08:00 ] 127.0.0.1 /index.php/Admin/Resource/showList/p/2.html
INFO: [ app_init ] --START--
INFO: Run Behavior\BuildLiteBehavior [ RunTime:0.000014s ]
INFO: [ app_init ] --END-- [ RunTime:0.000543s ]

[ 2016-09-06T14:37:11+08:00 ] 127.0.0.1 /index.php/Admin/Resource/allDel
INFO: [ app_init ] --START--
INFO: Run Behavior\BuildLiteBehavior [ RunTime:0.000014s ]
INFO: [ app_init ] --END-- [ RunTime:0.000535s ]

[ 2016-09-06T14:37:14+08:00 ] 127.0.0.1 /index.php/Admin/Resource/showlist.html
INFO: [ app_init ] --START--
INFO: Run Behavior\BuildLiteBehavior [ RunTime:0.000018s ]
INFO: [ app_init ] --END-- [ RunTime:0.000565s ]

[ 2016-09-06T14:37:19+08:00 ] 127.0.0.1 /index.php/Admin/Resource/trash
INFO: [ app_init ] --START--
INFO: Run Behavior\BuildLiteBehavior [ RunTime:0.000014s ]
INFO: [ app_init ] --END-- [ RunTime:0.000506s ]

[ 2016-09-06T14:37:48+08:00 ] 127.0.0.1 /index.php/Admin/Resource/showList
INFO: [ app_init ] --START--
INFO: Run Behavior\BuildLiteBehavior [ RunTime:0.000027s ]
INFO: [ app_init ] --END-- [ RunTime:0.000694s ]

[ 2016-09-06T14:37:50+08:00 ] 127.0.0.1 /index.php/Admin/Resource/add
INFO: [ app_init ] --START--
INFO: Run Behavior\BuildLiteBehavior [ RunTime:0.000020s ]
INFO: [ app_init ] --END-- [ RunTime:0.000553s ]

[ 2016-09-06T14:37:53+08:00 ] 127.0.0.1 /index.php/Admin/Resource/showList
INFO: [ app_init ] --START--
INFO: Run Behavior\BuildLiteBehavior [ RunTime:0.000022s ]
INFO: [ app_init ] --END-- [ RunTime:0.000601s ]

[ 2016-09-06T14:37:56+08:00 ] 127.0.0.1 /index.php/Admin/Resource/trash
INFO: [ app_init ] --START--
INFO: Run Behavior\BuildLiteBehavior [ RunTime:0.000015s ]
INFO: [ app_init ] --END-- [ RunTime:0.000518s ]

[ 2016-09-06T14:39:03+08:00 ] 127.0.0.1 /index.php/Admin/Resource/trash
INFO: [ app_init ] --START--
INFO: Run Behavior\BuildLiteBehavior [ RunTime:0.000018s ]
INFO: [ app_init ] --END-- [ RunTime:0.000493s ]

[ 2016-09-06T14:39:06+08:00 ] 127.0.0.1 /index.php/Admin/Resource/trash
INFO: [ app_init ] --START--
INFO: Run Behavior\BuildLiteBehavior [ RunTime:0.000016s ]
INFO: [ app_init ] --END-- [ RunTime:0.000540s ]

[ 2016-09-06T14:39:08+08:00 ] 127.0.0.1 /index.php/Admin/Resource/trash
INFO: [ app_init ] --START--
INFO: Run Behavior\BuildLiteBehavior [ RunTime:0.000032s ]
INFO: [ app_init ] --END-- [ RunTime:0.001238s ]

[ 2016-09-06T14:41:31+08:00 ] 127.0.0.1 /index.php/Admin/Resource/trash
INFO: [ app_init ] --START--
INFO: Run Behavior\BuildLiteBehavior [ RunTime:0.000018s ]
INFO: [ app_init ] --END-- [ RunTime:0.000651s ]

[ 2016-09-06T14:41:36+08:00 ] 127.0.0.1 /index.php/Admin/Resource/trash
INFO: [ app_init ] --START--
INFO: Run Behavior\BuildLiteBehavior [ RunTime:0.000025s ]
INFO: [ app_init ] --END-- [ RunTime:0.000693s ]

[ 2016-09-06T14:41:38+08:00 ] 127.0.0.1 /index.php/Admin/Resource/trash
INFO: [ app_init ] --START--
INFO: Run Behavior\BuildLiteBehavior [ RunTime:0.000015s ]
INFO: [ app_init ] --END-- [ RunTime:0.000456s ]

[ 2016-09-06T14:41:50+08:00 ] 127.0.0.1 /index.php/Admin/Resource/trash
INFO: [ app_init ] --START--
INFO: Run Behavior\BuildLiteBehavior [ RunTime:0.000014s ]
INFO: [ app_init ] --END-- [ RunTime:0.000535s ]

[ 2016-09-06T14:43:51+08:00 ] 127.0.0.1 /index.php/Admin/Resource/add
INFO: [ app_init ] --START--
INFO: Run Behavior\BuildLiteBehavior [ RunTime:0.000015s ]
INFO: [ app_init ] --END-- [ RunTime:0.000611s ]

[ 2016-09-06T14:43:53+08:00 ] 127.0.0.1 /index.php/Admin/Resource/showList
INFO: [ app_init ] --START--
INFO: Run Behavior\BuildLiteBehavior [ RunTime:0.000015s ]
INFO: [ app_init ] --END-- [ RunTime:0.000466s ]

[ 2016-09-06T14:43:58+08:00 ] 127.0.0.1 /index.php/Admin/Resource/allDel
INFO: [ app_init ] --START--
INFO: Run Behavior\BuildLiteBehavior [ RunTime:0.000016s ]
INFO: [ app_init ] --END-- [ RunTime:0.000444s ]

[ 2016-09-06T14:44:00+08:00 ] 127.0.0.1 /index.php/Admin/Resource/showlist.html
INFO: [ app_init ] --START--
INFO: Run Behavior\BuildLiteBehavior [ RunTime:0.000016s ]
INFO: [ app_init ] --END-- [ RunTime:0.000478s ]

[ 2016-09-06T14:44:03+08:00 ] 127.0.0.1 /index.php/Admin/Resource/trash
INFO: [ app_init ] --START--
INFO: Run Behavior\BuildLiteBehavior [ RunTime:0.000014s ]
INFO: [ app_init ] --END-- [ RunTime:0.000450s ]

[ 2016-09-06T14:44:18+08:00 ] 127.0.0.1 /index.php/Admin/Resource/showList
INFO: [ app_init ] --START--
INFO: Run Behavior\BuildLiteBehavior [ RunTime:0.000014s ]
INFO: [ app_init ] --END-- [ RunTime:0.000561s ]

[ 2016-09-06T14:44:25+08:00 ] 127.0.0.1 /index.php/Admin/Resource/allDel
INFO: [ app_init ] --START--
INFO: Run Behavior\BuildLiteBehavior [ RunTime:0.000015s ]
INFO: [ app_init ] --END-- [ RunTime:0.000535s ]

[ 2016-09-06T14:44:27+08:00 ] 127.0.0.1 /index.php/Admin/Resource/showlist.html
INFO: [ app_init ] --START--
INFO: Run Behavior\BuildLiteBehavior [ RunTime:0.000015s ]
INFO: [ app_init ] --END-- [ RunTime:0.000601s ]

[ 2016-09-06T14:44:32+08:00 ] 127.0.0.1 /index.php/Admin/Resource/trash
INFO: [ app_init ] --START--
INFO: Run Behavior\BuildLiteBehavior [ RunTime:0.000017s ]
INFO: [ app_init ] --END-- [ RunTime:0.000488s ]

[ 2016-09-06T14:48:42+08:00 ] 127.0.0.1 /index.php/Admin/Resource/trash
INFO: [ app_init ] --START--
INFO: Run Behavior\BuildLiteBehavior [ RunTime:0.000019s ]
INFO: [ app_init ] --END-- [ RunTime:0.000819s ]

[ 2016-09-06T14:48:44+08:00 ] 127.0.0.1 /index.php/Admin/Resource/trash
INFO: [ app_init ] --START--
INFO: Run Behavior\BuildLiteBehavior [ RunTime:0.000014s ]
INFO: [ app_init ] --END-- [ RunTime:0.000554s ]

[ 2016-09-06T14:48:46+08:00 ] 127.0.0.1 /index.php/Admin/Resource/trash
INFO: [ app_init ] --START--
INFO: Run Behavior\BuildLiteBehavior [ RunTime:0.000020s ]
INFO: [ app_init ] --END-- [ RunTime:0.000787s ]

[ 2016-09-06T14:48:48+08:00 ] 127.0.0.1 /index.php/Admin/Resource/trash
INFO: [ app_init ] --START--
INFO: Run Behavior\BuildLiteBehavior [ RunTime:0.000014s ]
INFO: [ app_init ] --END-- [ RunTime:0.000498s ]

[ 2016-09-06T14:48:50+08:00 ] 127.0.0.1 /index.php/Admin/Resource/trash
INFO: [ app_init ] --START--
INFO: Run Behavior\BuildLiteBehavior [ RunTime:0.000016s ]
INFO: [ app_init ] --END-- [ RunTime:0.000464s ]

[ 2016-09-06T14:49:37+08:00 ] 127.0.0.1 /index.php/Admin/Resource/showList
INFO: [ app_init ] --START--
INFO: Run Behavior\BuildLiteBehavior [ RunTime:0.000017s ]
INFO: [ app_init ] --END-- [ RunTime:0.000624s ]

[ 2016-09-06T14:49:42+08:00 ] 127.0.0.1 /index.php/Admin/Resource/add
INFO: [ app_init ] --START--
INFO: Run Behavior\BuildLiteBehavior [ RunTime:0.000014s ]
INFO: [ app_init ] --END-- [ RunTime:0.000498s ]

[ 2016-09-06T14:49:46+08:00 ] 127.0.0.1 /index.php/Admin/Resource/showList
INFO: [ app_init ] --START--
INFO: Run Behavior\BuildLiteBehavior [ RunTime:0.000015s ]
INFO: [ app_init ] --END-- [ RunTime:0.000500s ]

[ 2016-09-06T14:50:00+08:00 ] 127.0.0.1 /index.php/Admin/Resource/trash
INFO: [ app_init ] --START--
INFO: Run Behavior\BuildLiteBehavior [ RunTime:0.000014s ]
INFO: [ app_init ] --END-- [ RunTime:0.000641s ]

[ 2016-09-06T14:50:05+08:00 ] 127.0.0.1 /index.php/Admin/Resource/trash/p/2.html
INFO: [ app_init ] --START--
INFO: Run Behavior\BuildLiteBehavior [ RunTime:0.000014s ]
INFO: [ app_init ] --END-- [ RunTime:0.000566s ]

[ 2016-09-06T14:50:10+08:00 ] 127.0.0.1 /index.php/Admin/Resource/trash/p/1.html
INFO: [ app_init ] --START--
INFO: Run Behavior\BuildLiteBehavior [ RunTime:0.000014s ]
INFO: [ app_init ] --END-- [ RunTime:0.000500s ]

[ 2016-09-06T14:50:34+08:00 ] 127.0.0.1 /index.php/Admin/Resource/allTrash
INFO: [ app_init ] --START--
INFO: Run Behavior\BuildLiteBehavior [ RunTime:0.000023s ]
INFO: [ app_init ] --END-- [ RunTime:0.000927s ]
ERR: 非法操作:allTrash

[ 2016-09-06T15:00:42+08:00 ] 127.0.0.1 /index.php/Admin/Resource/allTrash
INFO: [ app_init ] --START--
INFO: Run Behavior\BuildLiteBehavior [ RunTime:0.000015s ]
INFO: [ app_init ] --END-- [ RunTime:0.000568s ]

[ 2016-09-06T15:00:53+08:00 ] 127.0.0.1 /index.php/Admin/Resource/allTrash
INFO: [ app_init ] --START--
INFO: Run Behavior\BuildLiteBehavior [ RunTime:0.000015s ]
INFO: [ app_init ] --END-- [ RunTime:0.000574s ]

[ 2016-09-06T15:00:57+08:00 ] 127.0.0.1 /index.php/Admin/Resource/allTrash
INFO: [ app_init ] --START--
INFO: Run Behavior\BuildLiteBehavior [ RunTime:0.000014s ]
INFO: [ app_init ] --END-- [ RunTime:0.000594s ]

[ 2016-09-06T15:03:02+08:00 ] 127.0.0.1 /index.php/Admin/Resource/allTrash
INFO: [ app_init ] --START--
INFO: Run Behavior\BuildLiteBehavior [ RunTime:0.000015s ]
INFO: [ app_init ] --END-- [ RunTime:0.000639s ]

[ 2016-09-06T15:14:09+08:00 ] 127.0.0.1 /index.php/Admin/Resource/trash/p/1.html
INFO: [ app_init ] --START--
INFO: Run Behavior\BuildLiteBehavior [ RunTime:0.000020s ]
INFO: [ app_init ] --END-- [ RunTime:0.000688s ]

[ 2016-09-06T15:14:12+08:00 ] 127.0.0.1 /index.php/Admin/Resource/trash/p/1.html
INFO: [ app_init ] --START--
INFO: Run Behavior\BuildLiteBehavior [ RunTime:0.000029s ]
INFO: [ app_init ] --END-- [ RunTime:0.000639s ]

[ 2016-09-06T15:14:19+08:00 ] 127.0.0.1 /index.php/Admin/Resource/allTrash
INFO: [ app_init ] --START--
INFO: Run Behavior\BuildLiteBehavior [ RunTime:0.000017s ]
INFO: [ app_init ] --END-- [ RunTime:0.000483s ]

[ 2016-09-06T15:14:21+08:00 ] 127.0.0.1 /index.php/Admin/Resource/showlist.html
INFO: [ app_init ] --START--
INFO: Run Behavior\BuildLiteBehavior [ RunTime:0.000015s ]
INFO: [ app_init ] --END-- [ RunTime:0.000698s ]

[ 2016-09-06T15:14:30+08:00 ] 127.0.0.1 /index.php/Admin/Resource/trash
INFO: [ app_init ] --START--
INFO: Run Behavior\BuildLiteBehavior [ RunTime:0.000026s ]
INFO: [ app_init ] --END-- [ RunTime:0.000988s ]

[ 2016-09-06T15:14:40+08:00 ] 127.0.0.1 /index.php/Admin/Resource/recover/rid/12
INFO: [ app_init ] --START--
INFO: Run Behavior\BuildLiteBehavior [ RunTime:0.000030s ]
INFO: [ app_init ] --END-- [ RunTime:0.001309s ]

[ 2016-09-06T15:14:42+08:00 ] 127.0.0.1 /index.php/Admin/Resource/showlist.html
INFO: [ app_init ] --START--
INFO: Run Behavior\BuildLiteBehavior [ RunTime:0.000027s ]
INFO: [ app_init ] --END-- [ RunTime:0.000645s ]

[ 2016-09-06T15:14:48+08:00 ] 127.0.0.1 /index.php/Admin/Resource/del/rid/12
INFO: [ app_init ] --START--
INFO: Run Behavior\BuildLiteBehavior [ RunTime:0.000026s ]
INFO: [ app_init ] --END-- [ RunTime:0.000616s ]

[ 2016-09-06T15:14:50+08:00 ] 127.0.0.1 /index.php/Admin/Resource/showlist.html
INFO: [ app_init ] --START--
INFO: Run Behavior\BuildLiteBehavior [ RunTime:0.000018s ]
INFO: [ app_init ] --END-- [ RunTime:0.000672s ]

[ 2016-09-06T15:14:54+08:00 ] 127.0.0.1 /index.php/Admin/Resource/add
INFO: [ app_init ] --START--
INFO: Run Behavior\BuildLiteBehavior [ RunTime:0.000018s ]
INFO: [ app_init ] --END-- [ RunTime:0.000532s ]

[ 2016-09-06T15:14:58+08:00 ] 127.0.0.1 /index.php/Admin/Resource/showList
INFO: [ app_init ] --START--
INFO: Run Behavior\BuildLiteBehavior [ RunTime:0.000018s ]
INFO: [ app_init ] --END-- [ RunTime:0.001082s ]

[ 2016-09-06T15:15:00+08:00 ] 127.0.0.1 /index.php/Admin/Resource/trash
INFO: [ app_init ] --START--
INFO: Run Behavior\BuildLiteBehavior [ RunTime:0.000022s ]
INFO: [ app_init ] --END-- [ RunTime:0.000761s ]

[ 2016-09-06T15:15:17+08:00 ] 127.0.0.1 /index.php/Admin/Resource/showList
INFO: [ app_init ] --START--
INFO: Run Behavior\BuildLiteBehavior [ RunTime:0.000016s ]
INFO: [ app_init ] --END-- [ RunTime:0.000446s ]

[ 2016-09-06T15:15:21+08:00 ] 127.0.0.1 /index.php/Admin/Resource/trash
INFO: [ app_init ] --START--
INFO: Run Behavior\BuildLiteBehavior [ RunTime:0.000014s ]
INFO: [ app_init ] --END-- [ RunTime:0.000557s ]

[ 2016-09-06T15:15:25+08:00 ] 127.0.0.1 /index.php/Admin/Resource/showList
INFO: [ app_init ] --START--
INFO: Run Behavior\BuildLiteBehavior [ RunTime:0.000014s ]
INFO: [ app_init ] --END-- [ RunTime:0.000580s ]

[ 2016-09-06T15:15:36+08:00 ] 127.0.0.1 /index.php/Admin/Resource/allDel
INFO: [ app_init ] --START--
INFO: Run Behavior\BuildLiteBehavior [ RunTime:0.000027s ]
INFO: [ app_init ] --END-- [ RunTime:0.000571s ]

[ 2016-09-06T15:15:38+08:00 ] 127.0.0.1 /index.php/Admin/Resource/showlist.html
INFO: [ app_init ] --START--
INFO: Run Behavior\BuildLiteBehavior [ RunTime:0.000017s ]
INFO: [ app_init ] --END-- [ RunTime:0.000658s ]

[ 2016-09-06T15:15:44+08:00 ] 127.0.0.1 /index.php/Admin/Resource/trash
INFO: [ app_init ] --START--
INFO: Run Behavior\BuildLiteBehavior [ RunTime:0.000015s ]
INFO: [ app_init ] --END-- [ RunTime:0.000538s ]

[ 2016-09-06T15:15:52+08:00 ] 127.0.0.1 /index.php/Admin/Resource/allTrash
INFO: [ app_init ] --START--
INFO: Run Behavior\BuildLiteBehavior [ RunTime:0.000016s ]
INFO: [ app_init ] --END-- [ RunTime:0.000478s ]

[ 2016-09-06T15:15:54+08:00 ] 127.0.0.1 /index.php/Admin/Resource/showlist.html
INFO: [ app_init ] --START--
INFO: Run Behavior\BuildLiteBehavior [ RunTime:0.000016s ]
INFO: [ app_init ] --END-- [ RunTime:0.000535s ]

[ 2016-09-06T15:15:58+08:00 ] 127.0.0.1 /index.php/Admin/Resource/trash
INFO: [ app_init ] --START--
INFO: Run Behavior\BuildLiteBehavior [ RunTime:0.000014s ]
INFO: [ app_init ] --END-- [ RunTime:0.000557s ]

[ 2016-09-06T15:16:03+08:00 ] 127.0.0.1 /index.php/Admin/Resource/allTrash
INFO: [ app_init ] --START--
INFO: Run Behavior\BuildLiteBehavior [ RunTime:0.000057s ]
INFO: [ app_init ] --END-- [ RunTime:0.000607s ]

[ 2016-09-06T15:16:05+08:00 ] 127.0.0.1 /index.php/Admin/Resource/showlist.html
INFO: [ app_init ] --START--
INFO: Run Behavior\BuildLiteBehavior [ RunTime:0.000020s ]
INFO: [ app_init ] --END-- [ RunTime:0.000583s ]

[ 2016-09-06T15:16:09+08:00 ] 127.0.0.1 /index.php/Admin/Resource/trash
INFO: [ app_init ] --START--
INFO: Run Behavior\BuildLiteBehavior [ RunTime:0.000019s ]
INFO: [ app_init ] --END-- [ RunTime:0.000623s ]

[ 2016-09-06T15:16:20+08:00 ] 127.0.0.1 /index.php/Admin/Resource/allTrash
INFO: [ app_init ] --START--
INFO: Run Behavior\BuildLiteBehavior [ RunTime:0.000014s ]
INFO: [ app_init ] --END-- [ RunTime:0.000594s ]
ERR: 1054:Unknown column 'Array' in 'where clause'
 [ SQL语句 ] : DELETE FROM `resource` WHERE ( Array and rid in(11,12) )

[ 2016-09-06T15:18:01+08:00 ] 127.0.0.1 /index.php/Admin/Resource/allTrash
INFO: [ app_init ] --START--
INFO: Run Behavior\BuildLiteBehavior [ RunTime:0.000017s ]
INFO: [ app_init ] --END-- [ RunTime:0.000577s ]

[ 2016-09-06T15:18:04+08:00 ] 127.0.0.1 /index.php/Admin/Resource/trash
INFO: [ app_init ] --START--
INFO: Run Behavior\BuildLiteBehavior [ RunTime:0.000014s ]
INFO: [ app_init ] --END-- [ RunTime:0.000509s ]

[ 2016-09-06T15:18:31+08:00 ] 127.0.0.1 /index.php/Admin/Resource/allTrash
INFO: [ app_init ] --START--
INFO: Run Behavior\BuildLiteBehavior [ RunTime:0.000025s ]
INFO: [ app_init ] --END-- [ RunTime:0.001105s ]

[ 2016-09-06T15:18:33+08:00 ] 127.0.0.1 /index.php/Admin/Resource/showlist.html
INFO: [ app_init ] --START--
INFO: Run Behavior\BuildLiteBehavior [ RunTime:0.000020s ]
INFO: [ app_init ] --END-- [ RunTime:0.000690s ]

[ 2016-09-06T15:18:37+08:00 ] 127.0.0.1 /index.php/Admin/Resource/showlist/p/2.html
INFO: [ app_init ] --START--
INFO: Run Behavior\BuildLiteBehavior [ RunTime:0.000014s ]
INFO: [ app_init ] --END-- [ RunTime:0.000544s ]

[ 2016-09-06T15:18:40+08:00 ] 127.0.0.1 /index.php/Admin/Resource/showlist/p/1.html
INFO: [ app_init ] --START--
INFO: Run Behavior\BuildLiteBehavior [ RunTime:0.000035s ]
INFO: [ app_init ] --END-- [ RunTime:0.000866s ]

[ 2016-09-06T15:20:49+08:00 ] 127.0.0.1 /index.php/Admin/Resource/trash
INFO: [ app_init ] --START--
INFO: Run Behavior\BuildLiteBehavior [ RunTime:0.000015s ]
INFO: [ app_init ] --END-- [ RunTime:0.000554s ]

[ 2016-09-06T15:20:56+08:00 ] 127.0.0.1 /index.php/Admin/Resource/showList
INFO: [ app_init ] --START--
INFO: Run Behavior\BuildLiteBehavior [ RunTime:0.000015s ]
INFO: [ app_init ] --END-- [ RunTime:0.000517s ]

[ 2016-09-06T15:20:58+08:00 ] 127.0.0.1 /index.php/Admin/Resource/add
INFO: [ app_init ] --START--
INFO: Run Behavior\BuildLiteBehavior [ RunTime:0.000015s ]
INFO: [ app_init ] --END-- [ RunTime:0.000465s ]

[ 2016-09-06T15:21:02+08:00 ] 127.0.0.1 /index.php/Admin/Resource/showList
INFO: [ app_init ] --START--
INFO: Run Behavior\BuildLiteBehavior [ RunTime:0.000036s ]
INFO: [ app_init ] --END-- [ RunTime:0.000588s ]

[ 2016-09-06T15:21:04+08:00 ] 127.0.0.1 /index.php/Admin/Resource/add
INFO: [ app_init ] --START--
INFO: Run Behavior\BuildLiteBehavior [ RunTime:0.000029s ]
INFO: [ app_init ] --END-- [ RunTime:0.000731s ]

[ 2016-09-06T15:21:39+08:00 ] 127.0.0.1 /index.php/Admin/Resource/addOk
INFO: [ app_init ] --START--
INFO: Run Behavior\BuildLiteBehavior [ RunTime:0.000022s ]
INFO: [ app_init ] --END-- [ RunTime:0.000763s ]

[ 2016-09-06T15:21:43+08:00 ] 127.0.0.1 /index.php/Admin/Resource/showList.html
INFO: [ app_init ] --START--
INFO: Run Behavior\BuildLiteBehavior [ RunTime:0.000014s ]
INFO: [ app_init ] --END-- [ RunTime:0.000503s ]

[ 2016-09-06T15:21:47+08:00 ] 127.0.0.1 /index.php/Admin/Resource/showList/p/2.html
INFO: [ app_init ] --START--
INFO: Run Behavior\BuildLiteBehavior [ RunTime:0.000019s ]
INFO: [ app_init ] --END-- [ RunTime:0.000940s ]

[ 2016-09-06T15:22:27+08:00 ] 127.0.0.1 /index.php/Admin/Resource/showList/p/2.html
INFO: [ app_init ] --START--
INFO: Run Behavior\BuildLiteBehavior [ RunTime:0.000014s ]
INFO: [ app_init ] --END-- [ RunTime:0.000611s ]

[ 2016-09-06T15:23:33+08:00 ] 127.0.0.1 /index.php/Admin/Resource/showList/p/2.html
INFO: [ app_init ] --START--
INFO: Run Behavior\BuildLiteBehavior [ RunTime:0.000014s ]
INFO: [ app_init ] --END-- [ RunTime:0.000553s ]

[ 2016-09-06T15:23:38+08:00 ] 127.0.0.1 /index.php/Admin/Resource/trash
INFO: [ app_init ] --START--
INFO: Run Behavior\BuildLiteBehavior [ RunTime:0.000016s ]
INFO: [ app_init ] --END-- [ RunTime:0.000661s ]

[ 2016-09-06T15:23:41+08:00 ] 127.0.0.1 /index.php/Admin/Resource/showList
INFO: [ app_init ] --START--
INFO: Run Behavior\BuildLiteBehavior [ RunTime:0.000016s ]
INFO: [ app_init ] --END-- [ RunTime:0.000531s ]

[ 2016-09-06T15:23:44+08:00 ] 127.0.0.1 /index.php/Admin/Resource/showList/p/2.html
INFO: [ app_init ] --START--
INFO: Run Behavior\BuildLiteBehavior [ RunTime:0.000013s ]
INFO: [ app_init ] --END-- [ RunTime:0.000615s ]

[ 2016-09-06T15:23:50+08:00 ] 127.0.0.1 /index.php/Admin/Resource/del/rid/13
INFO: [ app_init ] --START--
INFO: Run Behavior\BuildLiteBehavior [ RunTime:0.000017s ]
INFO: [ app_init ] --END-- [ RunTime:0.000518s ]

[ 2016-09-06T15:23:52+08:00 ] 127.0.0.1 /index.php/Admin/Resource/showlist.html
INFO: [ app_init ] --START--
INFO: Run Behavior\BuildLiteBehavior [ RunTime:0.000015s ]
INFO: [ app_init ] --END-- [ RunTime:0.000423s ]

[ 2016-09-06T15:23:55+08:00 ] 127.0.0.1 /index.php/Admin/Resource/trash
INFO: [ app_init ] --START--
INFO: Run Behavior\BuildLiteBehavior [ RunTime:0.000014s ]
INFO: [ app_init ] --END-- [ RunTime:0.000499s ]

[ 2016-09-06T15:24:43+08:00 ] 127.0.0.1 /index.php/Admin/Resource/showList
INFO: [ app_init ] --START--
INFO: Run Behavior\BuildLiteBehavior [ RunTime:0.000026s ]
INFO: [ app_init ] --END-- [ RunTime:0.000769s ]

[ 2016-09-06T15:26:22+08:00 ] 127.0.0.1 /index.php/Admin/Resource/showList
INFO: [ app_init ] --START--
INFO: Run Behavior\BuildLiteBehavior [ RunTime:0.000014s ]
INFO: [ app_init ] --END-- [ RunTime:0.000541s ]

[ 2016-09-06T15:29:34+08:00 ] 127.0.0.1 /index.php/Admin/Resource/showList
INFO: [ app_init ] --START--
INFO: Run Behavior\BuildLiteBehavior [ RunTime:0.000018s ]
INFO: [ app_init ] --END-- [ RunTime:0.000735s ]

[ 2016-09-06T15:30:35+08:00 ] 127.0.0.1 /index.php/Admin/Resource/edit/rid/1
INFO: [ app_init ] --START--
INFO: Run Behavior\BuildLiteBehavior [ RunTime:0.000014s ]
INFO: [ app_init ] --END-- [ RunTime:0.000562s ]

[ 2016-09-06T15:30:41+08:00 ] 127.0.0.1 /index.php/Admin/Resource/update
INFO: [ app_init ] --START--
INFO: Run Behavior\BuildLiteBehavior [ RunTime:0.000019s ]
INFO: [ app_init ] --END-- [ RunTime:0.000636s ]

[ 2016-09-06T15:30:43+08:00 ] 127.0.0.1 /index.php/Admin/Resource/showlist.html
INFO: [ app_init ] --START--
INFO: Run Behavior\BuildLiteBehavior [ RunTime:0.000015s ]
INFO: [ app_init ] --END-- [ RunTime:0.000500s ]

[ 2016-09-06T15:30:54+08:00 ] 127.0.0.1 /index.php/Admin/Resource/download/rid/1
INFO: [ app_init ] --START--
INFO: Run Behavior\BuildLiteBehavior [ RunTime:0.000015s ]
INFO: [ app_init ] --END-- [ RunTime:0.000564s ]

