[ 2016-09-07T12:51:36+08:00 ] 127.0.0.1 /index.php/Admin/Resource/showList
INFO: [ app_init ] --START--
INFO: Run Behavior\BuildLiteBehavior [ RunTime:0.000014s ]
INFO: [ app_init ] --END-- [ RunTime:0.000577s ]

[ 2016-09-07T12:51:47+08:00 ] 127.0.0.1 /index.php/Admin/Resource/download/rid/1
INFO: [ app_init ] --START--
INFO: Run Behavior\BuildLiteBehavior [ RunTime:0.000013s ]
INFO: [ app_init ] --END-- [ RunTime:0.000480s ]

[ 2016-09-07T12:52:53+08:00 ] 127.0.0.1 /index.php/Admin/Resource/download/rid/1
INFO: [ app_init ] --START--
INFO: Run Behavior\BuildLiteBehavior [ RunTime:0.000015s ]
INFO: [ app_init ] --END-- [ RunTime:0.000418s ]

[ 2016-09-07T12:56:27+08:00 ] 127.0.0.1 /index.php/Admin/Resource/download/rid/1
INFO: [ app_init ] --START--
INFO: Run Behavior\BuildLiteBehavior [ RunTime:0.000045s ]
INFO: [ app_init ] --END-- [ RunTime:0.000886s ]

[ 2016-09-07T12:57:23+08:00 ] 127.0.0.1 /index.php/Admin/Resource/download/rid/1
INFO: [ app_init ] --START--
INFO: Run Behavior\BuildLiteBehavior [ RunTime:0.000017s ]
INFO: [ app_init ] --END-- [ RunTime:0.000478s ]

[ 2016-09-07T12:57:57+08:00 ] 127.0.0.1 /index.php/Admin/Resource/add
INFO: [ app_init ] --START--
INFO: Run Behavior\BuildLiteBehavior [ RunTime:0.000014s ]
INFO: [ app_init ] --END-- [ RunTime:0.000441s ]

[ 2016-09-07T12:58:04+08:00 ] 127.0.0.1 /index.php/Admin/Resource/showList
INFO: [ app_init ] --START--
INFO: Run Behavior\BuildLiteBehavior [ RunTime:0.000016s ]
INFO: [ app_init ] --END-- [ RunTime:0.000449s ]

[ 2016-09-07T12:58:12+08:00 ] 127.0.0.1 /index.php/Admin/Resource/download/rid/1
INFO: [ app_init ] --START--
INFO: Run Behavior\BuildLiteBehavior [ RunTime:0.000014s ]
INFO: [ app_init ] --END-- [ RunTime:0.000469s ]

[ 2016-09-07T12:59:17+08:00 ] 127.0.0.1 /index.php/Admin/Resource/download/rid/1
INFO: [ app_init ] --START--
INFO: Run Behavior\BuildLiteBehavior [ RunTime:0.000025s ]
INFO: [ app_init ] --END-- [ RunTime:0.000623s ]

[ 2016-09-07T12:59:48+08:00 ] 127.0.0.1 /index.php/Admin/Resource/download/rid/2
INFO: [ app_init ] --START--
INFO: Run Behavior\BuildLiteBehavior [ RunTime:0.000021s ]
INFO: [ app_init ] --END-- [ RunTime:0.000794s ]

[ 2016-09-07T13:00:36+08:00 ] 127.0.0.1 /index.php/Admin/Resource/download/rid/1
INFO: [ app_init ] --START--
INFO: Run Behavior\BuildLiteBehavior [ RunTime:0.000022s ]
INFO: [ app_init ] --END-- [ RunTime:0.000754s ]

[ 2016-09-07T13:06:25+08:00 ] 127.0.0.1 /index.php/Admin/Resource/add
INFO: [ app_init ] --START--
INFO: Run Behavior\BuildLiteBehavior [ RunTime:0.000016s ]
INFO: [ app_init ] --END-- [ RunTime:0.000497s ]

[ 2016-09-07T13:06:28+08:00 ] 127.0.0.1 /index.php/Admin/Resource/showList
INFO: [ app_init ] --START--
INFO: Run Behavior\BuildLiteBehavior [ RunTime:0.000014s ]
INFO: [ app_init ] --END-- [ RunTime:0.000498s ]

[ 2016-09-07T13:07:17+08:00 ] 127.0.0.1 /index.php/Admin/Resource/showList
INFO: [ app_init ] --START--
INFO: Run Behavior\BuildLiteBehavior [ RunTime:0.000014s ]
INFO: [ app_init ] --END-- [ RunTime:0.000526s ]

[ 2016-09-07T13:09:08+08:00 ] 127.0.0.1 /index.php/Admin/Resource/download/rid/1
INFO: [ app_init ] --START--
INFO: Run Behavior\BuildLiteBehavior [ RunTime:0.000019s ]
INFO: [ app_init ] --END-- [ RunTime:0.000591s ]

[ 2016-09-07T13:35:06+08:00 ] 127.0.0.1 /index.php/Admin/Resource/showList
INFO: [ app_init ] --START--
INFO: Run Behavior\BuildLiteBehavior [ RunTime:0.000015s ]
INFO: [ app_init ] --END-- [ RunTime:0.000687s ]

[ 2016-09-07T13:35:10+08:00 ] 127.0.0.1 /index.php/Admin/Resource/download/rid/1
INFO: [ app_init ] --START--
INFO: Run Behavior\BuildLiteBehavior [ RunTime:0.000028s ]
INFO: [ app_init ] --END-- [ RunTime:0.000941s ]

[ 2016-09-07T14:04:39+08:00 ] 127.0.0.1 /index.php/Admin/Resource/showList
INFO: [ app_init ] --START--
INFO: Run Behavior\BuildLiteBehavior [ RunTime:0.000025s ]
INFO: [ app_init ] --END-- [ RunTime:0.000874s ]

[ 2016-09-07T14:04:44+08:00 ] 127.0.0.1 /index.php/Admin/Resource/download/rid/1
INFO: [ app_init ] --START--
INFO: Run Behavior\BuildLiteBehavior [ RunTime:0.000014s ]
INFO: [ app_init ] --END-- [ RunTime:0.000541s ]

[ 2016-09-07T14:04:48+08:00 ] 127.0.0.1 /index.php/Admin/Resource/showlist.html
INFO: [ app_init ] --START--
INFO: Run Behavior\BuildLiteBehavior [ RunTime:0.000014s ]
INFO: [ app_init ] --END-- [ RunTime:0.000510s ]

[ 2016-09-07T14:06:06+08:00 ] 127.0.0.1 /index.php/Admin/Resource/showlist.html
INFO: [ app_init ] --START--
INFO: Run Behavior\BuildLiteBehavior [ RunTime:0.000014s ]
INFO: [ app_init ] --END-- [ RunTime:0.000520s ]

[ 2016-09-07T14:06:09+08:00 ] 127.0.0.1 /index.php/Admin/Resource/download/rid/1
INFO: [ app_init ] --START--
INFO: Run Behavior\BuildLiteBehavior [ RunTime:0.000073s ]
INFO: [ app_init ] --END-- [ RunTime:0.000702s ]

[ 2016-09-07T14:06:13+08:00 ] 127.0.0.1 /index.php/Admin/Resource/showlist.html
INFO: [ app_init ] --START--
INFO: Run Behavior\BuildLiteBehavior [ RunTime:0.000013s ]
INFO: [ app_init ] --END-- [ RunTime:0.000624s ]

[ 2016-09-07T14:06:45+08:00 ] 127.0.0.1 /index.php/Admin/Resource/download/rid/1
INFO: [ app_init ] --START--
INFO: Run Behavior\BuildLiteBehavior [ RunTime:0.000014s ]
INFO: [ app_init ] --END-- [ RunTime:0.000544s ]

[ 2016-09-07T14:06:49+08:00 ] 127.0.0.1 /index.php/Admin/Resource/showlist.html
INFO: [ app_init ] --START--
INFO: Run Behavior\BuildLiteBehavior [ RunTime:0.000014s ]
INFO: [ app_init ] --END-- [ RunTime:0.000605s ]

[ 2016-09-07T14:07:14+08:00 ] 127.0.0.1 /index.php/Admin/Resource/showlist.html
INFO: [ app_init ] --START--
INFO: Run Behavior\BuildLiteBehavior [ RunTime:0.000017s ]
INFO: [ app_init ] --END-- [ RunTime:0.000617s ]

[ 2016-09-07T14:07:47+08:00 ] 127.0.0.1 /index.php/Admin/Resource/download/rid/1
INFO: [ app_init ] --START--
INFO: Run Behavior\BuildLiteBehavior [ RunTime:0.000014s ]
INFO: [ app_init ] --END-- [ RunTime:0.000517s ]

[ 2016-09-07T14:07:48+08:00 ] 127.0.0.1 /index.php/Admin/Resource/showlist.html
INFO: [ app_init ] --START--
INFO: Run Behavior\BuildLiteBehavior [ RunTime:0.000019s ]
INFO: [ app_init ] --END-- [ RunTime:0.000501s ]

[ 2016-09-07T14:07:53+08:00 ] 127.0.0.1 /index.php/Admin/Resource/showlist.html
INFO: [ app_init ] --START--
INFO: Run Behavior\BuildLiteBehavior [ RunTime:0.000017s ]
INFO: [ app_init ] --END-- [ RunTime:0.000482s ]

[ 2016-09-07T14:08:26+08:00 ] 127.0.0.1 /index.php/Admin/Resource/download/rid/1
INFO: [ app_init ] --START--
INFO: Run Behavior\BuildLiteBehavior [ RunTime:0.000018s ]
INFO: [ app_init ] --END-- [ RunTime:0.000541s ]

[ 2016-09-07T14:09:25+08:00 ] 127.0.0.1 /index.php/Admin/Resource/showlist.html
INFO: [ app_init ] --START--
INFO: Run Behavior\BuildLiteBehavior [ RunTime:0.000015s ]
INFO: [ app_init ] --END-- [ RunTime:0.000639s ]

[ 2016-09-07T14:10:12+08:00 ] 127.0.0.1 /index.php/Admin/Resource/download/rid/1
INFO: [ app_init ] --START--
INFO: Run Behavior\BuildLiteBehavior [ RunTime:0.000022s ]
INFO: [ app_init ] --END-- [ RunTime:0.000736s ]

[ 2016-09-07T14:10:30+08:00 ] 127.0.0.1 /index.php/Admin/Resource/showList
INFO: [ app_init ] --START--
INFO: Run Behavior\BuildLiteBehavior [ RunTime:0.000026s ]
INFO: [ app_init ] --END-- [ RunTime:0.000655s ]

[ 2016-09-07T14:11:14+08:00 ] 127.0.0.1 /index.php/Admin/Resource/download/rid/1
INFO: [ app_init ] --START--
INFO: Run Behavior\BuildLiteBehavior [ RunTime:0.000022s ]
INFO: [ app_init ] --END-- [ RunTime:0.000693s ]

[ 2016-09-07T14:11:35+08:00 ] 127.0.0.1 /index.php/Admin/Resource/download/rid/1
INFO: [ app_init ] --START--
INFO: Run Behavior\BuildLiteBehavior [ RunTime:0.000017s ]
INFO: [ app_init ] --END-- [ RunTime:0.000487s ]

[ 2016-09-07T14:12:07+08:00 ] 127.0.0.1 /index.php/Admin/Resource/download/rid/1
INFO: [ app_init ] --START--
INFO: Run Behavior\BuildLiteBehavior [ RunTime:0.000021s ]
INFO: [ app_init ] --END-- [ RunTime:0.001301s ]

[ 2016-09-07T14:15:12+08:00 ] 127.0.0.1 /index.php/Admin/Resource/download/rid/1
INFO: [ app_init ] --START--
INFO: Run Behavior\BuildLiteBehavior [ RunTime:0.000023s ]
INFO: [ app_init ] --END-- [ RunTime:0.000792s ]

[ 2016-09-07T14:16:13+08:00 ] 127.0.0.1 /index.php/Admin/Resource/download/rid/1
INFO: [ app_init ] --START--
INFO: Run Behavior\BuildLiteBehavior [ RunTime:0.000015s ]
INFO: [ app_init ] --END-- [ RunTime:0.000534s ]

[ 2016-09-07T14:16:14+08:00 ] 127.0.0.1 /index.php/Admin/Resource/showList
INFO: [ app_init ] --START--
INFO: Run Behavior\BuildLiteBehavior [ RunTime:0.000018s ]
INFO: [ app_init ] --END-- [ RunTime:0.000670s ]

[ 2016-09-07T14:16:15+08:00 ] 127.0.0.1 /index.php/Admin/Resource/showList
INFO: [ app_init ] --START--
INFO: Run Behavior\BuildLiteBehavior [ RunTime:0.000017s ]
INFO: [ app_init ] --END-- [ RunTime:0.000535s ]

[ 2016-09-07T14:16:48+08:00 ] 127.0.0.1 /index.php/Admin/Resource/download/rid/1
INFO: [ app_init ] --START--
INFO: Run Behavior\BuildLiteBehavior [ RunTime:0.000018s ]
INFO: [ app_init ] --END-- [ RunTime:0.000544s ]

[ 2016-09-07T14:18:04+08:00 ] 127.0.0.1 /index.php/Admin/Resource/download/rid/1
INFO: [ app_init ] --START--
INFO: Run Behavior\BuildLiteBehavior [ RunTime:0.000022s ]
INFO: [ app_init ] --END-- [ RunTime:0.000556s ]

[ 2016-09-07T14:18:46+08:00 ] 127.0.0.1 /index.php/Admin/Resource/showList
INFO: [ app_init ] --START--
INFO: Run Behavior\BuildLiteBehavior [ RunTime:0.000021s ]
INFO: [ app_init ] --END-- [ RunTime:0.000584s ]

[ 2016-09-07T14:18:50+08:00 ] 127.0.0.1 /index.php/Admin/Resource/download/rid/1
INFO: [ app_init ] --START--
INFO: Run Behavior\BuildLiteBehavior [ RunTime:0.000018s ]
INFO: [ app_init ] --END-- [ RunTime:0.000519s ]

[ 2016-09-07T14:19:22+08:00 ] 127.0.0.1 /index.php/Admin/Resource/showList
INFO: [ app_init ] --START--
INFO: Run Behavior\BuildLiteBehavior [ RunTime:0.000015s ]
INFO: [ app_init ] --END-- [ RunTime:0.000577s ]

[ 2016-09-07T14:19:25+08:00 ] 127.0.0.1 /index.php/Admin/Resource/download/rid/1
INFO: [ app_init ] --START--
INFO: Run Behavior\BuildLiteBehavior [ RunTime:0.000015s ]
INFO: [ app_init ] --END-- [ RunTime:0.000517s ]

[ 2016-09-07T14:21:06+08:00 ] 127.0.0.1 /index.php/Admin/Resource/download/rid/1
INFO: [ app_init ] --START--
INFO: Run Behavior\BuildLiteBehavior [ RunTime:0.000021s ]
INFO: [ app_init ] --END-- [ RunTime:0.000615s ]

[ 2016-09-07T14:22:02+08:00 ] 127.0.0.1 /index.php/Admin/Resource/download/rid/1
INFO: [ app_init ] --START--
INFO: Run Behavior\BuildLiteBehavior [ RunTime:0.000025s ]
INFO: [ app_init ] --END-- [ RunTime:0.000736s ]

[ 2016-09-07T14:22:38+08:00 ] 127.0.0.1 /index.php/Admin/Resource/download/rid/1
INFO: [ app_init ] --START--
INFO: Run Behavior\BuildLiteBehavior [ RunTime:0.000018s ]
INFO: [ app_init ] --END-- [ RunTime:0.000788s ]

[ 2016-09-07T14:28:57+08:00 ] 127.0.0.1 /index.php/Admin/Resource/download/rid/1
INFO: [ app_init ] --START--
INFO: Run Behavior\BuildLiteBehavior [ RunTime:0.000024s ]
INFO: [ app_init ] --END-- [ RunTime:0.000671s ]

[ 2016-09-07T14:29:26+08:00 ] 127.0.0.1 /index.php/Admin/Resource/download/rid/1
INFO: [ app_init ] --START--
INFO: Run Behavior\BuildLiteBehavior [ RunTime:0.000013s ]
INFO: [ app_init ] --END-- [ RunTime:0.000535s ]

[ 2016-09-07T14:30:19+08:00 ] 127.0.0.1 /index.php/Admin/Resource/showList
INFO: [ app_init ] --START--
INFO: Run Behavior\BuildLiteBehavior [ RunTime:0.000014s ]
INFO: [ app_init ] --END-- [ RunTime:0.000540s ]

[ 2016-09-07T14:30:22+08:00 ] 127.0.0.1 /index.php/Admin/Resource/download/rid/1
INFO: [ app_init ] --START--
INFO: Run Behavior\BuildLiteBehavior [ RunTime:0.000015s ]
INFO: [ app_init ] --END-- [ RunTime:0.000443s ]

[ 2016-09-07T14:36:42+08:00 ] 127.0.0.1 /index.php/Admin/Resource/download/rid/1
INFO: [ app_init ] --START--
INFO: Run Behavior\BuildLiteBehavior [ RunTime:0.000015s ]
INFO: [ app_init ] --END-- [ RunTime:0.000545s ]

[ 2016-09-07T14:40:30+08:00 ] 127.0.0.1 /index.php/Admin/Resource/download/rid/1
INFO: [ app_init ] --START--
INFO: Run Behavior\BuildLiteBehavior [ RunTime:0.000015s ]
INFO: [ app_init ] --END-- [ RunTime:0.000544s ]

[ 2016-09-07T14:40:41+08:00 ] 127.0.0.1 /index.php/Admin/Resource/showList
INFO: [ app_init ] --START--
INFO: Run Behavior\BuildLiteBehavior [ RunTime:0.000035s ]
INFO: [ app_init ] --END-- [ RunTime:0.000747s ]

[ 2016-09-07T14:40:46+08:00 ] 127.0.0.1 /index.php/Admin/Resource/download/rid/1
INFO: [ app_init ] --START--
INFO: Run Behavior\BuildLiteBehavior [ RunTime:0.000020s ]
INFO: [ app_init ] --END-- [ RunTime:0.000660s ]

[ 2016-09-07T14:42:15+08:00 ] 127.0.0.1 /index.php/Admin/Resource/showList
INFO: [ app_init ] --START--
INFO: Run Behavior\BuildLiteBehavior [ RunTime:0.000015s ]
INFO: [ app_init ] --END-- [ RunTime:0.000622s ]

[ 2016-09-07T15:25:47+08:00 ] 127.0.0.1 /index.php/Admin/Resource/download/rid/1
INFO: [ app_init ] --START--
INFO: Run Behavior\BuildLiteBehavior [ RunTime:0.000018s ]
INFO: [ app_init ] --END-- [ RunTime:0.000574s ]

[ 2016-09-07T15:26:09+08:00 ] 127.0.0.1 /index.php/Admin/Resource/download/rid/1
INFO: [ app_init ] --START--
INFO: Run Behavior\BuildLiteBehavior [ RunTime:0.000022s ]
INFO: [ app_init ] --END-- [ RunTime:0.000631s ]

[ 2016-09-07T15:27:02+08:00 ] 127.0.0.1 /index.php/Admin/Resource/download/rid/1
INFO: [ app_init ] --START--
INFO: Run Behavior\BuildLiteBehavior [ RunTime:0.000016s ]
INFO: [ app_init ] --END-- [ RunTime:0.000553s ]

[ 2016-09-07T15:28:53+08:00 ] 127.0.0.1 /index.php/Admin/Resource/download/rid/1
INFO: [ app_init ] --START--
INFO: Run Behavior\BuildLiteBehavior [ RunTime:0.000016s ]
INFO: [ app_init ] --END-- [ RunTime:0.000612s ]

[ 2016-09-07T15:30:27+08:00 ] 127.0.0.1 /index.php/Admin/Resource/download/rid/1
INFO: [ app_init ] --START--
INFO: Run Behavior\BuildLiteBehavior [ RunTime:0.000022s ]
INFO: [ app_init ] --END-- [ RunTime:0.000601s ]

[ 2016-09-07T15:36:20+08:00 ] 127.0.0.1 /index.php/Admin/Resource/download/rid/1
INFO: [ app_init ] --START--
INFO: Run Behavior\BuildLiteBehavior [ RunTime:0.000017s ]
INFO: [ app_init ] --END-- [ RunTime:0.000616s ]

[ 2016-09-07T15:36:58+08:00 ] 127.0.0.1 /index.php/Admin/Resource/download/rid/1
INFO: [ app_init ] --START--
INFO: Run Behavior\BuildLiteBehavior [ RunTime:0.000030s ]
INFO: [ app_init ] --END-- [ RunTime:0.000543s ]

[ 2016-09-07T15:37:11+08:00 ] 127.0.0.1 /index.php/Admin/Resource/download/rid/1
INFO: [ app_init ] --START--
INFO: Run Behavior\BuildLiteBehavior [ RunTime:0.000016s ]
INFO: [ app_init ] --END-- [ RunTime:0.000802s ]

[ 2016-09-07T15:38:41+08:00 ] 127.0.0.1 /index.php/Admin/Resource/download/rid/1
INFO: [ app_init ] --START--
INFO: Run Behavior\BuildLiteBehavior [ RunTime:0.000021s ]
INFO: [ app_init ] --END-- [ RunTime:0.000871s ]

[ 2016-09-07T15:39:48+08:00 ] 127.0.0.1 /index.php/Admin/Resource/download/rid/1
INFO: [ app_init ] --START--
INFO: Run Behavior\BuildLiteBehavior [ RunTime:0.000019s ]
INFO: [ app_init ] --END-- [ RunTime:0.000911s ]

[ 2016-09-07T15:41:34+08:00 ] 127.0.0.1 /index.php/Admin/Resource/download/rid/1
INFO: [ app_init ] --START--
INFO: Run Behavior\BuildLiteBehavior [ RunTime:0.000019s ]
INFO: [ app_init ] --END-- [ RunTime:0.000627s ]

[ 2016-09-07T15:45:38+08:00 ] 127.0.0.1 /index.php/Admin/Resource/showList/p/2.html
INFO: [ app_init ] --START--
INFO: Run Behavior\BuildLiteBehavior [ RunTime:0.000020s ]
INFO: [ app_init ] --END-- [ RunTime:0.000860s ]

[ 2016-09-07T15:45:41+08:00 ] 127.0.0.1 /index.php/Admin/Resource/add
INFO: [ app_init ] --START--
INFO: Run Behavior\BuildLiteBehavior [ RunTime:0.000015s ]
INFO: [ app_init ] --END-- [ RunTime:0.000504s ]

[ 2016-09-07T15:46:17+08:00 ] 127.0.0.1 /index.php/Admin/Login/login
INFO: [ app_init ] --START--
INFO: Run Behavior\BuildLiteBehavior [ RunTime:0.000014s ]
INFO: [ app_init ] --END-- [ RunTime:0.000512s ]

[ 2016-09-07T15:46:37+08:00 ] 127.0.0.1 /index.php/Admin/Login/select
INFO: [ app_init ] --START--
INFO: Run Behavior\BuildLiteBehavior [ RunTime:0.000014s ]
INFO: [ app_init ] --END-- [ RunTime:0.000560s ]
ERR: 1146:Table 'movie.users' doesn't exist
 [ SQL语句 ] : SHOW COLUMNS FROM `users`

[ 2016-09-07T15:49:14+08:00 ] 127.0.0.1 /index.php/Admin/Resource/showList
INFO: [ app_init ] --START--
INFO: Run Behavior\BuildLiteBehavior [ RunTime:0.000020s ]
INFO: [ app_init ] --END-- [ RunTime:0.000701s ]

[ 2016-09-07T15:49:18+08:00 ] 127.0.0.1 /index.php/Admin/Resource/showList/p/2.html
INFO: [ app_init ] --START--
INFO: Run Behavior\BuildLiteBehavior [ RunTime:0.000022s ]
INFO: [ app_init ] --END-- [ RunTime:0.000702s ]

[ 2016-09-07T15:49:29+08:00 ] 127.0.0.1 /index.php/Admin/Resource/download/rid/14
INFO: [ app_init ] --START--
INFO: Run Behavior\BuildLiteBehavior [ RunTime:0.000035s ]
INFO: [ app_init ] --END-- [ RunTime:0.001321s ]

[ 2016-09-07T15:50:28+08:00 ] 127.0.0.1 /index.php/Admin/Resource/showList/p/1.html
INFO: [ app_init ] --START--
INFO: Run Behavior\BuildLiteBehavior [ RunTime:0.000018s ]
INFO: [ app_init ] --END-- [ RunTime:0.000517s ]

[ 2016-09-07T15:53:24+08:00 ] 127.0.0.1 /index.php/Admin/Resource/download/rid/1
INFO: [ app_init ] --START--
INFO: Run Behavior\BuildLiteBehavior [ RunTime:0.000026s ]
INFO: [ app_init ] --END-- [ RunTime:0.000641s ]

[ 2016-09-07T16:16:24+08:00 ] 127.0.0.1 /index.php/Admin/Resource/download/rid/1
INFO: [ app_init ] --START--
INFO: Run Behavior\BuildLiteBehavior [ RunTime:0.000015s ]
INFO: [ app_init ] --END-- [ RunTime:0.000581s ]

[ 2016-09-07T16:46:01+08:00 ] 127.0.0.1 /index.php/Admin/Resource/showList
INFO: [ app_init ] --START--
INFO: Run Behavior\BuildLiteBehavior [ RunTime:0.000066s ]
INFO: [ app_init ] --END-- [ RunTime:0.003210s ]

[ 2016-09-07T16:47:05+08:00 ] 127.0.0.1 /index.php/Admin/Resource/search
INFO: [ app_init ] --START--
INFO: Run Behavior\BuildLiteBehavior [ RunTime:0.000015s ]
INFO: [ app_init ] --END-- [ RunTime:0.000527s ]
INFO: [ app_begin ] --START--
INFO: Run Behavior\ReadHtmlCacheBehavior [ RunTime:0.000623s ]
INFO: [ app_begin ] --END-- [ RunTime:0.000681s ]
SQL: SHOW COLUMNS FROM `resource` [ RunTime:0.0148s ]
SQL: SELECT * FROM `resource` WHERE ( rname like '%死亡%' and trash=0 )  [ RunTime:0.0005s ]
INFO: [ app_end ] --START--
INFO: Run Behavior\ShowPageTraceBehavior [ RunTime:0.000722s ]
INFO: [ app_end ] --END-- [ RunTime:0.000793s ]

[ 2016-09-07T16:47:22+08:00 ] 127.0.0.1 /index.php/Admin/Resource/showList
INFO: [ app_init ] --START--
INFO: Run Behavior\BuildLiteBehavior [ RunTime:0.000017s ]
INFO: [ app_init ] --END-- [ RunTime:0.000625s ]

[ 2016-09-07T16:47:28+08:00 ] 127.0.0.1 /index.php/Admin/Resource/search
INFO: [ app_init ] --START--
INFO: Run Behavior\BuildLiteBehavior [ RunTime:0.000020s ]
INFO: [ app_init ] --END-- [ RunTime:0.000655s ]
INFO: [ app_begin ] --START--
INFO: Run Behavior\ReadHtmlCacheBehavior [ RunTime:0.004895s ]
INFO: [ app_begin ] --END-- [ RunTime:0.005015s ]
SQL: SHOW COLUMNS FROM `resource` [ RunTime:0.0147s ]
SQL: SELECT * FROM `resource` WHERE ( rname like '%死亡%' and trash=0 )  [ RunTime:0.0004s ]
INFO: [ app_end ] --START--
INFO: Run Behavior\ShowPageTraceBehavior [ RunTime:0.000681s ]
INFO: [ app_end ] --END-- [ RunTime:0.000734s ]

[ 2016-09-07T16:47:33+08:00 ] 127.0.0.1 /index.php/Admin/Resource/showList
INFO: [ app_init ] --START--
INFO: Run Behavior\BuildLiteBehavior [ RunTime:0.000013s ]
INFO: [ app_init ] --END-- [ RunTime:0.000502s ]

[ 2016-09-07T18:30:40+08:00 ] 127.0.0.1 /index.php/Admin/Resource/showList/p/2.html
INFO: [ app_init ] --START--
INFO: Run Behavior\BuildLiteBehavior [ RunTime:0.000015s ]
INFO: [ app_init ] --END-- [ RunTime:0.000549s ]

[ 2016-09-07T18:33:51+08:00 ] 127.0.0.1 /index.php/Admin/Resource/download/rid/14
INFO: [ app_init ] --START--
INFO: Run Behavior\BuildLiteBehavior [ RunTime:0.000015s ]
INFO: [ app_init ] --END-- [ RunTime:0.000596s ]

[ 2016-09-07T18:48:36+08:00 ] 127.0.0.1 /index.php/Admin/Resource/showList/p/2.html
INFO: [ app_init ] --START--
INFO: Run Behavior\BuildLiteBehavior [ RunTime:0.000015s ]
INFO: [ app_init ] --END-- [ RunTime:0.000558s ]

[ 2016-09-07T18:48:42+08:00 ] 127.0.0.1 /index.php/Admin/Resource/download/rid/9
INFO: [ app_init ] --START--
INFO: Run Behavior\BuildLiteBehavior [ RunTime:0.000022s ]
INFO: [ app_init ] --END-- [ RunTime:0.000734s ]

[ 2016-09-07T18:48:46+08:00 ] 127.0.0.1 /index.php/Admin/Resource/showlist.html
INFO: [ app_init ] --START--
INFO: Run Behavior\BuildLiteBehavior [ RunTime:0.000014s ]
INFO: [ app_init ] --END-- [ RunTime:0.000502s ]

[ 2016-09-07T18:48:50+08:00 ] 127.0.0.1 /index.php/Admin/Resource/download/rid/1
INFO: [ app_init ] --START--
INFO: Run Behavior\BuildLiteBehavior [ RunTime:0.000027s ]
INFO: [ app_init ] --END-- [ RunTime:0.000869s ]

[ 2016-09-07T18:48:55+08:00 ] 127.0.0.1 /index.php/Admin/Resource/showlist.html
INFO: [ app_init ] --START--
INFO: Run Behavior\BuildLiteBehavior [ RunTime:0.000014s ]
INFO: [ app_init ] --END-- [ RunTime:0.000418s ]

[ 2016-09-07T18:48:58+08:00 ] 127.0.0.1 /index.php/Admin/Resource/showlist/p/2.html
INFO: [ app_init ] --START--
INFO: Run Behavior\BuildLiteBehavior [ RunTime:0.000017s ]
INFO: [ app_init ] --END-- [ RunTime:0.000502s ]

[ 2016-09-07T18:51:37+08:00 ] 127.0.0.1 /index.php/Admin/Resource/showList
INFO: [ app_init ] --START--
INFO: Run Behavior\BuildLiteBehavior [ RunTime:0.000021s ]
INFO: [ app_init ] --END-- [ RunTime:0.000628s ]

[ 2016-09-07T18:51:42+08:00 ] 127.0.0.1 /index.php/Admin/Resource/showList/p/2.html
INFO: [ app_init ] --START--
INFO: Run Behavior\BuildLiteBehavior [ RunTime:0.000026s ]
INFO: [ app_init ] --END-- [ RunTime:0.000972s ]

[ 2016-09-07T18:54:43+08:00 ] 127.0.0.1 /index.php/Admin/Resource/showList
INFO: [ app_init ] --START--
INFO: Run Behavior\BuildLiteBehavior [ RunTime:0.000020s ]
INFO: [ app_init ] --END-- [ RunTime:0.000677s ]

[ 2016-09-07T18:54:47+08:00 ] 127.0.0.1 /index.php/Admin/Resource/showList/p/2.html
INFO: [ app_init ] --START--
INFO: Run Behavior\BuildLiteBehavior [ RunTime:0.000021s ]
INFO: [ app_init ] --END-- [ RunTime:0.000568s ]

[ 2016-09-07T18:57:39+08:00 ] 127.0.0.1 /index.php/Admin/Resource/showList
INFO: [ app_init ] --START--
INFO: Run Behavior\BuildLiteBehavior [ RunTime:0.000020s ]
INFO: [ app_init ] --END-- [ RunTime:0.000665s ]

[ 2016-09-07T18:57:44+08:00 ] 127.0.0.1 /index.php/Admin/Resource/showList/p/2.html
INFO: [ app_init ] --START--
INFO: Run Behavior\BuildLiteBehavior [ RunTime:0.000024s ]
INFO: [ app_init ] --END-- [ RunTime:0.000983s ]

[ 2016-09-07T18:58:14+08:00 ] 127.0.0.1 /index.php/Admin/Resource/showList
INFO: [ app_init ] --START--
INFO: Run Behavior\BuildLiteBehavior [ RunTime:0.000019s ]
INFO: [ app_init ] --END-- [ RunTime:0.000702s ]

[ 2016-09-07T18:58:22+08:00 ] 127.0.0.1 /index.php/Admin/Resource/download/rid/1
INFO: [ app_init ] --START--
INFO: Run Behavior\BuildLiteBehavior [ RunTime:0.000026s ]
INFO: [ app_init ] --END-- [ RunTime:0.000757s ]

[ 2016-09-07T18:58:27+08:00 ] 127.0.0.1 /index.php/Admin/Resource/showlist.html
INFO: [ app_init ] --START--
INFO: Run Behavior\BuildLiteBehavior [ RunTime:0.000020s ]
INFO: [ app_init ] --END-- [ RunTime:0.000626s ]

[ 2016-09-07T18:58:32+08:00 ] 127.0.0.1 /index.php/Admin/Resource/showlist/p/2.html
INFO: [ app_init ] --START--
INFO: Run Behavior\BuildLiteBehavior [ RunTime:0.000022s ]
INFO: [ app_init ] --END-- [ RunTime:0.000739s ]

[ 2016-09-07T19:03:09+08:00 ] 127.0.0.1 /index.php/Admin/Resource/showList
INFO: [ app_init ] --START--
INFO: Run Behavior\BuildLiteBehavior [ RunTime:0.000014s ]
INFO: [ app_init ] --END-- [ RunTime:0.000534s ]

[ 2016-09-07T19:03:19+08:00 ] 127.0.0.1 /index.php/Admin/Resource/showList/p/2.html
INFO: [ app_init ] --START--
INFO: Run Behavior\BuildLiteBehavior [ RunTime:0.000018s ]
INFO: [ app_init ] --END-- [ RunTime:0.000545s ]

[ 2016-09-07T19:06:44+08:00 ] 127.0.0.1 /index.php/Admin/Resource/showList
INFO: [ app_init ] --START--
INFO: Run Behavior\BuildLiteBehavior [ RunTime:0.000015s ]
INFO: [ app_init ] --END-- [ RunTime:0.000472s ]

[ 2016-09-07T19:06:48+08:00 ] 127.0.0.1 /index.php/Admin/Resource/download/rid/1
INFO: [ app_init ] --START--
INFO: Run Behavior\BuildLiteBehavior [ RunTime:0.000023s ]
INFO: [ app_init ] --END-- [ RunTime:0.000731s ]

[ 2016-09-07T19:06:52+08:00 ] 127.0.0.1 /index.php/Admin/Resource/showlist.html
INFO: [ app_init ] --START--
INFO: Run Behavior\BuildLiteBehavior [ RunTime:0.000015s ]
INFO: [ app_init ] --END-- [ RunTime:0.000466s ]

[ 2016-09-07T19:06:55+08:00 ] 127.0.0.1 /index.php/Admin/Resource/showlist/p/2.html
INFO: [ app_init ] --START--
INFO: Run Behavior\BuildLiteBehavior [ RunTime:0.000015s ]
INFO: [ app_init ] --END-- [ RunTime:0.000446s ]

[ 2016-09-07T19:13:14+08:00 ] 127.0.0.1 /index.php/Admin/Resource/showList
INFO: [ app_init ] --START--
INFO: Run Behavior\BuildLiteBehavior [ RunTime:0.000017s ]
INFO: [ app_init ] --END-- [ RunTime:0.051437s ]

[ 2016-09-07T19:13:22+08:00 ] 127.0.0.1 /index.php/Admin/Resource/showList/p/2.html
INFO: [ app_init ] --START--
INFO: Run Behavior\BuildLiteBehavior [ RunTime:0.000029s ]
INFO: [ app_init ] --END-- [ RunTime:0.000814s ]

[ 2016-09-07T19:15:20+08:00 ] 127.0.0.1 /index.php/Admin/Resource/showList
INFO: [ app_init ] --START--
INFO: Run Behavior\BuildLiteBehavior [ RunTime:0.000015s ]
INFO: [ app_init ] --END-- [ RunTime:0.000465s ]

[ 2016-09-07T19:15:26+08:00 ] 127.0.0.1 /index.php/Admin/Resource/download/rid/1
INFO: [ app_init ] --START--
INFO: Run Behavior\BuildLiteBehavior [ RunTime:0.000022s ]
INFO: [ app_init ] --END-- [ RunTime:0.000678s ]

[ 2016-09-07T19:15:30+08:00 ] 127.0.0.1 /index.php/Admin/Resource/showlist.html
INFO: [ app_init ] --START--
INFO: Run Behavior\BuildLiteBehavior [ RunTime:0.000019s ]
INFO: [ app_init ] --END-- [ RunTime:0.000583s ]

[ 2016-09-07T19:18:10+08:00 ] 127.0.0.1 /index.php/Admin/Resource/showList
INFO: [ app_init ] --START--
INFO: Run Behavior\BuildLiteBehavior [ RunTime:0.000021s ]
INFO: [ app_init ] --END-- [ RunTime:0.000731s ]

[ 2016-09-07T19:18:14+08:00 ] 127.0.0.1 /index.php/Admin/Resource/download/rid/1
INFO: [ app_init ] --START--
INFO: Run Behavior\BuildLiteBehavior [ RunTime:0.000021s ]
INFO: [ app_init ] --END-- [ RunTime:0.000473s ]

[ 2016-09-07T19:22:34+08:00 ] 127.0.0.1 /index.php/Admin/Resource/showList
INFO: [ app_init ] --START--
INFO: Run Behavior\BuildLiteBehavior [ RunTime:0.000022s ]
INFO: [ app_init ] --END-- [ RunTime:0.000749s ]

[ 2016-09-07T19:23:07+08:00 ] 127.0.0.1 /index.php/Admin/Resource/download/rid/1
INFO: [ app_init ] --START--
INFO: Run Behavior\BuildLiteBehavior [ RunTime:0.000022s ]
INFO: [ app_init ] --END-- [ RunTime:0.000706s ]

[ 2016-09-07T19:23:08+08:00 ] 127.0.0.1 /index.php/Admin/Resource/showList/p/2.html
INFO: [ app_init ] --START--
INFO: Run Behavior\BuildLiteBehavior [ RunTime:0.000019s ]
INFO: [ app_init ] --END-- [ RunTime:0.000645s ]

[ 2016-09-07T19:23:13+08:00 ] 127.0.0.1 /index.php/Admin/Resource/showList/p/1.html
INFO: [ app_init ] --START--
INFO: Run Behavior\BuildLiteBehavior [ RunTime:0.000021s ]
INFO: [ app_init ] --END-- [ RunTime:0.000628s ]

[ 2016-09-07T19:23:52+08:00 ] 127.0.0.1 /index.php/Admin/Resource/download/rid/1
INFO: [ app_init ] --START--
INFO: Run Behavior\BuildLiteBehavior [ RunTime:0.000019s ]
INFO: [ app_init ] --END-- [ RunTime:0.000587s ]

[ 2016-09-07T19:25:01+08:00 ] 127.0.0.1 /index.php/Admin/Resource/showList/p/2.html
INFO: [ app_init ] --START--
INFO: Run Behavior\BuildLiteBehavior [ RunTime:0.000024s ]
INFO: [ app_init ] --END-- [ RunTime:0.001007s ]

[ 2016-09-07T19:41:57+08:00 ] 127.0.0.1 /index.php/Admin/Resource/showList
INFO: [ app_init ] --START--
INFO: Run Behavior\BuildLiteBehavior [ RunTime:0.000016s ]
INFO: [ app_init ] --END-- [ RunTime:0.000558s ]

[ 2016-09-07T19:42:40+08:00 ] 127.0.0.1 /index.php/Admin/Resource/download/rid/1
INFO: [ app_init ] --START--
INFO: Run Behavior\BuildLiteBehavior [ RunTime:0.000023s ]
INFO: [ app_init ] --END-- [ RunTime:0.000683s ]

[ 2016-09-07T19:43:51+08:00 ] 127.0.0.1 /index.php/Admin/Resource/download/rid/1
INFO: [ app_init ] --START--
INFO: Run Behavior\BuildLiteBehavior [ RunTime:0.000017s ]
INFO: [ app_init ] --END-- [ RunTime:0.000611s ]

[ 2016-09-07T19:45:59+08:00 ] 127.0.0.1 /index.php/Admin/Resource/download/rid/1
INFO: [ app_init ] --START--
INFO: Run Behavior\BuildLiteBehavior [ RunTime:0.000020s ]
INFO: [ app_init ] --END-- [ RunTime:0.000684s ]

[ 2016-09-07T19:46:42+08:00 ] 127.0.0.1 /index.php/Admin/Resource/showList/p/2.html
INFO: [ app_init ] --START--
INFO: Run Behavior\BuildLiteBehavior [ RunTime:0.000015s ]
INFO: [ app_init ] --END-- [ RunTime:0.000602s ]

[ 2016-09-07T19:46:51+08:00 ] 127.0.0.1 /index.php/Admin/Resource/download/rid/14
INFO: [ app_init ] --START--
INFO: Run Behavior\BuildLiteBehavior [ RunTime:0.000017s ]
INFO: [ app_init ] --END-- [ RunTime:0.000493s ]

[ 2016-09-07T19:51:06+08:00 ] 127.0.0.1 /index.php/Admin/Resource/download/rid/14
INFO: [ app_init ] --START--
INFO: Run Behavior\BuildLiteBehavior [ RunTime:0.000021s ]
INFO: [ app_init ] --END-- [ RunTime:0.000720s ]

[ 2016-09-07T19:51:21+08:00 ] 127.0.0.1 /index.php/Admin/Resource/download/rid/14
INFO: [ app_init ] --START--
INFO: Run Behavior\BuildLiteBehavior [ RunTime:0.000018s ]
INFO: [ app_init ] --END-- [ RunTime:0.001259s ]

[ 2016-09-07T19:53:57+08:00 ] 127.0.0.1 /index.php/Admin/Resource/showList
INFO: [ app_init ] --START--
INFO: Run Behavior\BuildLiteBehavior [ RunTime:0.000018s ]
INFO: [ app_init ] --END-- [ RunTime:0.000551s ]

[ 2016-09-07T20:00:29+08:00 ] 127.0.0.1 /index.php/Admin/Resource/showList
INFO: [ app_init ] --START--
INFO: Run Behavior\BuildLiteBehavior [ RunTime:0.000016s ]
INFO: [ app_init ] --END-- [ RunTime:0.000662s ]

[ 2016-09-07T20:01:14+08:00 ] 127.0.0.1 /index.php/Admin/Resource/download/rid/1
INFO: [ app_init ] --START--
INFO: Run Behavior\BuildLiteBehavior [ RunTime:0.000031s ]
INFO: [ app_init ] --END-- [ RunTime:0.000870s ]

[ 2016-09-07T20:01:28+08:00 ] 127.0.0.1 /index.php/Admin/Resource/showList/p/2.html
INFO: [ app_init ] --START--
INFO: Run Behavior\BuildLiteBehavior [ RunTime:0.000028s ]
INFO: [ app_init ] --END-- [ RunTime:0.000798s ]

[ 2016-09-07T20:02:01+08:00 ] 127.0.0.1 /index.php/Admin/Resource/download/rid/14
INFO: [ app_init ] --START--
INFO: Run Behavior\BuildLiteBehavior [ RunTime:0.000020s ]
INFO: [ app_init ] --END-- [ RunTime:0.000752s ]

[ 2016-09-07T20:03:34+08:00 ] 127.0.0.1 /index.php/Admin/Resource/download/rid/14
INFO: [ app_init ] --START--
INFO: Run Behavior\BuildLiteBehavior [ RunTime:0.000020s ]
INFO: [ app_init ] --END-- [ RunTime:0.000620s ]

[ 2016-09-07T20:05:40+08:00 ] 127.0.0.1 /index.php/Admin/Resource/showList
INFO: [ app_init ] --START--
INFO: Run Behavior\BuildLiteBehavior [ RunTime:0.000014s ]
INFO: [ app_init ] --END-- [ RunTime:0.000672s ]

[ 2016-09-07T20:06:16+08:00 ] 127.0.0.1 /index.php/Admin/Resource/download/rid/1
INFO: [ app_init ] --START--
INFO: Run Behavior\BuildLiteBehavior [ RunTime:0.000013s ]
INFO: [ app_init ] --END-- [ RunTime:0.000577s ]

[ 2016-09-07T20:07:23+08:00 ] 127.0.0.1 /index.php/Admin/Resource/showList/p/2.html
INFO: [ app_init ] --START--
INFO: Run Behavior\BuildLiteBehavior [ RunTime:0.000016s ]
INFO: [ app_init ] --END-- [ RunTime:0.000467s ]

[ 2016-09-07T20:07:28+08:00 ] 127.0.0.1 /index.php/Admin/Resource/showList/p/2.html
INFO: [ app_init ] --START--
INFO: Run Behavior\BuildLiteBehavior [ RunTime:0.000015s ]
INFO: [ app_init ] --END-- [ RunTime:0.000516s ]

[ 2016-09-07T20:08:01+08:00 ] 127.0.0.1 /index.php/Admin/Resource/download/rid/14
INFO: [ app_init ] --START--
INFO: Run Behavior\BuildLiteBehavior [ RunTime:0.000015s ]
INFO: [ app_init ] --END-- [ RunTime:0.000428s ]

[ 2016-09-07T20:10:33+08:00 ] 127.0.0.1 /index.php/Admin/Resource/download/rid/14
INFO: [ app_init ] --START--
INFO: Run Behavior\BuildLiteBehavior [ RunTime:0.000018s ]
INFO: [ app_init ] --END-- [ RunTime:0.000518s ]

[ 2016-09-07T20:13:14+08:00 ] 127.0.0.1 /index.php/Admin/Resource/download/rid/14
INFO: [ app_init ] --START--
INFO: Run Behavior\BuildLiteBehavior [ RunTime:0.000014s ]
INFO: [ app_init ] --END-- [ RunTime:0.000594s ]

[ 2016-09-07T20:13:27+08:00 ] 127.0.0.1 /index.php/Admin/Resource/showList/p/1.html
INFO: [ app_init ] --START--
INFO: Run Behavior\BuildLiteBehavior [ RunTime:0.000019s ]
INFO: [ app_init ] --END-- [ RunTime:0.001683s ]

[ 2016-09-07T20:13:31+08:00 ] 127.0.0.1 /index.php/Admin/Resource/download/rid/1
INFO: [ app_init ] --START--
INFO: Run Behavior\BuildLiteBehavior [ RunTime:0.000025s ]
INFO: [ app_init ] --END-- [ RunTime:0.000758s ]

[ 2016-09-07T20:14:07+08:00 ] 127.0.0.1 /index.php/Admin/Resource/showList/p/1.html
INFO: [ app_init ] --START--
INFO: Run Behavior\BuildLiteBehavior [ RunTime:0.000014s ]
INFO: [ app_init ] --END-- [ RunTime:0.000538s ]

[ 2016-09-07T20:14:10+08:00 ] 127.0.0.1 /index.php/Admin/Resource/download/rid/1
INFO: [ app_init ] --START--
INFO: Run Behavior\BuildLiteBehavior [ RunTime:0.000013s ]
INFO: [ app_init ] --END-- [ RunTime:0.000542s ]

[ 2016-09-07T20:15:18+08:00 ] 127.0.0.1 /index.php/Admin/Resource/download/rid/1
INFO: [ app_init ] --START--
INFO: Run Behavior\BuildLiteBehavior [ RunTime:0.000015s ]
INFO: [ app_init ] --END-- [ RunTime:0.000632s ]

[ 2016-09-07T20:17:01+08:00 ] 127.0.0.1 /index.php/Admin/Resource/download/rid/1
INFO: [ app_init ] --START--
INFO: Run Behavior\BuildLiteBehavior [ RunTime:0.000020s ]
INFO: [ app_init ] --END-- [ RunTime:0.000577s ]

[ 2016-09-07T20:18:36+08:00 ] 127.0.0.1 /index.php/Admin/Resource/download/rid/1
INFO: [ app_init ] --START--
INFO: Run Behavior\BuildLiteBehavior [ RunTime:0.000018s ]
INFO: [ app_init ] --END-- [ RunTime:0.000580s ]

[ 2016-09-07T20:19:46+08:00 ] 127.0.0.1 /index.php/Admin/Resource/download/rid/1
INFO: [ app_init ] --START--
INFO: Run Behavior\BuildLiteBehavior [ RunTime:0.000014s ]
INFO: [ app_init ] --END-- [ RunTime:0.000502s ]

[ 2016-09-07T20:29:28+08:00 ] 127.0.0.1 /index.php/Admin/Resource/showList/p/1.html
INFO: [ app_init ] --START--
INFO: Run Behavior\BuildLiteBehavior [ RunTime:0.000015s ]
INFO: [ app_init ] --END-- [ RunTime:0.000619s ]

[ 2016-09-07T20:59:15+08:00 ] 127.0.0.1 /index.php/Admin/Resource/showList/p/1.html
INFO: [ app_init ] --START--
INFO: Run Behavior\BuildLiteBehavior [ RunTime:0.000015s ]
INFO: [ app_init ] --END-- [ RunTime:0.000722s ]

[ 2016-09-07T20:59:19+08:00 ] 127.0.0.1 /index.php/Admin/Resource/download/rid/2
INFO: [ app_init ] --START--
INFO: Run Behavior\BuildLiteBehavior [ RunTime:0.000021s ]
INFO: [ app_init ] --END-- [ RunTime:0.000757s ]

[ 2016-09-07T20:59:23+08:00 ] 127.0.0.1 /index.php/Admin/Resource/showlist.html
INFO: [ app_init ] --START--
INFO: Run Behavior\BuildLiteBehavior [ RunTime:0.000027s ]
INFO: [ app_init ] --END-- [ RunTime:0.000721s ]

[ 2016-09-07T20:59:27+08:00 ] 127.0.0.1 /index.php/Admin/Resource/download/rid/1
INFO: [ app_init ] --START--
INFO: Run Behavior\BuildLiteBehavior [ RunTime:0.000018s ]
INFO: [ app_init ] --END-- [ RunTime:0.000738s ]

[ 2016-09-07T21:00:04+08:00 ] 127.0.0.1 /index.php/Admin/Resource/download/rid/1
INFO: [ app_init ] --START--
INFO: Run Behavior\BuildLiteBehavior [ RunTime:0.000017s ]
INFO: [ app_init ] --END-- [ RunTime:0.000541s ]

[ 2016-09-07T21:00:42+08:00 ] 127.0.0.1 /index.php/Admin/Resource/showlist.html
INFO: [ app_init ] --START--
INFO: Run Behavior\BuildLiteBehavior [ RunTime:0.000027s ]
INFO: [ app_init ] --END-- [ RunTime:0.000748s ]

[ 2016-09-07T21:00:45+08:00 ] 127.0.0.1 /index.php/Admin/Resource/download/rid/1
INFO: [ app_init ] --START--
INFO: Run Behavior\BuildLiteBehavior [ RunTime:0.000034s ]
INFO: [ app_init ] --END-- [ RunTime:0.000797s ]

[ 2016-09-07T21:01:17+08:00 ] 127.0.0.1 /index.php/Admin/Resource/showlist/p/2.html
INFO: [ app_init ] --START--
INFO: Run Behavior\BuildLiteBehavior [ RunTime:0.000013s ]
INFO: [ app_init ] --END-- [ RunTime:0.000444s ]

[ 2016-09-07T21:01:26+08:00 ] 127.0.0.1 /index.php/Admin/Resource/download/rid/14
INFO: [ app_init ] --START--
INFO: Run Behavior\BuildLiteBehavior [ RunTime:0.000016s ]
INFO: [ app_init ] --END-- [ RunTime:0.000477s ]

[ 2016-09-07T21:01:46+08:00 ] 127.0.0.1 /index.php/Admin/Resource/showlist/p/1.html
INFO: [ app_init ] --START--
INFO: Run Behavior\BuildLiteBehavior [ RunTime:0.000014s ]
INFO: [ app_init ] --END-- [ RunTime:0.000446s ]

[ 2016-09-07T21:04:21+08:00 ] 127.0.0.1 /index.php/Admin/Resource/download/rid/1
INFO: [ app_init ] --START--
INFO: Run Behavior\BuildLiteBehavior [ RunTime:0.000018s ]
INFO: [ app_init ] --END-- [ RunTime:0.000587s ]

[ 2016-09-07T21:04:25+08:00 ] 127.0.0.1 /index.php/Admin/Resource/showlist.html
INFO: [ app_init ] --START--
INFO: Run Behavior\BuildLiteBehavior [ RunTime:0.000017s ]
INFO: [ app_init ] --END-- [ RunTime:0.000670s ]

[ 2016-09-07T21:04:30+08:00 ] 127.0.0.1 /index.php/Admin/Resource/download/rid/1
INFO: [ app_init ] --START--
INFO: Run Behavior\BuildLiteBehavior [ RunTime:0.000017s ]
INFO: [ app_init ] --END-- [ RunTime:0.000540s ]

[ 2016-09-07T21:04:34+08:00 ] 127.0.0.1 /index.php/Admin/Resource/showlist.html
INFO: [ app_init ] --START--
INFO: Run Behavior\BuildLiteBehavior [ RunTime:0.000014s ]
INFO: [ app_init ] --END-- [ RunTime:0.000493s ]

[ 2016-09-07T21:04:43+08:00 ] 127.0.0.1 /index.php/Admin/Resource/download/rid/1
INFO: [ app_init ] --START--
INFO: Run Behavior\BuildLiteBehavior [ RunTime:0.000024s ]
INFO: [ app_init ] --END-- [ RunTime:0.000587s ]

[ 2016-09-07T21:07:45+08:00 ] 127.0.0.1 /index.php/Admin/Resource/showList
INFO: [ app_init ] --START--
INFO: Run Behavior\BuildLiteBehavior [ RunTime:0.000020s ]
INFO: [ app_init ] --END-- [ RunTime:0.000570s ]

[ 2016-09-07T21:07:48+08:00 ] 127.0.0.1 /index.php/Admin/Resource/showList/p/2.html
INFO: [ app_init ] --START--
INFO: Run Behavior\BuildLiteBehavior [ RunTime:0.000018s ]
INFO: [ app_init ] --END-- [ RunTime:0.000680s ]

[ 2016-09-07T21:07:53+08:00 ] 127.0.0.1 /index.php/Admin/Resource/download/rid/15
INFO: [ app_init ] --START--
INFO: Run Behavior\BuildLiteBehavior [ RunTime:0.000014s ]
INFO: [ app_init ] --END-- [ RunTime:0.000493s ]

[ 2016-09-07T21:08:10+08:00 ] 127.0.0.1 /index.php/Admin/Resource/showList/p/1.html
INFO: [ app_init ] --START--
INFO: Run Behavior\BuildLiteBehavior [ RunTime:0.000029s ]
INFO: [ app_init ] --END-- [ RunTime:0.001431s ]

[ 2016-09-07T21:08:16+08:00 ] 127.0.0.1 /index.php/Admin/Resource/showList/p/1.html
INFO: [ app_init ] --START--
INFO: Run Behavior\BuildLiteBehavior [ RunTime:0.000021s ]
INFO: [ app_init ] --END-- [ RunTime:0.000555s ]

[ 2016-09-07T21:10:23+08:00 ] 127.0.0.1 /index.php/Admin/Resource/showList/p/1.html
INFO: [ app_init ] --START--
INFO: Run Behavior\BuildLiteBehavior [ RunTime:0.000014s ]
INFO: [ app_init ] --END-- [ RunTime:0.000591s ]

[ 2016-09-07T21:10:25+08:00 ] 127.0.0.1 /index.php/Admin/Resource/download/rid/1
INFO: [ app_init ] --START--
INFO: Run Behavior\BuildLiteBehavior [ RunTime:0.000016s ]
INFO: [ app_init ] --END-- [ RunTime:0.000515s ]

[ 2016-09-07T21:12:00+08:00 ] 127.0.0.1 /index.php/Admin/Resource/showList/p/1.html
INFO: [ app_init ] --START--
INFO: Run Behavior\BuildLiteBehavior [ RunTime:0.000014s ]
INFO: [ app_init ] --END-- [ RunTime:0.000590s ]

[ 2016-09-07T21:12:03+08:00 ] 127.0.0.1 /index.php/Admin/Resource/download/rid/1
INFO: [ app_init ] --START--
INFO: Run Behavior\BuildLiteBehavior [ RunTime:0.000017s ]
INFO: [ app_init ] --END-- [ RunTime:0.000543s ]

[ 2016-09-07T21:12:25+08:00 ] 127.0.0.1 /index.php/Admin/Resource/download/rid/1
INFO: [ app_init ] --START--
INFO: Run Behavior\BuildLiteBehavior [ RunTime:0.000023s ]
INFO: [ app_init ] --END-- [ RunTime:0.000830s ]

[ 2016-09-07T21:13:22+08:00 ] 127.0.0.1 /index.php/Admin/Resource/download/rid/1
INFO: [ app_init ] --START--
INFO: Run Behavior\BuildLiteBehavior [ RunTime:0.000021s ]
INFO: [ app_init ] --END-- [ RunTime:0.000735s ]

[ 2016-09-07T21:13:52+08:00 ] 127.0.0.1 /index.php/Admin/Resource/download/rid/1
INFO: [ app_init ] --START--
INFO: Run Behavior\BuildLiteBehavior [ RunTime:0.000013s ]
INFO: [ app_init ] --END-- [ RunTime:0.000503s ]

[ 2016-09-07T21:13:54+08:00 ] 127.0.0.1 /index.php/Admin/Resource/download/rid/1
INFO: [ app_init ] --START--
INFO: Run Behavior\BuildLiteBehavior [ RunTime:0.000021s ]
INFO: [ app_init ] --END-- [ RunTime:0.000672s ]

[ 2016-09-07T21:14:07+08:00 ] 127.0.0.1 /index.php/Admin/Resource/download/rid/1
INFO: [ app_init ] --START--
INFO: Run Behavior\BuildLiteBehavior [ RunTime:0.000014s ]
INFO: [ app_init ] --END-- [ RunTime:0.000526s ]

[ 2016-09-07T21:14:19+08:00 ] 127.0.0.1 /index.php/Admin/Resource/download/rid/1
INFO: [ app_init ] --START--
INFO: Run Behavior\BuildLiteBehavior [ RunTime:0.000025s ]
INFO: [ app_init ] --END-- [ RunTime:0.001759s ]

[ 2016-09-07T21:14:22+08:00 ] 127.0.0.1 /index.php/Admin/Resource/download/rid/1
INFO: [ app_init ] --START--
INFO: Run Behavior\BuildLiteBehavior [ RunTime:0.000013s ]
INFO: [ app_init ] --END-- [ RunTime:0.000498s ]

[ 2016-09-07T21:14:43+08:00 ] 127.0.0.1 /index.php/Admin/Resource/download/rid/1
INFO: [ app_init ] --START--
INFO: Run Behavior\BuildLiteBehavior [ RunTime:0.000017s ]
INFO: [ app_init ] --END-- [ RunTime:0.000615s ]

[ 2016-09-07T21:14:46+08:00 ] 127.0.0.1 /index.php/Admin/Resource/download/rid/1
INFO: [ app_init ] --START--
INFO: Run Behavior\BuildLiteBehavior [ RunTime:0.000014s ]
INFO: [ app_init ] --END-- [ RunTime:0.000521s ]

[ 2016-09-07T21:14:51+08:00 ] 127.0.0.1 /index.php/Admin/Resource/download/rid/1
INFO: [ app_init ] --START--
INFO: Run Behavior\BuildLiteBehavior [ RunTime:0.000019s ]
INFO: [ app_init ] --END-- [ RunTime:0.000734s ]

[ 2016-09-07T21:16:44+08:00 ] 127.0.0.1 /index.php/Admin/Resource/download/rid/1
INFO: [ app_init ] --START--
INFO: Run Behavior\BuildLiteBehavior [ RunTime:0.000014s ]
INFO: [ app_init ] --END-- [ RunTime:0.000588s ]

[ 2016-09-07T21:16:49+08:00 ] 127.0.0.1 /index.php/Admin/Resource/showList/p/1.html
INFO: [ app_init ] --START--
INFO: Run Behavior\BuildLiteBehavior [ RunTime:0.000015s ]
INFO: [ app_init ] --END-- [ RunTime:0.000590s ]

[ 2016-09-07T21:18:18+08:00 ] 127.0.0.1 /index.php/Admin/Resource/download/rid/1
INFO: [ app_init ] --START--
INFO: Run Behavior\BuildLiteBehavior [ RunTime:0.000016s ]
INFO: [ app_init ] --END-- [ RunTime:0.000575s ]

[ 2016-09-07T21:19:59+08:00 ] 127.0.0.1 /index.php/Admin/Resource/showList/p/2.html
INFO: [ app_init ] --START--
INFO: Run Behavior\BuildLiteBehavior [ RunTime:0.000031s ]
INFO: [ app_init ] --END-- [ RunTime:0.001985s ]

[ 2016-09-07T21:20:04+08:00 ] 127.0.0.1 /index.php/Admin/Resource/download/rid/14
INFO: [ app_init ] --START--
INFO: Run Behavior\BuildLiteBehavior [ RunTime:0.000022s ]
INFO: [ app_init ] --END-- [ RunTime:0.000891s ]

[ 2016-09-07T21:21:28+08:00 ] 127.0.0.1 /index.php/Admin/Resource/download/rid/14
INFO: [ app_init ] --START--
INFO: Run Behavior\BuildLiteBehavior [ RunTime:0.000017s ]
INFO: [ app_init ] --END-- [ RunTime:0.000530s ]

[ 2016-09-07T21:21:54+08:00 ] 127.0.0.1 /index.php/Admin/Resource/download/rid/14
INFO: [ app_init ] --START--
INFO: Run Behavior\BuildLiteBehavior [ RunTime:0.000023s ]
INFO: [ app_init ] --END-- [ RunTime:0.000807s ]

[ 2016-09-07T21:22:02+08:00 ] 127.0.0.1 /index.php/Admin/Resource/download/rid/15
INFO: [ app_init ] --START--
INFO: Run Behavior\BuildLiteBehavior [ RunTime:0.000017s ]
INFO: [ app_init ] --END-- [ RunTime:0.000556s ]

[ 2016-09-07T21:22:29+08:00 ] 127.0.0.1 /index.php/Admin/Resource/showList/p/2.html
INFO: [ app_init ] --START--
INFO: Run Behavior\BuildLiteBehavior [ RunTime:0.000015s ]
INFO: [ app_init ] --END-- [ RunTime:0.000506s ]

[ 2016-09-07T21:22:33+08:00 ] 127.0.0.1 /index.php/Admin/Resource/download/rid/14
INFO: [ app_init ] --START--
INFO: Run Behavior\BuildLiteBehavior [ RunTime:0.000026s ]
INFO: [ app_init ] --END-- [ RunTime:0.000978s ]

[ 2016-09-07T21:22:39+08:00 ] 127.0.0.1 /index.php/Admin/Resource/download/rid/15
INFO: [ app_init ] --START--
INFO: Run Behavior\BuildLiteBehavior [ RunTime:0.000018s ]
INFO: [ app_init ] --END-- [ RunTime:0.000785s ]

[ 2016-09-07T21:22:44+08:00 ] 127.0.0.1 /index.php/Admin/Resource/showList/p/1.html
INFO: [ app_init ] --START--
INFO: Run Behavior\BuildLiteBehavior [ RunTime:0.000023s ]
INFO: [ app_init ] --END-- [ RunTime:0.000864s ]

[ 2016-09-07T21:22:53+08:00 ] 127.0.0.1 /index.php/Admin/Resource/download/rid/1
INFO: [ app_init ] --START--
INFO: Run Behavior\BuildLiteBehavior [ RunTime:0.000015s ]
INFO: [ app_init ] --END-- [ RunTime:0.000437s ]

[ 2016-09-07T21:24:31+08:00 ] 127.0.0.1 /index.php/Admin/Resource/download/rid/1
INFO: [ app_init ] --START--
INFO: Run Behavior\BuildLiteBehavior [ RunTime:0.000017s ]
INFO: [ app_init ] --END-- [ RunTime:0.000577s ]

[ 2016-09-07T21:24:34+08:00 ] 127.0.0.1 /index.php/Admin/Resource/showList/p/2.html
INFO: [ app_init ] --START--
INFO: Run Behavior\BuildLiteBehavior [ RunTime:0.000016s ]
INFO: [ app_init ] --END-- [ RunTime:0.000486s ]

[ 2016-09-07T21:24:38+08:00 ] 127.0.0.1 /index.php/Admin/Resource/download/rid/14
INFO: [ app_init ] --START--
INFO: Run Behavior\BuildLiteBehavior [ RunTime:0.000018s ]
INFO: [ app_init ] --END-- [ RunTime:0.000614s ]

[ 2016-09-07T21:24:44+08:00 ] 127.0.0.1 /index.php/Admin/Resource/download/rid/15
INFO: [ app_init ] --START--
INFO: Run Behavior\BuildLiteBehavior [ RunTime:0.000017s ]
INFO: [ app_init ] --END-- [ RunTime:0.000605s ]

[ 2016-09-07T21:29:23+08:00 ] 127.0.0.1 /index.php/Admin/Resource/showList/p/2.html
INFO: [ app_init ] --START--
INFO: Run Behavior\BuildLiteBehavior [ RunTime:0.000019s ]
INFO: [ app_init ] --END-- [ RunTime:0.000818s ]

[ 2016-09-07T21:29:27+08:00 ] 127.0.0.1 /index.php/Admin/Resource/download/rid/15
INFO: [ app_init ] --START--
INFO: Run Behavior\BuildLiteBehavior [ RunTime:0.000014s ]
INFO: [ app_init ] --END-- [ RunTime:0.000490s ]

[ 2016-09-07T21:29:42+08:00 ] 127.0.0.1 /index.php/Admin/Resource/showList/p/1.html
INFO: [ app_init ] --START--
INFO: Run Behavior\BuildLiteBehavior [ RunTime:0.000020s ]
INFO: [ app_init ] --END-- [ RunTime:0.000659s ]

[ 2016-09-07T21:30:04+08:00 ] 127.0.0.1 /index.php/Admin/Resource/download/rid/1
INFO: [ app_init ] --START--
INFO: Run Behavior\BuildLiteBehavior [ RunTime:0.000017s ]
INFO: [ app_init ] --END-- [ RunTime:0.000661s ]

[ 2016-09-07T21:30:39+08:00 ] 127.0.0.1 /index.php/Admin/Resource/showList/p/1.html
INFO: [ app_init ] --START--
INFO: Run Behavior\BuildLiteBehavior [ RunTime:0.000028s ]
INFO: [ app_init ] --END-- [ RunTime:0.000701s ]

[ 2016-09-07T21:30:46+08:00 ] 127.0.0.1 /index.php/Admin/Resource/showList/p/2.html
INFO: [ app_init ] --START--
INFO: Run Behavior\BuildLiteBehavior [ RunTime:0.000014s ]
INFO: [ app_init ] --END-- [ RunTime:0.000595s ]

[ 2016-09-07T21:30:50+08:00 ] 127.0.0.1 /index.php/Admin/Resource/download/rid/15
INFO: [ app_init ] --START--
INFO: Run Behavior\BuildLiteBehavior [ RunTime:0.000017s ]
INFO: [ app_init ] --END-- [ RunTime:0.000551s ]

[ 2016-09-07T21:30:56+08:00 ] 127.0.0.1 /index.php/Admin/Resource/download/rid/14
INFO: [ app_init ] --START--
INFO: Run Behavior\BuildLiteBehavior [ RunTime:0.000019s ]
INFO: [ app_init ] --END-- [ RunTime:0.000512s ]

[ 2016-09-07T21:34:33+08:00 ] 127.0.0.1 /index.php/Admin/Resource/showList/p/2.html
INFO: [ app_init ] --START--
INFO: Run Behavior\BuildLiteBehavior [ RunTime:0.000016s ]
INFO: [ app_init ] --END-- [ RunTime:0.000608s ]

[ 2016-09-07T21:34:37+08:00 ] 127.0.0.1 /index.php/Admin/Resource/download/rid/15
INFO: [ app_init ] --START--
INFO: Run Behavior\BuildLiteBehavior [ RunTime:0.000026s ]
INFO: [ app_init ] --END-- [ RunTime:0.000769s ]

[ 2016-09-07T21:38:46+08:00 ] 127.0.0.1 /index.php/Admin/Resource/showList
INFO: [ app_init ] --START--
INFO: Run Behavior\BuildLiteBehavior [ RunTime:0.000017s ]
INFO: [ app_init ] --END-- [ RunTime:0.000508s ]

[ 2016-09-07T21:38:51+08:00 ] 127.0.0.1 /index.php/Admin/Resource/download/rid/1
INFO: [ app_init ] --START--
INFO: Run Behavior\BuildLiteBehavior [ RunTime:0.000014s ]
INFO: [ app_init ] --END-- [ RunTime:0.000514s ]

[ 2016-09-07T21:40:00+08:00 ] 127.0.0.1 /index.php/Admin/Resource/download/rid/1
INFO: [ app_init ] --START--
INFO: Run Behavior\BuildLiteBehavior [ RunTime:0.000020s ]
INFO: [ app_init ] --END-- [ RunTime:0.000765s ]

[ 2016-09-07T21:40:02+08:00 ] 127.0.0.1 /index.php/Admin/Resource/showList
INFO: [ app_init ] --START--
INFO: Run Behavior\BuildLiteBehavior [ RunTime:0.000016s ]
INFO: [ app_init ] --END-- [ RunTime:0.000462s ]

[ 2016-09-07T21:40:54+08:00 ] 127.0.0.1 /index.php/Admin/Resource/download/rid/1
INFO: [ app_init ] --START--
INFO: Run Behavior\BuildLiteBehavior [ RunTime:0.000018s ]
INFO: [ app_init ] --END-- [ RunTime:0.000531s ]

[ 2016-09-07T21:40:56+08:00 ] 127.0.0.1 /index.php/Admin/Resource/showList/p/2.html
INFO: [ app_init ] --START--
INFO: Run Behavior\BuildLiteBehavior [ RunTime:0.000021s ]
INFO: [ app_init ] --END-- [ RunTime:0.000693s ]

[ 2016-09-07T21:41:03+08:00 ] 127.0.0.1 /index.php/Admin/Resource/download/rid/15
INFO: [ app_init ] --START--
INFO: Run Behavior\BuildLiteBehavior [ RunTime:0.000016s ]
INFO: [ app_init ] --END-- [ RunTime:0.000469s ]

[ 2016-09-07T21:41:30+08:00 ] 127.0.0.1 /index.php/Admin/Resource/download/rid/14
INFO: [ app_init ] --START--
INFO: Run Behavior\BuildLiteBehavior [ RunTime:0.000018s ]
INFO: [ app_init ] --END-- [ RunTime:0.000765s ]

[ 2016-09-07T21:41:38+08:00 ] 127.0.0.1 /index.php/Admin/Resource/download/rid/1
INFO: [ app_init ] --START--
INFO: Run Behavior\BuildLiteBehavior [ RunTime:0.000014s ]
INFO: [ app_init ] --END-- [ RunTime:0.000448s ]

[ 2016-09-07T21:41:43+08:00 ] 127.0.0.1 /index.php/Admin/Resource/download/rid/1
INFO: [ app_init ] --START--
INFO: Run Behavior\BuildLiteBehavior [ RunTime:0.000029s ]
INFO: [ app_init ] --END-- [ RunTime:0.000813s ]

[ 2016-09-07T21:42:05+08:00 ] 127.0.0.1 /index.php/Admin/Resource/showList/p/1.html
INFO: [ app_init ] --START--
INFO: Run Behavior\BuildLiteBehavior [ RunTime:0.000023s ]
INFO: [ app_init ] --END-- [ RunTime:0.000800s ]

[ 2016-09-07T21:42:07+08:00 ] 127.0.0.1 /index.php/Admin/Resource/showList/p/1.html
INFO: [ app_init ] --START--
INFO: Run Behavior\BuildLiteBehavior [ RunTime:0.000014s ]
INFO: [ app_init ] --END-- [ RunTime:0.000528s ]

[ 2016-09-07T21:42:22+08:00 ] 127.0.0.1 /index.php/Admin/Resource/download/rid/1
INFO: [ app_init ] --START--
INFO: Run Behavior\BuildLiteBehavior [ RunTime:0.000025s ]
INFO: [ app_init ] --END-- [ RunTime:0.000786s ]

[ 2016-09-07T21:42:29+08:00 ] 127.0.0.1 /index.php/Admin/Resource/showList/p/1.html
INFO: [ app_init ] --START--
INFO: Run Behavior\BuildLiteBehavior [ RunTime:0.000021s ]
INFO: [ app_init ] --END-- [ RunTime:0.001097s ]

[ 2016-09-07T21:42:32+08:00 ] 127.0.0.1 /index.php/Admin/Resource/showList/p/2.html
INFO: [ app_init ] --START--
INFO: Run Behavior\BuildLiteBehavior [ RunTime:0.000015s ]
INFO: [ app_init ] --END-- [ RunTime:0.000547s ]

[ 2016-09-07T21:42:37+08:00 ] 127.0.0.1 /index.php/Admin/Resource/download/rid/15
INFO: [ app_init ] --START--
INFO: Run Behavior\BuildLiteBehavior [ RunTime:0.000025s ]
INFO: [ app_init ] --END-- [ RunTime:0.000857s ]

[ 2016-09-07T21:42:51+08:00 ] 127.0.0.1 /index.php/Admin/Resource/download/rid/14
INFO: [ app_init ] --START--
INFO: Run Behavior\BuildLiteBehavior [ RunTime:0.000020s ]
INFO: [ app_init ] --END-- [ RunTime:0.000859s ]

[ 2016-09-07T21:43:38+08:00 ] 127.0.0.1 /index.php/Admin/Resource/showList/p/2.html
INFO: [ app_init ] --START--
INFO: Run Behavior\BuildLiteBehavior [ RunTime:0.000015s ]
INFO: [ app_init ] --END-- [ RunTime:0.000458s ]

[ 2016-09-07T21:43:42+08:00 ] 127.0.0.1 /index.php/Admin/Resource/download/rid/15
INFO: [ app_init ] --START--
INFO: Run Behavior\BuildLiteBehavior [ RunTime:0.000023s ]
INFO: [ app_init ] --END-- [ RunTime:0.000612s ]

[ 2016-09-07T21:43:58+08:00 ] 127.0.0.1 /index.php/Admin/Resource/showList
INFO: [ app_init ] --START--
INFO: Run Behavior\BuildLiteBehavior [ RunTime:0.000014s ]
INFO: [ app_init ] --END-- [ RunTime:0.000512s ]

[ 2016-09-07T21:44:01+08:00 ] 127.0.0.1 /index.php/Admin/Resource/showList/p/2.html
INFO: [ app_init ] --START--
INFO: Run Behavior\BuildLiteBehavior [ RunTime:0.000015s ]
INFO: [ app_init ] --END-- [ RunTime:0.000511s ]

[ 2016-09-07T21:44:43+08:00 ] 127.0.0.1 /index.php/Admin/Resource/showList/p/2.html
INFO: [ app_init ] --START--
INFO: Run Behavior\BuildLiteBehavior [ RunTime:0.000015s ]
INFO: [ app_init ] --END-- [ RunTime:0.000594s ]

[ 2016-09-07T21:44:46+08:00 ] 127.0.0.1 /index.php/Admin/Resource/download/rid/15
INFO: [ app_init ] --START--
INFO: Run Behavior\BuildLiteBehavior [ RunTime:0.000101s ]
INFO: [ app_init ] --END-- [ RunTime:0.001043s ]

[ 2016-09-07T21:44:58+08:00 ] 127.0.0.1 /index.php/Admin/Resource/download/rid/14
INFO: [ app_init ] --START--
INFO: Run Behavior\BuildLiteBehavior [ RunTime:0.000027s ]
INFO: [ app_init ] --END-- [ RunTime:0.000908s ]

[ 2016-09-07T21:45:07+08:00 ] 127.0.0.1 /index.php/Admin/Resource/showList/p/1.html
INFO: [ app_init ] --START--
INFO: Run Behavior\BuildLiteBehavior [ RunTime:0.000033s ]
INFO: [ app_init ] --END-- [ RunTime:0.000676s ]

[ 2016-09-07T21:45:11+08:00 ] 127.0.0.1 /index.php/Admin/Resource/download/rid/1
INFO: [ app_init ] --START--
INFO: Run Behavior\BuildLiteBehavior [ RunTime:0.000017s ]
INFO: [ app_init ] --END-- [ RunTime:0.000591s ]

[ 2016-09-07T21:46:34+08:00 ] 127.0.0.1 /index.php/Admin/Resource/showList/p/1.html
INFO: [ app_init ] --START--
INFO: Run Behavior\BuildLiteBehavior [ RunTime:0.000022s ]
INFO: [ app_init ] --END-- [ RunTime:0.000760s ]

[ 2016-09-07T21:46:37+08:00 ] 127.0.0.1 /index.php/Admin/Resource/download/rid/1
INFO: [ app_init ] --START--
INFO: Run Behavior\BuildLiteBehavior [ RunTime:0.000017s ]
INFO: [ app_init ] --END-- [ RunTime:0.000532s ]

[ 2016-09-07T21:48:04+08:00 ] 127.0.0.1 /index.php/Admin/Resource/showList/p/1.html
INFO: [ app_init ] --START--
INFO: Run Behavior\BuildLiteBehavior [ RunTime:0.000015s ]
INFO: [ app_init ] --END-- [ RunTime:0.000663s ]

[ 2016-09-07T21:48:08+08:00 ] 127.0.0.1 /index.php/Admin/Resource/download/rid/1
INFO: [ app_init ] --START--
INFO: Run Behavior\BuildLiteBehavior [ RunTime:0.000015s ]
INFO: [ app_init ] --END-- [ RunTime:0.000635s ]

[ 2016-09-07T21:48:12+08:00 ] 127.0.0.1 /index.php/Admin/Resource/showlist.html
INFO: [ app_init ] --START--
INFO: Run Behavior\BuildLiteBehavior [ RunTime:0.000017s ]
INFO: [ app_init ] --END-- [ RunTime:0.000560s ]

[ 2016-09-07T21:48:16+08:00 ] 127.0.0.1 /index.php/Admin/Resource/download/rid/1
INFO: [ app_init ] --START--
INFO: Run Behavior\BuildLiteBehavior [ RunTime:0.000025s ]
INFO: [ app_init ] --END-- [ RunTime:0.000782s ]

[ 2016-09-07T21:48:20+08:00 ] 127.0.0.1 /index.php/Admin/Resource/showlist.html
INFO: [ app_init ] --START--
INFO: Run Behavior\BuildLiteBehavior [ RunTime:0.000014s ]
INFO: [ app_init ] --END-- [ RunTime:0.000523s ]

[ 2016-09-07T21:50:01+08:00 ] 127.0.0.1 /index.php/Admin/Resource/showlist.html
INFO: [ app_init ] --START--
INFO: Run Behavior\BuildLiteBehavior [ RunTime:0.000015s ]
INFO: [ app_init ] --END-- [ RunTime:0.000600s ]

[ 2016-09-07T21:50:05+08:00 ] 127.0.0.1 /index.php/Admin/Resource/download/rid/1
INFO: [ app_init ] --START--
INFO: Run Behavior\BuildLiteBehavior [ RunTime:0.000024s ]
INFO: [ app_init ] --END-- [ RunTime:0.000597s ]

[ 2016-09-07T21:50:09+08:00 ] 127.0.0.1 /index.php/Admin/Resource/showlist.html
INFO: [ app_init ] --START--
INFO: Run Behavior\BuildLiteBehavior [ RunTime:0.000022s ]
INFO: [ app_init ] --END-- [ RunTime:0.000645s ]

[ 2016-09-07T21:51:04+08:00 ] 127.0.0.1 /index.php/Admin/Resource/showlist.html
INFO: [ app_init ] --START--
INFO: Run Behavior\BuildLiteBehavior [ RunTime:0.000014s ]
INFO: [ app_init ] --END-- [ RunTime:0.000452s ]

[ 2016-09-07T21:51:07+08:00 ] 127.0.0.1 /index.php/Admin/Resource/download/rid/1
INFO: [ app_init ] --START--
INFO: Run Behavior\BuildLiteBehavior [ RunTime:0.000018s ]
INFO: [ app_init ] --END-- [ RunTime:0.000493s ]

[ 2016-09-07T21:51:17+08:00 ] 127.0.0.1 /index.php/Admin/Resource/showlist/p/2.html
INFO: [ app_init ] --START--
INFO: Run Behavior\BuildLiteBehavior [ RunTime:0.000014s ]
INFO: [ app_init ] --END-- [ RunTime:0.000507s ]

[ 2016-09-07T21:51:21+08:00 ] 127.0.0.1 /index.php/Admin/Resource/download/rid/15
INFO: [ app_init ] --START--
INFO: Run Behavior\BuildLiteBehavior [ RunTime:0.000020s ]
INFO: [ app_init ] --END-- [ RunTime:0.000658s ]

[ 2016-09-07T21:51:43+08:00 ] 127.0.0.1 /index.php/Admin/Resource/showlist/p/2.html
INFO: [ app_init ] --START--
INFO: Run Behavior\BuildLiteBehavior [ RunTime:0.000014s ]
INFO: [ app_init ] --END-- [ RunTime:0.000537s ]

[ 2016-09-07T21:51:47+08:00 ] 127.0.0.1 /index.php/Admin/Resource/download/rid/15
INFO: [ app_init ] --START--
INFO: Run Behavior\BuildLiteBehavior [ RunTime:0.000015s ]
INFO: [ app_init ] --END-- [ RunTime:0.000419s ]

[ 2016-09-07T21:52:30+08:00 ] 127.0.0.1 /index.php/Admin/Resource/showlist/p/2.html
INFO: [ app_init ] --START--
INFO: Run Behavior\BuildLiteBehavior [ RunTime:0.000016s ]
INFO: [ app_init ] --END-- [ RunTime:0.000629s ]

[ 2016-09-07T21:52:33+08:00 ] 127.0.0.1 /index.php/Admin/Resource/download/rid/15
INFO: [ app_init ] --START--
INFO: Run Behavior\BuildLiteBehavior [ RunTime:0.000017s ]
INFO: [ app_init ] --END-- [ RunTime:0.000496s ]

[ 2016-09-07T21:52:46+08:00 ] 127.0.0.1 /index.php/Admin/Resource/download/rid/14
INFO: [ app_init ] --START--
INFO: Run Behavior\BuildLiteBehavior [ RunTime:0.000019s ]
INFO: [ app_init ] --END-- [ RunTime:0.000494s ]

[ 2016-09-07T21:53:19+08:00 ] 127.0.0.1 /index.php/Admin/Resource/showlist/p/2.html
INFO: [ app_init ] --START--
INFO: Run Behavior\BuildLiteBehavior [ RunTime:0.000018s ]
INFO: [ app_init ] --END-- [ RunTime:0.000559s ]

[ 2016-09-07T21:53:22+08:00 ] 127.0.0.1 /index.php/Admin/Resource/download/rid/15
INFO: [ app_init ] --START--
INFO: Run Behavior\BuildLiteBehavior [ RunTime:0.000020s ]
INFO: [ app_init ] --END-- [ RunTime:0.000779s ]

[ 2016-09-07T21:53:36+08:00 ] 127.0.0.1 /index.php/Admin/Resource/showlist/p/1.html
INFO: [ app_init ] --START--
INFO: Run Behavior\BuildLiteBehavior [ RunTime:0.000014s ]
INFO: [ app_init ] --END-- [ RunTime:0.000509s ]

[ 2016-09-07T21:53:40+08:00 ] 127.0.0.1 /index.php/Admin/Resource/download/rid/1
INFO: [ app_init ] --START--
INFO: Run Behavior\BuildLiteBehavior [ RunTime:0.000023s ]
INFO: [ app_init ] --END-- [ RunTime:0.000686s ]

[ 2016-09-07T21:54:38+08:00 ] 127.0.0.1 /index.php/Admin/Resource/download/rid/1
INFO: [ app_init ] --START--
INFO: Run Behavior\BuildLiteBehavior [ RunTime:0.000017s ]
INFO: [ app_init ] --END-- [ RunTime:0.000661s ]

[ 2016-09-07T21:54:41+08:00 ] 127.0.0.1 /index.php/Admin/Resource/download/rid/1
INFO: [ app_init ] --START--
INFO: Run Behavior\BuildLiteBehavior [ RunTime:0.000021s ]
INFO: [ app_init ] --END-- [ RunTime:0.000875s ]

[ 2016-09-07T21:54:49+08:00 ] 127.0.0.1 /index.php/Admin/Resource/download/rid/1
INFO: [ app_init ] --START--
INFO: Run Behavior\BuildLiteBehavior [ RunTime:0.000031s ]
INFO: [ app_init ] --END-- [ RunTime:0.000641s ]

[ 2016-09-07T21:54:58+08:00 ] 127.0.0.1 /index.php/Admin/Resource/showlist/p/2.html
INFO: [ app_init ] --START--
INFO: Run Behavior\BuildLiteBehavior [ RunTime:0.000019s ]
INFO: [ app_init ] --END-- [ RunTime:0.000661s ]

[ 2016-09-07T21:55:01+08:00 ] 127.0.0.1 /index.php/Admin/Resource/download/rid/14
INFO: [ app_init ] --START--
INFO: Run Behavior\BuildLiteBehavior [ RunTime:0.000015s ]
INFO: [ app_init ] --END-- [ RunTime:0.000442s ]

[ 2016-09-07T21:55:37+08:00 ] 127.0.0.1 /index.php/Admin/Resource/download/rid/15
INFO: [ app_init ] --START--
INFO: Run Behavior\BuildLiteBehavior [ RunTime:0.000018s ]
INFO: [ app_init ] --END-- [ RunTime:0.000603s ]

[ 2016-09-07T21:55:47+08:00 ] 127.0.0.1 /index.php/Admin/Resource/showlist/p/1.html
INFO: [ app_init ] --START--
INFO: Run Behavior\BuildLiteBehavior [ RunTime:0.000018s ]
INFO: [ app_init ] --END-- [ RunTime:0.000545s ]

[ 2016-09-07T21:56:00+08:00 ] 127.0.0.1 /index.php/Admin/Resource/download/rid/1
INFO: [ app_init ] --START--
INFO: Run Behavior\BuildLiteBehavior [ RunTime:0.000017s ]
INFO: [ app_init ] --END-- [ RunTime:0.000501s ]

[ 2016-09-07T21:56:36+08:00 ] 127.0.0.1 /index.php/Admin/Resource/download/rid/1
INFO: [ app_init ] --START--
INFO: Run Behavior\BuildLiteBehavior [ RunTime:0.000013s ]
INFO: [ app_init ] --END-- [ RunTime:0.000538s ]

[ 2016-09-07T21:56:46+08:00 ] 127.0.0.1 /index.php/Admin/Resource/showlist/p/2.html
INFO: [ app_init ] --START--
INFO: Run Behavior\BuildLiteBehavior [ RunTime:0.000016s ]
INFO: [ app_init ] --END-- [ RunTime:0.000466s ]

[ 2016-09-07T21:56:50+08:00 ] 127.0.0.1 /index.php/Admin/Resource/download/rid/15
INFO: [ app_init ] --START--
INFO: Run Behavior\BuildLiteBehavior [ RunTime:0.000031s ]
INFO: [ app_init ] --END-- [ RunTime:0.001107s ]

[ 2016-09-07T21:56:56+08:00 ] 127.0.0.1 /index.php/Admin/Resource/download/rid/14
INFO: [ app_init ] --START--
INFO: Run Behavior\BuildLiteBehavior [ RunTime:0.000018s ]
INFO: [ app_init ] --END-- [ RunTime:0.000651s ]

[ 2016-09-07T21:57:11+08:00 ] 127.0.0.1 /index.php/Admin/Resource/showlist/p/1.html
INFO: [ app_init ] --START--
INFO: Run Behavior\BuildLiteBehavior [ RunTime:0.000013s ]
INFO: [ app_init ] --END-- [ RunTime:0.000526s ]

[ 2016-09-07T21:58:03+08:00 ] 127.0.0.1 /index.php/Admin/Resource/download/rid/1
INFO: [ app_init ] --START--
INFO: Run Behavior\BuildLiteBehavior [ RunTime:0.000016s ]
INFO: [ app_init ] --END-- [ RunTime:0.000618s ]

[ 2016-09-07T21:58:11+08:00 ] 127.0.0.1 /index.php/Admin/Resource/showlist/p/2.html
INFO: [ app_init ] --START--
INFO: Run Behavior\BuildLiteBehavior [ RunTime:0.000017s ]
INFO: [ app_init ] --END-- [ RunTime:0.000481s ]

[ 2016-09-07T21:58:15+08:00 ] 127.0.0.1 /index.php/Admin/Resource/download/rid/14
INFO: [ app_init ] --START--
INFO: Run Behavior\BuildLiteBehavior [ RunTime:0.000018s ]
INFO: [ app_init ] --END-- [ RunTime:0.000710s ]

[ 2016-09-07T21:58:23+08:00 ] 127.0.0.1 /index.php/Admin/Resource/download/rid/15
INFO: [ app_init ] --START--
INFO: Run Behavior\BuildLiteBehavior [ RunTime:0.000016s ]
INFO: [ app_init ] --END-- [ RunTime:0.000507s ]

[ 2016-09-07T21:58:52+08:00 ] 127.0.0.1 /index.php/Admin/Resource/showlist/p/2.html
INFO: [ app_init ] --START--
INFO: Run Behavior\BuildLiteBehavior [ RunTime:0.000013s ]
INFO: [ app_init ] --END-- [ RunTime:0.000508s ]

[ 2016-09-07T21:58:56+08:00 ] 127.0.0.1 /index.php/Admin/Resource/download/rid/15
INFO: [ app_init ] --START--
INFO: Run Behavior\BuildLiteBehavior [ RunTime:0.000013s ]
INFO: [ app_init ] --END-- [ RunTime:0.000476s ]

[ 2016-09-07T21:59:01+08:00 ] 127.0.0.1 /index.php/Admin/Resource/showlist/p/1.html
INFO: [ app_init ] --START--
INFO: Run Behavior\BuildLiteBehavior [ RunTime:0.000028s ]
INFO: [ app_init ] --END-- [ RunTime:0.000973s ]

[ 2016-09-07T21:59:23+08:00 ] 127.0.0.1 /index.php/Admin/Resource/download/rid/1
INFO: [ app_init ] --START--
INFO: Run Behavior\BuildLiteBehavior [ RunTime:0.000016s ]
INFO: [ app_init ] --END-- [ RunTime:0.000497s ]

[ 2016-09-07T22:00:44+08:00 ] 127.0.0.1 /index.php/Admin/Resource/download/rid/1
INFO: [ app_init ] --START--
INFO: Run Behavior\BuildLiteBehavior [ RunTime:0.000014s ]
INFO: [ app_init ] --END-- [ RunTime:0.000500s ]

[ 2016-09-07T22:03:43+08:00 ] 127.0.0.1 /index.php/Admin/Resource/showlist/p/1.html
INFO: [ app_init ] --START--
INFO: Run Behavior\BuildLiteBehavior [ RunTime:0.000015s ]
INFO: [ app_init ] --END-- [ RunTime:0.000497s ]

[ 2016-09-07T22:03:47+08:00 ] 127.0.0.1 /index.php/Admin/Resource/showlist/p/2.html
INFO: [ app_init ] --START--
INFO: Run Behavior\BuildLiteBehavior [ RunTime:0.000051s ]
INFO: [ app_init ] --END-- [ RunTime:0.000874s ]

[ 2016-09-07T22:04:57+08:00 ] 127.0.0.1 /index.php/Admin/Resource/download/rid/15
INFO: [ app_init ] --START--
INFO: Run Behavior\BuildLiteBehavior [ RunTime:0.000016s ]
INFO: [ app_init ] --END-- [ RunTime:0.000470s ]

[ 2016-09-07T22:04:57+08:00 ] 127.0.0.1 /index.php/Admin/Resource/download/rid/15
INFO: [ app_init ] --START--
INFO: Run Behavior\BuildLiteBehavior [ RunTime:0.000016s ]
INFO: [ app_init ] --END-- [ RunTime:0.000707s ]

[ 2016-09-07T22:04:57+08:00 ] 127.0.0.1 /index.php/Admin/Resource/download/rid/14
INFO: [ app_init ] --START--
INFO: Run Behavior\BuildLiteBehavior [ RunTime:0.000013s ]
INFO: [ app_init ] --END-- [ RunTime:0.000532s ]

[ 2016-09-07T22:04:57+08:00 ] 127.0.0.1 /index.php/Admin/Resource/showlist/p/1.html
INFO: [ app_init ] --START--
INFO: Run Behavior\BuildLiteBehavior [ RunTime:0.000015s ]
INFO: [ app_init ] --END-- [ RunTime:0.000544s ]

[ 2016-09-07T22:04:57+08:00 ] 127.0.0.1 /index.php/Admin/Resource/showlist/p/2.html
INFO: [ app_init ] --START--
INFO: Run Behavior\BuildLiteBehavior [ RunTime:0.000024s ]
INFO: [ app_init ] --END-- [ RunTime:0.000792s ]

[ 2016-09-07T22:04:57+08:00 ] 127.0.0.1 /index.php/Admin/Resource/showlist
INFO: [ app_init ] --START--
INFO: Run Behavior\BuildLiteBehavior [ RunTime:0.000015s ]
INFO: [ app_init ] --END-- [ RunTime:0.000497s ]

[ 2016-09-07T22:04:58+08:00 ] 127.0.0.1 /index.php/Admin/Resource/showList
INFO: [ app_init ] --START--
INFO: Run Behavior\BuildLiteBehavior [ RunTime:0.000013s ]
INFO: [ app_init ] --END-- [ RunTime:0.000563s ]

[ 2016-09-07T22:05:43+08:00 ] 127.0.0.1 /index.php/Admin/Resource/download/rid/1
INFO: [ app_init ] --START--
INFO: Run Behavior\BuildLiteBehavior [ RunTime:0.000014s ]
INFO: [ app_init ] --END-- [ RunTime:0.000979s ]

[ 2016-09-07T22:05:46+08:00 ] 127.0.0.1 /index.php/Admin/Resource/showList/p/2.html
INFO: [ app_init ] --START--
INFO: Run Behavior\BuildLiteBehavior [ RunTime:0.000032s ]
INFO: [ app_init ] --END-- [ RunTime:0.000733s ]

[ 2016-09-07T22:05:52+08:00 ] 127.0.0.1 /index.php/Admin/Resource/download/rid/15
INFO: [ app_init ] --START--
INFO: Run Behavior\BuildLiteBehavior [ RunTime:0.000023s ]
INFO: [ app_init ] --END-- [ RunTime:0.000666s ]

[ 2016-09-07T22:06:13+08:00 ] 127.0.0.1 /index.php/Admin/Resource/showList/p/1.html
INFO: [ app_init ] --START--
INFO: Run Behavior\BuildLiteBehavior [ RunTime:0.000015s ]
INFO: [ app_init ] --END-- [ RunTime:0.000590s ]

[ 2016-09-07T22:07:37+08:00 ] 127.0.0.1 /index.php/Admin/Resource/showList/p/2.html
INFO: [ app_init ] --START--
INFO: Run Behavior\BuildLiteBehavior [ RunTime:0.000014s ]
INFO: [ app_init ] --END-- [ RunTime:0.000558s ]

[ 2016-09-07T22:09:28+08:00 ] 127.0.0.1 /index.php/Admin/Resource/showList
INFO: [ app_init ] --START--
INFO: Run Behavior\BuildLiteBehavior [ RunTime:0.000023s ]
INFO: [ app_init ] --END-- [ RunTime:0.000816s ]

[ 2016-09-07T22:09:34+08:00 ] 127.0.0.1 /index.php/Admin/Resource/showList
INFO: [ app_init ] --START--
INFO: Run Behavior\BuildLiteBehavior [ RunTime:0.000016s ]
INFO: [ app_init ] --END-- [ RunTime:0.000487s ]

[ 2016-09-07T22:09:39+08:00 ] 127.0.0.1 /index.php/Admin/Resource/download/rid/1
INFO: [ app_init ] --START--
INFO: Run Behavior\BuildLiteBehavior [ RunTime:0.000014s ]
INFO: [ app_init ] --END-- [ RunTime:0.000450s ]

[ 2016-09-07T22:11:07+08:00 ] 127.0.0.1 /index.php/Admin/Resource/showList
INFO: [ app_init ] --START--
INFO: Run Behavior\BuildLiteBehavior [ RunTime:0.000020s ]
INFO: [ app_init ] --END-- [ RunTime:0.000660s ]

[ 2016-09-07T22:11:11+08:00 ] 127.0.0.1 /index.php/Admin/Resource/download/rid/1
INFO: [ app_init ] --START--
INFO: Run Behavior\BuildLiteBehavior [ RunTime:0.000025s ]
INFO: [ app_init ] --END-- [ RunTime:0.000741s ]

[ 2016-09-07T22:11:31+08:00 ] 127.0.0.1 /index.php/Admin/Resource/showList/p/2.html
INFO: [ app_init ] --START--
INFO: Run Behavior\BuildLiteBehavior [ RunTime:0.000014s ]
INFO: [ app_init ] --END-- [ RunTime:0.000445s ]

[ 2016-09-07T22:11:35+08:00 ] 127.0.0.1 /index.php/Admin/Resource/download/rid/15
INFO: [ app_init ] --START--
INFO: Run Behavior\BuildLiteBehavior [ RunTime:0.000017s ]
INFO: [ app_init ] --END-- [ RunTime:0.000561s ]

[ 2016-09-07T22:12:55+08:00 ] 127.0.0.1 /index.php/Admin/Resource/showList/p/2.html
INFO: [ app_init ] --START--
INFO: Run Behavior\BuildLiteBehavior [ RunTime:0.000015s ]
INFO: [ app_init ] --END-- [ RunTime:0.000529s ]

[ 2016-09-07T22:12:59+08:00 ] 127.0.0.1 /index.php/Admin/Resource/download/rid/15
INFO: [ app_init ] --START--
INFO: Run Behavior\BuildLiteBehavior [ RunTime:0.000029s ]
INFO: [ app_init ] --END-- [ RunTime:0.000915s ]

[ 2016-09-07T22:13:20+08:00 ] 127.0.0.1 /index.php/Admin/Resource/showList/p/1.html
INFO: [ app_init ] --START--
INFO: Run Behavior\BuildLiteBehavior [ RunTime:0.000017s ]
INFO: [ app_init ] --END-- [ RunTime:0.000456s ]

[ 2016-09-07T22:13:51+08:00 ] 127.0.0.1 /index.php/Admin/Resource/download/rid/1
INFO: [ app_init ] --START--
INFO: Run Behavior\BuildLiteBehavior [ RunTime:0.000016s ]
INFO: [ app_init ] --END-- [ RunTime:0.000506s ]

[ 2016-09-07T22:14:51+08:00 ] 127.0.0.1 /index.php/Admin/Resource/showList
INFO: [ app_init ] --START--
INFO: Run Behavior\BuildLiteBehavior [ RunTime:0.000014s ]
INFO: [ app_init ] --END-- [ RunTime:0.000450s ]

[ 2016-09-07T22:16:42+08:00 ] 127.0.0.1 /index.php/Admin/Resource/download/rid/1
INFO: [ app_init ] --START--
INFO: Run Behavior\BuildLiteBehavior [ RunTime:0.000018s ]
INFO: [ app_init ] --END-- [ RunTime:0.000557s ]

[ 2016-09-07T22:16:45+08:00 ] 127.0.0.1 /index.php/Admin/Resource/showList/p/2.html
INFO: [ app_init ] --START--
INFO: Run Behavior\BuildLiteBehavior [ RunTime:0.000016s ]
INFO: [ app_init ] --END-- [ RunTime:0.000482s ]

[ 2016-09-07T22:16:54+08:00 ] 127.0.0.1 /index.php/Admin/Resource/download/rid/15
INFO: [ app_init ] --START--
INFO: Run Behavior\BuildLiteBehavior [ RunTime:0.000015s ]
INFO: [ app_init ] --END-- [ RunTime:0.000415s ]

[ 2016-09-07T22:18:39+08:00 ] 127.0.0.1 /index.php/Admin/Resource/showList/p/2.html
INFO: [ app_init ] --START--
INFO: Run Behavior\BuildLiteBehavior [ RunTime:0.000022s ]
INFO: [ app_init ] --END-- [ RunTime:0.000699s ]

[ 2016-09-07T22:18:43+08:00 ] 127.0.0.1 /index.php/Admin/Resource/download/rid/15
INFO: [ app_init ] --START--
INFO: Run Behavior\BuildLiteBehavior [ RunTime:0.000022s ]
INFO: [ app_init ] --END-- [ RunTime:0.000708s ]

[ 2016-09-07T22:19:28+08:00 ] 127.0.0.1 /index.php/Admin/Resource/showList/p/2.html
INFO: [ app_init ] --START--
INFO: Run Behavior\BuildLiteBehavior [ RunTime:0.000015s ]
INFO: [ app_init ] --END-- [ RunTime:0.000533s ]

[ 2016-09-07T22:19:32+08:00 ] 127.0.0.1 /index.php/Admin/Resource/download/rid/15
INFO: [ app_init ] --START--
INFO: Run Behavior\BuildLiteBehavior [ RunTime:0.000048s ]
INFO: [ app_init ] --END-- [ RunTime:0.001059s ]

[ 2016-09-07T22:19:38+08:00 ] 127.0.0.1 /index.php/Admin/Resource/download/rid/14
INFO: [ app_init ] --START--
INFO: Run Behavior\BuildLiteBehavior [ RunTime:0.000024s ]
INFO: [ app_init ] --END-- [ RunTime:0.000759s ]

[ 2016-09-07T22:19:57+08:00 ] 127.0.0.1 /index.php/Admin/Resource/showList/p/1.html
INFO: [ app_init ] --START--
INFO: Run Behavior\BuildLiteBehavior [ RunTime:0.000017s ]
INFO: [ app_init ] --END-- [ RunTime:0.000479s ]

[ 2016-09-07T22:20:08+08:00 ] 127.0.0.1 /index.php/Admin/Resource/download/rid/1
INFO: [ app_init ] --START--
INFO: Run Behavior\BuildLiteBehavior [ RunTime:0.000025s ]
INFO: [ app_init ] --END-- [ RunTime:0.000707s ]

[ 2016-09-07T22:20:12+08:00 ] 127.0.0.1 /index.php/Admin/Resource/showList/p/2.html
INFO: [ app_init ] --START--
INFO: Run Behavior\BuildLiteBehavior [ RunTime:0.000020s ]
INFO: [ app_init ] --END-- [ RunTime:0.000646s ]

[ 2016-09-07T22:20:15+08:00 ] 127.0.0.1 /index.php/Admin/Resource/download/rid/14
INFO: [ app_init ] --START--
INFO: Run Behavior\BuildLiteBehavior [ RunTime:0.000035s ]
INFO: [ app_init ] --END-- [ RunTime:0.001289s ]

[ 2016-09-07T22:20:23+08:00 ] 127.0.0.1 /index.php/Admin/Resource/download/rid/15
INFO: [ app_init ] --START--
INFO: Run Behavior\BuildLiteBehavior [ RunTime:0.000014s ]
INFO: [ app_init ] --END-- [ RunTime:0.000440s ]

[ 2016-09-07T22:21:36+08:00 ] 127.0.0.1 /index.php/Admin/Resource/showList/p/2.html
INFO: [ app_init ] --START--
INFO: Run Behavior\BuildLiteBehavior [ RunTime:0.000025s ]
INFO: [ app_init ] --END-- [ RunTime:0.000761s ]

[ 2016-09-07T22:21:39+08:00 ] 127.0.0.1 /index.php/Admin/Resource/download/rid/15
INFO: [ app_init ] --START--
INFO: Run Behavior\BuildLiteBehavior [ RunTime:0.000025s ]
INFO: [ app_init ] --END-- [ RunTime:0.001563s ]

[ 2016-09-07T22:21:43+08:00 ] 127.0.0.1 /index.php/Admin/Resource/showList/p/1.html
INFO: [ app_init ] --START--
INFO: Run Behavior\BuildLiteBehavior [ RunTime:0.000021s ]
INFO: [ app_init ] --END-- [ RunTime:0.000656s ]

[ 2016-09-07T22:22:29+08:00 ] 127.0.0.1 /index.php/Admin/Resource/download/rid/1
INFO: [ app_init ] --START--
INFO: Run Behavior\BuildLiteBehavior [ RunTime:0.000015s ]
INFO: [ app_init ] --END-- [ RunTime:0.000434s ]

[ 2016-09-07T22:22:49+08:00 ] 127.0.0.1 /index.php/Admin/Resource/download/rid/1
INFO: [ app_init ] --START--
INFO: Run Behavior\BuildLiteBehavior [ RunTime:0.000016s ]
INFO: [ app_init ] --END-- [ RunTime:0.000459s ]

[ 2016-09-07T22:22:55+08:00 ] 127.0.0.1 /index.php/Admin/Resource/showList/p/2.html
INFO: [ app_init ] --START--
INFO: Run Behavior\BuildLiteBehavior [ RunTime:0.000016s ]
INFO: [ app_init ] --END-- [ RunTime:0.000437s ]

[ 2016-09-07T22:23:00+08:00 ] 127.0.0.1 /index.php/Admin/Resource/download/rid/14
INFO: [ app_init ] --START--
INFO: Run Behavior\BuildLiteBehavior [ RunTime:0.000015s ]
INFO: [ app_init ] --END-- [ RunTime:0.000434s ]

[ 2016-09-07T22:23:16+08:00 ] 127.0.0.1 /index.php/Admin/Resource/download/rid/15
INFO: [ app_init ] --START--
INFO: Run Behavior\BuildLiteBehavior [ RunTime:0.000014s ]
INFO: [ app_init ] --END-- [ RunTime:0.000419s ]

[ 2016-09-07T22:23:47+08:00 ] 127.0.0.1 /index.php/Admin/Resource/showList/p/2.html
INFO: [ app_init ] --START--
INFO: Run Behavior\BuildLiteBehavior [ RunTime:0.000021s ]
INFO: [ app_init ] --END-- [ RunTime:0.000685s ]

[ 2016-09-07T22:23:54+08:00 ] 127.0.0.1 /index.php/Admin/Resource/download/rid/15
INFO: [ app_init ] --START--
INFO: Run Behavior\BuildLiteBehavior [ RunTime:0.000014s ]
INFO: [ app_init ] --END-- [ RunTime:0.000424s ]

[ 2016-09-07T22:23:58+08:00 ] 127.0.0.1 /index.php/Admin/Resource/showlist.html
INFO: [ app_init ] --START--
INFO: Run Behavior\BuildLiteBehavior [ RunTime:0.000015s ]
INFO: [ app_init ] --END-- [ RunTime:0.000429s ]

[ 2016-09-07T22:24:42+08:00 ] 127.0.0.1 /index.php/Admin/Resource/showlist/p/2.html
INFO: [ app_init ] --START--
INFO: Run Behavior\BuildLiteBehavior [ RunTime:0.000043s ]
INFO: [ app_init ] --END-- [ RunTime:0.000595s ]

[ 2016-09-07T22:24:47+08:00 ] 127.0.0.1 /index.php/Admin/Resource/download/rid/15
INFO: [ app_init ] --START--
INFO: Run Behavior\BuildLiteBehavior [ RunTime:0.000022s ]
INFO: [ app_init ] --END-- [ RunTime:0.000688s ]

[ 2016-09-07T22:24:55+08:00 ] 127.0.0.1 /index.php/Admin/Resource/download/rid/15
INFO: [ app_init ] --START--
INFO: Run Behavior\BuildLiteBehavior [ RunTime:0.000014s ]
INFO: [ app_init ] --END-- [ RunTime:0.000440s ]

[ 2016-09-07T22:25:51+08:00 ] 127.0.0.1 /index.php/Admin/Resource/download/rid/15
INFO: [ app_init ] --START--
INFO: Run Behavior\BuildLiteBehavior [ RunTime:0.000014s ]
INFO: [ app_init ] --END-- [ RunTime:0.000422s ]

[ 2016-09-07T22:25:59+08:00 ] 127.0.0.1 /index.php/Admin/Resource/showlist/p/1.html
INFO: [ app_init ] --START--
INFO: Run Behavior\BuildLiteBehavior [ RunTime:0.000016s ]
INFO: [ app_init ] --END-- [ RunTime:0.000474s ]

[ 2016-09-07T22:26:06+08:00 ] 127.0.0.1 /index.php/Admin/Resource/download/rid/1
INFO: [ app_init ] --START--
INFO: Run Behavior\BuildLiteBehavior [ RunTime:0.000022s ]
INFO: [ app_init ] --END-- [ RunTime:0.000639s ]

[ 2016-09-07T22:26:32+08:00 ] 127.0.0.1 /index.php/Admin/Resource/showlist/p/1.html
INFO: [ app_init ] --START--
INFO: Run Behavior\BuildLiteBehavior [ RunTime:0.000080s ]
INFO: [ app_init ] --END-- [ RunTime:0.001199s ]

[ 2016-09-07T22:26:35+08:00 ] 127.0.0.1 /index.php/Admin/Resource/showlist/p/1.html
INFO: [ app_init ] --START--
INFO: Run Behavior\BuildLiteBehavior [ RunTime:0.000014s ]
INFO: [ app_init ] --END-- [ RunTime:0.000433s ]

[ 2016-09-07T22:26:54+08:00 ] 127.0.0.1 /index.php/Admin/Resource/showlist/p/2.html
INFO: [ app_init ] --START--
INFO: Run Behavior\BuildLiteBehavior [ RunTime:0.000029s ]
INFO: [ app_init ] --END-- [ RunTime:0.001075s ]

[ 2016-09-07T22:26:57+08:00 ] 127.0.0.1 /index.php/Admin/Resource/download/rid/15
INFO: [ app_init ] --START--
INFO: Run Behavior\BuildLiteBehavior [ RunTime:0.000048s ]
INFO: [ app_init ] --END-- [ RunTime:0.001119s ]

[ 2016-09-07T22:27:08+08:00 ] 127.0.0.1 /index.php/Admin/Resource/showlist/p/1.html
INFO: [ app_init ] --START--
INFO: Run Behavior\BuildLiteBehavior [ RunTime:0.000016s ]
INFO: [ app_init ] --END-- [ RunTime:0.000419s ]

[ 2016-09-07T22:27:14+08:00 ] 127.0.0.1 /index.php/Admin/Resource/download/rid/1
INFO: [ app_init ] --START--
INFO: Run Behavior\BuildLiteBehavior [ RunTime:0.000025s ]
INFO: [ app_init ] --END-- [ RunTime:0.000499s ]

[ 2016-09-07T22:31:01+08:00 ] 127.0.0.1 /index.php/Admin/Resource/showList
INFO: [ app_init ] --START--
INFO: Run Behavior\BuildLiteBehavior [ RunTime:0.000016s ]
INFO: [ app_init ] --END-- [ RunTime:0.000475s ]

[ 2016-09-07T22:31:07+08:00 ] 127.0.0.1 /index.php/Admin/Resource/download/rid/1
INFO: [ app_init ] --START--
INFO: Run Behavior\BuildLiteBehavior [ RunTime:0.000020s ]
INFO: [ app_init ] --END-- [ RunTime:0.000578s ]

[ 2016-09-07T22:31:10+08:00 ] 127.0.0.1 /index.php/Admin/Resource/showList/p/2.html
INFO: [ app_init ] --START--
INFO: Run Behavior\BuildLiteBehavior [ RunTime:0.000014s ]
INFO: [ app_init ] --END-- [ RunTime:0.000427s ]

[ 2016-09-07T22:31:13+08:00 ] 127.0.0.1 /index.php/Admin/Resource/download/rid/15
INFO: [ app_init ] --START--
INFO: Run Behavior\BuildLiteBehavior [ RunTime:0.000016s ]
INFO: [ app_init ] --END-- [ RunTime:0.000541s ]

[ 2016-09-07T22:31:20+08:00 ] 127.0.0.1 /index.php/Admin/Resource/download/rid/14
INFO: [ app_init ] --START--
INFO: Run Behavior\BuildLiteBehavior [ RunTime:0.000024s ]
INFO: [ app_init ] --END-- [ RunTime:0.000803s ]

[ 2016-09-07T22:31:26+08:00 ] 127.0.0.1 /index.php/Admin/Resource/download/rid/9
INFO: [ app_init ] --START--
INFO: Run Behavior\BuildLiteBehavior [ RunTime:0.000048s ]
INFO: [ app_init ] --END-- [ RunTime:0.000732s ]

[ 2016-09-07T22:31:30+08:00 ] 127.0.0.1 /index.php/Admin/Resource/showlist.html
INFO: [ app_init ] --START--
INFO: Run Behavior\BuildLiteBehavior [ RunTime:0.000015s ]
INFO: [ app_init ] --END-- [ RunTime:0.000573s ]

[ 2016-09-07T22:32:57+08:00 ] 127.0.0.1 /index.php/Admin/Resource/download/rid/1
INFO: [ app_init ] --START--
INFO: Run Behavior\BuildLiteBehavior [ RunTime:0.000015s ]
INFO: [ app_init ] --END-- [ RunTime:0.000422s ]

