[ 2016-09-04T08:55:32+08:00 ] 127.0.0.1 /index.php/Admin/Resource/showList
INFO: [ app_init ] --START--
INFO: Run Behavior\BuildLiteBehavior [ RunTime:0.000016s ]
INFO: [ app_init ] --END-- [ RunTime:0.000565s ]

[ 2016-09-04T08:55:39+08:00 ] 127.0.0.1 /index.php/Admin/login/login
INFO: [ app_init ] --START--
INFO: Run Behavior\BuildLiteBehavior [ RunTime:0.000024s ]
INFO: [ app_init ] --END-- [ RunTime:0.000771s ]

[ 2016-09-04T09:07:39+08:00 ] 127.0.0.1 /index.php/Admin/Resource/showList
INFO: [ app_init ] --START--
INFO: Run Behavior\BuildLiteBehavior [ RunTime:0.000019s ]
INFO: [ app_init ] --END-- [ RunTime:0.000612s ]

[ 2016-09-04T09:07:42+08:00 ] 127.0.0.1 /index.php/Admin/login/login
INFO: [ app_init ] --START--
INFO: Run Behavior\BuildLiteBehavior [ RunTime:0.000016s ]
INFO: [ app_init ] --END-- [ RunTime:0.000587s ]

[ 2016-09-04T09:07:50+08:00 ] 127.0.0.1 /index.php/Admin/Login/select
INFO: [ app_init ] --START--
INFO: Run Behavior\BuildLiteBehavior [ RunTime:0.000014s ]
INFO: [ app_init ] --END-- [ RunTime:0.000541s ]

[ 2016-09-04T09:08:05+08:00 ] 127.0.0.1 /index.php/Admin/Login/select
INFO: [ app_init ] --START--
INFO: Run Behavior\BuildLiteBehavior [ RunTime:0.000020s ]
INFO: [ app_init ] --END-- [ RunTime:0.000536s ]

[ 2016-09-04T09:08:06+08:00 ] 127.0.0.1 /index.php/Admin/Index/index.html
INFO: [ app_init ] --START--
INFO: Run Behavior\BuildLiteBehavior [ RunTime:0.000014s ]
INFO: [ app_init ] --END-- [ RunTime:0.000585s ]

[ 2016-09-04T09:08:09+08:00 ] 127.0.0.1 /index.php/Admin/Resource/showList
INFO: [ app_init ] --START--
INFO: Run Behavior\BuildLiteBehavior [ RunTime:0.000015s ]
INFO: [ app_init ] --END-- [ RunTime:0.000575s ]

[ 2016-09-04T09:08:12+08:00 ] 127.0.0.1 /index.php/Admin/Resource/add
INFO: [ app_init ] --START--
INFO: Run Behavior\BuildLiteBehavior [ RunTime:0.000013s ]
INFO: [ app_init ] --END-- [ RunTime:0.000551s ]

[ 2016-09-04T17:10:36+08:00 ] 127.0.0.1 /index.php/Admin/Resource/addOk
INFO: [ app_init ] --START--
INFO: Run Behavior\BuildLiteBehavior [ RunTime:0.000031s ]
INFO: [ app_init ] --END-- [ RunTime:0.000908s ]

[ 2016-09-04T17:12:32+08:00 ] 127.0.0.1 /index.php/Admin/Resource/addOk
INFO: [ app_init ] --START--
INFO: Run Behavior\BuildLiteBehavior [ RunTime:0.000015s ]
INFO: [ app_init ] --END-- [ RunTime:0.000751s ]

[ 2016-09-04T17:26:10+08:00 ] 127.0.0.1 /index.php/Admin/Resource/showList
INFO: [ app_init ] --START--
INFO: Run Behavior\BuildLiteBehavior [ RunTime:0.000016s ]
INFO: [ app_init ] --END-- [ RunTime:0.049757s ]

[ 2016-09-04T17:26:14+08:00 ] 127.0.0.1 /index.php/Admin/login/login
INFO: [ app_init ] --START--
INFO: Run Behavior\BuildLiteBehavior [ RunTime:0.000015s ]
INFO: [ app_init ] --END-- [ RunTime:0.000474s ]

[ 2016-09-04T17:26:28+08:00 ] 127.0.0.1 /index.php/Admin/Login/select
INFO: [ app_init ] --START--
INFO: Run Behavior\BuildLiteBehavior [ RunTime:0.000014s ]
INFO: [ app_init ] --END-- [ RunTime:0.000551s ]

[ 2016-09-04T17:26:29+08:00 ] 127.0.0.1 /index.php/Admin/Index/index.html
INFO: [ app_init ] --START--
INFO: Run Behavior\BuildLiteBehavior [ RunTime:0.000017s ]
INFO: [ app_init ] --END-- [ RunTime:0.000491s ]

[ 2016-09-04T17:26:33+08:00 ] 127.0.0.1 /index.php/Admin/Resource/showList
INFO: [ app_init ] --START--
INFO: Run Behavior\BuildLiteBehavior [ RunTime:0.000014s ]
INFO: [ app_init ] --END-- [ RunTime:0.000620s ]

[ 2016-09-04T17:26:36+08:00 ] 127.0.0.1 /index.php/Admin/Resource/add
INFO: [ app_init ] --START--
INFO: Run Behavior\BuildLiteBehavior [ RunTime:0.000014s ]
INFO: [ app_init ] --END-- [ RunTime:0.000528s ]

[ 2016-09-04T17:27:06+08:00 ] 127.0.0.1 /index.php/Admin/Resource/addOk
INFO: [ app_init ] --START--
INFO: Run Behavior\BuildLiteBehavior [ RunTime:0.000019s ]
INFO: [ app_init ] --END-- [ RunTime:0.001086s ]

[ 2016-09-04T18:40:58+08:00 ] 127.0.0.1 /index.php/Admin/Resource/add
INFO: [ app_init ] --START--
INFO: Run Behavior\BuildLiteBehavior [ RunTime:0.000016s ]
INFO: [ app_init ] --END-- [ RunTime:0.000822s ]

[ 2016-09-04T18:40:59+08:00 ] 127.0.0.1 /index.php/Admin/Resource/add
INFO: [ app_init ] --START--
INFO: Run Behavior\BuildLiteBehavior [ RunTime:0.000021s ]
INFO: [ app_init ] --END-- [ RunTime:0.000703s ]

[ 2016-09-04T18:41:37+08:00 ] 127.0.0.1 /index.php/Admin/Resource/addOk
INFO: [ app_init ] --START--
INFO: Run Behavior\BuildLiteBehavior [ RunTime:0.000018s ]
INFO: [ app_init ] --END-- [ RunTime:0.000625s ]

[ 2016-09-04T18:42:14+08:00 ] 127.0.0.1 /index.php/Admin/Resource/addOk
INFO: [ app_init ] --START--
INFO: Run Behavior\BuildLiteBehavior [ RunTime:0.000019s ]
INFO: [ app_init ] --END-- [ RunTime:0.000600s ]

[ 2016-09-04T18:46:05+08:00 ] 127.0.0.1 /index.php/Admin/Resource/
INFO: [ app_init ] --START--
INFO: Run Behavior\BuildLiteBehavior [ RunTime:0.000019s ]
INFO: [ app_init ] --END-- [ RunTime:0.000738s ]
ERR: 非法操作:index

[ 2016-09-04T18:46:11+08:00 ] 127.0.0.1 /index.php/Admin/Resource/add
INFO: [ app_init ] --START--
INFO: Run Behavior\BuildLiteBehavior [ RunTime:0.000016s ]
INFO: [ app_init ] --END-- [ RunTime:0.000583s ]

[ 2016-09-04T18:46:59+08:00 ] 127.0.0.1 /index.php/Admin/Resource/addOk
INFO: [ app_init ] --START--
INFO: Run Behavior\BuildLiteBehavior [ RunTime:0.000017s ]
INFO: [ app_init ] --END-- [ RunTime:0.000599s ]

[ 2016-09-04T18:48:40+08:00 ] 127.0.0.1 /index.php/Admin/Resource/addO
INFO: [ app_init ] --START--
INFO: Run Behavior\BuildLiteBehavior [ RunTime:0.000017s ]
INFO: [ app_init ] --END-- [ RunTime:0.000581s ]
ERR: 非法操作:addO

[ 2016-09-04T18:48:44+08:00 ] 127.0.0.1 /index.php/Admin/Resource/add
INFO: [ app_init ] --START--
INFO: Run Behavior\BuildLiteBehavior [ RunTime:0.000024s ]
INFO: [ app_init ] --END-- [ RunTime:0.000646s ]

[ 2016-09-04T18:49:09+08:00 ] 127.0.0.1 /index.php/Admin/Resource/addOk
INFO: [ app_init ] --START--
INFO: Run Behavior\BuildLiteBehavior [ RunTime:0.000017s ]
INFO: [ app_init ] --END-- [ RunTime:0.000562s ]

[ 2016-09-04T18:50:08+08:00 ] 127.0.0.1 /index.php/Admin/Resource/add
INFO: [ app_init ] --START--
INFO: Run Behavior\BuildLiteBehavior [ RunTime:0.000017s ]
INFO: [ app_init ] --END-- [ RunTime:0.000573s ]

[ 2016-09-04T18:50:40+08:00 ] 127.0.0.1 /index.php/Admin/Resource/addOk
INFO: [ app_init ] --START--
INFO: Run Behavior\BuildLiteBehavior [ RunTime:0.000014s ]
INFO: [ app_init ] --END-- [ RunTime:0.000582s ]

[ 2016-09-04T18:51:23+08:00 ] 127.0.0.1 /index.php/Admin/Resource/addOk
INFO: [ app_init ] --START--
INFO: Run Behavior\BuildLiteBehavior [ RunTime:0.000014s ]
INFO: [ app_init ] --END-- [ RunTime:0.000571s ]

[ 2016-09-04T18:51:39+08:00 ] 127.0.0.1 /index.php/Admin/Resource/add
INFO: [ app_init ] --START--
INFO: Run Behavior\BuildLiteBehavior [ RunTime:0.000020s ]
INFO: [ app_init ] --END-- [ RunTime:0.000616s ]

[ 2016-09-04T18:52:12+08:00 ] 127.0.0.1 /index.php/Admin/Resource/addOk
INFO: [ app_init ] --START--
INFO: Run Behavior\BuildLiteBehavior [ RunTime:0.000018s ]
INFO: [ app_init ] --END-- [ RunTime:0.000836s ]

[ 2016-09-04T18:53:59+08:00 ] 127.0.0.1 /index.php/Admin/Resource/addOk
INFO: [ app_init ] --START--
INFO: Run Behavior\BuildLiteBehavior [ RunTime:0.000015s ]
INFO: [ app_init ] --END-- [ RunTime:0.000895s ]

[ 2016-09-04T19:00:05+08:00 ] 127.0.0.1 /index.php/Admin/Resource/add
INFO: [ app_init ] --START--
INFO: Run Behavior\BuildLiteBehavior [ RunTime:0.000016s ]
INFO: [ app_init ] --END-- [ RunTime:0.000710s ]

[ 2016-09-04T19:00:07+08:00 ] 127.0.0.1 /index.php/Admin/Resource/showList
INFO: [ app_init ] --START--
INFO: Run Behavior\BuildLiteBehavior [ RunTime:0.000015s ]
INFO: [ app_init ] --END-- [ RunTime:0.000465s ]

[ 2016-09-04T19:02:19+08:00 ] 127.0.0.1 /index.php/Admin/Resource/showList
INFO: [ app_init ] --START--
INFO: Run Behavior\BuildLiteBehavior [ RunTime:0.000024s ]
INFO: [ app_init ] --END-- [ RunTime:0.001219s ]

[ 2016-09-04T19:02:21+08:00 ] 127.0.0.1 /index.php/Admin/Resource/showList
INFO: [ app_init ] --START--
INFO: Run Behavior\BuildLiteBehavior [ RunTime:0.000014s ]
INFO: [ app_init ] --END-- [ RunTime:0.000500s ]

[ 2016-09-04T19:02:22+08:00 ] 127.0.0.1 /index.php/Admin/Resource/showList
INFO: [ app_init ] --START--
INFO: Run Behavior\BuildLiteBehavior [ RunTime:0.000024s ]
INFO: [ app_init ] --END-- [ RunTime:0.000589s ]

[ 2016-09-04T19:02:23+08:00 ] 127.0.0.1 /index.php/Admin/Resource/showList
INFO: [ app_init ] --START--
INFO: Run Behavior\BuildLiteBehavior [ RunTime:0.000016s ]
INFO: [ app_init ] --END-- [ RunTime:0.000497s ]

[ 2016-09-04T19:03:28+08:00 ] 127.0.0.1 /index.php/Admin/Resource/add
INFO: [ app_init ] --START--
INFO: Run Behavior\BuildLiteBehavior [ RunTime:0.000014s ]
INFO: [ app_init ] --END-- [ RunTime:0.000605s ]

[ 2016-09-04T19:03:49+08:00 ] 127.0.0.1 /index.php/Admin/Resource/add
INFO: [ app_init ] --START--
INFO: Run Behavior\BuildLiteBehavior [ RunTime:0.000014s ]
INFO: [ app_init ] --END-- [ RunTime:0.000510s ]

[ 2016-09-04T19:03:50+08:00 ] 127.0.0.1 /index.php/Admin/Resource/showList
INFO: [ app_init ] --START--
INFO: Run Behavior\BuildLiteBehavior [ RunTime:0.000016s ]
INFO: [ app_init ] --END-- [ RunTime:0.000623s ]

[ 2016-09-04T19:16:59+08:00 ] 127.0.0.1 /index.php/Admin/Resource/add
INFO: [ app_init ] --START--
INFO: Run Behavior\BuildLiteBehavior [ RunTime:0.000016s ]
INFO: [ app_init ] --END-- [ RunTime:0.000702s ]

[ 2016-09-04T19:18:35+08:00 ] 127.0.0.1 /index.php/Admin/Resource/add
INFO: [ app_init ] --START--
INFO: Run Behavior\BuildLiteBehavior [ RunTime:0.000024s ]
INFO: [ app_init ] --END-- [ RunTime:0.000586s ]

[ 2016-09-04T19:18:37+08:00 ] 127.0.0.1 /index.php/Admin/Resource/add
INFO: [ app_init ] --START--
INFO: Run Behavior\BuildLiteBehavior [ RunTime:0.000013s ]
INFO: [ app_init ] --END-- [ RunTime:0.000558s ]

[ 2016-09-04T19:18:38+08:00 ] 127.0.0.1 /index.php/Admin/Resource/showList
INFO: [ app_init ] --START--
INFO: Run Behavior\BuildLiteBehavior [ RunTime:0.000017s ]
INFO: [ app_init ] --END-- [ RunTime:0.000584s ]

[ 2016-09-04T19:18:39+08:00 ] 127.0.0.1 /index.php/Admin/Resource/add
INFO: [ app_init ] --START--
INFO: Run Behavior\BuildLiteBehavior [ RunTime:0.000017s ]
INFO: [ app_init ] --END-- [ RunTime:0.000555s ]

[ 2016-09-04T19:19:15+08:00 ] 127.0.0.1 /index.php/Admin/Resource/add
INFO: [ app_init ] --START--
INFO: Run Behavior\BuildLiteBehavior [ RunTime:0.000016s ]
INFO: [ app_init ] --END-- [ RunTime:0.000650s ]

[ 2016-09-04T19:19:55+08:00 ] 127.0.0.1 /index.php/Admin/Resource/showList
INFO: [ app_init ] --START--
INFO: Run Behavior\BuildLiteBehavior [ RunTime:0.000015s ]
INFO: [ app_init ] --END-- [ RunTime:0.000556s ]

[ 2016-09-04T19:19:59+08:00 ] 127.0.0.1 /index.php/Admin/Resource/add
INFO: [ app_init ] --START--
INFO: Run Behavior\BuildLiteBehavior [ RunTime:0.000013s ]
INFO: [ app_init ] --END-- [ RunTime:0.000554s ]

[ 2016-09-04T19:20:01+08:00 ] 127.0.0.1 /index.php/Admin/Resource/showList
INFO: [ app_init ] --START--
INFO: Run Behavior\BuildLiteBehavior [ RunTime:0.000015s ]
INFO: [ app_init ] --END-- [ RunTime:0.000590s ]

[ 2016-09-04T19:20:02+08:00 ] 127.0.0.1 /index.php/Admin/Resource/add
INFO: [ app_init ] --START--
INFO: Run Behavior\BuildLiteBehavior [ RunTime:0.000014s ]
INFO: [ app_init ] --END-- [ RunTime:0.000602s ]

[ 2016-09-04T19:20:03+08:00 ] 127.0.0.1 /index.php/Admin/Resource/showList
INFO: [ app_init ] --START--
INFO: Run Behavior\BuildLiteBehavior [ RunTime:0.000017s ]
INFO: [ app_init ] --END-- [ RunTime:0.000549s ]

[ 2016-09-04T19:20:04+08:00 ] 127.0.0.1 /index.php/Admin/Resource/add
INFO: [ app_init ] --START--
INFO: Run Behavior\BuildLiteBehavior [ RunTime:0.000025s ]
INFO: [ app_init ] --END-- [ RunTime:0.000795s ]

[ 2016-09-04T19:20:06+08:00 ] 127.0.0.1 /index.php/Admin/Resource/showList
INFO: [ app_init ] --START--
INFO: Run Behavior\BuildLiteBehavior [ RunTime:0.000014s ]
INFO: [ app_init ] --END-- [ RunTime:0.000650s ]

[ 2016-09-04T19:20:07+08:00 ] 127.0.0.1 /index.php/Admin/Resource/add
INFO: [ app_init ] --START--
INFO: Run Behavior\BuildLiteBehavior [ RunTime:0.000053s ]
INFO: [ app_init ] --END-- [ RunTime:0.000898s ]

[ 2016-09-04T19:20:08+08:00 ] 127.0.0.1 /index.php/Admin/Resource/showList
INFO: [ app_init ] --START--
INFO: Run Behavior\BuildLiteBehavior [ RunTime:0.000016s ]
INFO: [ app_init ] --END-- [ RunTime:0.000521s ]

[ 2016-09-04T19:20:09+08:00 ] 127.0.0.1 /index.php/Admin/Resource/add
INFO: [ app_init ] --START--
INFO: Run Behavior\BuildLiteBehavior [ RunTime:0.000030s ]
INFO: [ app_init ] --END-- [ RunTime:0.000923s ]

[ 2016-09-04T19:20:56+08:00 ] 127.0.0.1 /index.php/Admin/Resource/add
INFO: [ app_init ] --START--
INFO: Run Behavior\BuildLiteBehavior [ RunTime:0.000022s ]
INFO: [ app_init ] --END-- [ RunTime:0.000695s ]

[ 2016-09-04T19:20:57+08:00 ] 127.0.0.1 /index.php/Admin/Resource/
INFO: [ app_init ] --START--
INFO: Run Behavior\BuildLiteBehavior [ RunTime:0.000017s ]
INFO: [ app_init ] --END-- [ RunTime:0.000892s ]
ERR: 非法操作:index

[ 2016-09-04T19:20:58+08:00 ] 127.0.0.1 /index.php/Admin/Resource/add
INFO: [ app_init ] --START--
INFO: Run Behavior\BuildLiteBehavior [ RunTime:0.000017s ]
INFO: [ app_init ] --END-- [ RunTime:0.000585s ]

[ 2016-09-04T19:20:58+08:00 ] 127.0.0.1 /index.php/Admin/Resource/
INFO: [ app_init ] --START--
INFO: Run Behavior\BuildLiteBehavior [ RunTime:0.000017s ]
INFO: [ app_init ] --END-- [ RunTime:0.000565s ]
ERR: 非法操作:index

[ 2016-09-04T19:21:04+08:00 ] 127.0.0.1 /index.php/Admin/Resource/addOk.html
INFO: [ app_init ] --START--
INFO: Run Behavior\BuildLiteBehavior [ RunTime:0.000014s ]
INFO: [ app_init ] --END-- [ RunTime:0.000547s ]

[ 2016-09-04T19:22:10+08:00 ] 127.0.0.1 /index.php/Admin/Resource/add
INFO: [ app_init ] --START--
INFO: Run Behavior\BuildLiteBehavior [ RunTime:0.000014s ]
INFO: [ app_init ] --END-- [ RunTime:0.000582s ]

[ 2016-09-04T19:23:25+08:00 ] 127.0.0.1 /index.php/Admin/Resource/add
INFO: [ app_init ] --START--
INFO: Run Behavior\BuildLiteBehavior [ RunTime:0.000015s ]
INFO: [ app_init ] --END-- [ RunTime:0.000657s ]

[ 2016-09-04T19:23:33+08:00 ] 127.0.0.1 /index.php/Admin/Resource/showList
INFO: [ app_init ] --START--
INFO: Run Behavior\BuildLiteBehavior [ RunTime:0.000018s ]
INFO: [ app_init ] --END-- [ RunTime:0.000571s ]

[ 2016-09-04T19:23:41+08:00 ] 127.0.0.1 /index.php/Admin/Resource/add
INFO: [ app_init ] --START--
INFO: Run Behavior\BuildLiteBehavior [ RunTime:0.000014s ]
INFO: [ app_init ] --END-- [ RunTime:0.000548s ]

[ 2016-09-04T19:23:47+08:00 ] 127.0.0.1 /index.php/Admin/Resource/showList
INFO: [ app_init ] --START--
INFO: Run Behavior\BuildLiteBehavior [ RunTime:0.000018s ]
INFO: [ app_init ] --END-- [ RunTime:0.000547s ]

[ 2016-09-04T19:26:21+08:00 ] 127.0.0.1 /index.php/Admin/Resource/add
INFO: [ app_init ] --START--
INFO: Run Behavior\BuildLiteBehavior [ RunTime:0.000014s ]
INFO: [ app_init ] --END-- [ RunTime:0.000643s ]

[ 2016-09-04T19:27:33+08:00 ] 127.0.0.1 /index.php/Admin/Resource/add
INFO: [ app_init ] --START--
INFO: Run Behavior\BuildLiteBehavior [ RunTime:0.000022s ]
INFO: [ app_init ] --END-- [ RunTime:0.000696s ]

[ 2016-09-04T19:27:49+08:00 ] 127.0.0.1 /index.php/Admin/Resource/add
INFO: [ app_init ] --START--
INFO: Run Behavior\BuildLiteBehavior [ RunTime:0.000013s ]
INFO: [ app_init ] --END-- [ RunTime:0.000638s ]

[ 2016-09-04T19:28:25+08:00 ] 127.0.0.1 /index.php/Admin/Resource/add
INFO: [ app_init ] --START--
INFO: Run Behavior\BuildLiteBehavior [ RunTime:0.000014s ]
INFO: [ app_init ] --END-- [ RunTime:0.000537s ]

[ 2016-09-04T19:30:45+08:00 ] 127.0.0.1 /index.php/Admin/Resource/add
INFO: [ app_init ] --START--
INFO: Run Behavior\BuildLiteBehavior [ RunTime:0.000016s ]
INFO: [ app_init ] --END-- [ RunTime:0.000616s ]

[ 2016-09-04T19:32:03+08:00 ] 127.0.0.1 /index.php/Admin/Resource/add
INFO: [ app_init ] --START--
INFO: Run Behavior\BuildLiteBehavior [ RunTime:0.000014s ]
INFO: [ app_init ] --END-- [ RunTime:0.000711s ]

[ 2016-09-04T19:32:24+08:00 ] 127.0.0.1 /index.php/Admin/Resource/add
INFO: [ app_init ] --START--
INFO: Run Behavior\BuildLiteBehavior [ RunTime:0.000015s ]
INFO: [ app_init ] --END-- [ RunTime:0.000594s ]

[ 2016-09-04T19:34:18+08:00 ] 127.0.0.1 /index.php/Admin/Resource/showList
INFO: [ app_init ] --START--
INFO: Run Behavior\BuildLiteBehavior [ RunTime:0.000014s ]
INFO: [ app_init ] --END-- [ RunTime:0.000627s ]

[ 2016-09-04T19:34:21+08:00 ] 127.0.0.1 /index.php/Admin/Resource/add
INFO: [ app_init ] --START--
INFO: Run Behavior\BuildLiteBehavior [ RunTime:0.000014s ]
INFO: [ app_init ] --END-- [ RunTime:0.000554s ]

[ 2016-09-04T19:34:47+08:00 ] 127.0.0.1 /index.php/Admin/Resource/add
INFO: [ app_init ] --START--
INFO: Run Behavior\BuildLiteBehavior [ RunTime:0.000014s ]
INFO: [ app_init ] --END-- [ RunTime:0.000540s ]

[ 2016-09-04T19:35:49+08:00 ] 127.0.0.1 /index.php/Admin/Resource/add
INFO: [ app_init ] --START--
INFO: Run Behavior\BuildLiteBehavior [ RunTime:0.000021s ]
INFO: [ app_init ] --END-- [ RunTime:0.000692s ]

[ 2016-09-04T19:35:53+08:00 ] 127.0.0.1 /index.php/Admin/Resource/add
INFO: [ app_init ] --START--
INFO: Run Behavior\BuildLiteBehavior [ RunTime:0.000015s ]
INFO: [ app_init ] --END-- [ RunTime:0.000508s ]

[ 2016-09-04T19:38:46+08:00 ] 127.0.0.1 /index.php/Admin/Resource/add
INFO: [ app_init ] --START--
INFO: Run Behavior\BuildLiteBehavior [ RunTime:0.000015s ]
INFO: [ app_init ] --END-- [ RunTime:0.000612s ]

[ 2016-09-04T19:39:03+08:00 ] 127.0.0.1 /index.php/Admin/Resource/add
INFO: [ app_init ] --START--
INFO: Run Behavior\BuildLiteBehavior [ RunTime:0.000014s ]
INFO: [ app_init ] --END-- [ RunTime:0.000506s ]

[ 2016-09-04T19:39:05+08:00 ] 127.0.0.1 /index.php/Admin/Resource/add
INFO: [ app_init ] --START--
INFO: Run Behavior\BuildLiteBehavior [ RunTime:0.000016s ]
INFO: [ app_init ] --END-- [ RunTime:0.000495s ]

[ 2016-09-04T19:39:33+08:00 ] 127.0.0.1 /index.php/Admin/Resource/showList
INFO: [ app_init ] --START--
INFO: Run Behavior\BuildLiteBehavior [ RunTime:0.000014s ]
INFO: [ app_init ] --END-- [ RunTime:0.000547s ]

[ 2016-09-04T19:39:34+08:00 ] 127.0.0.1 /index.php/Admin/Resource/add
INFO: [ app_init ] --START--
INFO: Run Behavior\BuildLiteBehavior [ RunTime:0.000025s ]
INFO: [ app_init ] --END-- [ RunTime:0.000908s ]

[ 2016-09-04T19:40:37+08:00 ] 127.0.0.1 /index.php/Admin/Resource/add
INFO: [ app_init ] --START--
INFO: Run Behavior\BuildLiteBehavior [ RunTime:0.000013s ]
INFO: [ app_init ] --END-- [ RunTime:0.000579s ]

[ 2016-09-04T19:41:04+08:00 ] 127.0.0.1 /index.php/Admin/Resource/add
INFO: [ app_init ] --START--
INFO: Run Behavior\BuildLiteBehavior [ RunTime:0.000014s ]
INFO: [ app_init ] --END-- [ RunTime:0.000574s ]

[ 2016-09-04T19:41:06+08:00 ] 127.0.0.1 /index.php/Admin/Resource/add
INFO: [ app_init ] --START--
INFO: Run Behavior\BuildLiteBehavior [ RunTime:0.000014s ]
INFO: [ app_init ] --END-- [ RunTime:0.000450s ]

[ 2016-09-04T19:41:08+08:00 ] 127.0.0.1 /index.php/Admin/Resource/add
INFO: [ app_init ] --START--
INFO: Run Behavior\BuildLiteBehavior [ RunTime:0.000018s ]
INFO: [ app_init ] --END-- [ RunTime:0.000615s ]

[ 2016-09-04T19:41:09+08:00 ] 127.0.0.1 /index.php/Admin/Resource/add
INFO: [ app_init ] --START--
INFO: Run Behavior\BuildLiteBehavior [ RunTime:0.000014s ]
INFO: [ app_init ] --END-- [ RunTime:0.000581s ]

[ 2016-09-04T19:41:10+08:00 ] 127.0.0.1 /index.php/Admin/Resource/add
INFO: [ app_init ] --START--
INFO: Run Behavior\BuildLiteBehavior [ RunTime:0.000014s ]
INFO: [ app_init ] --END-- [ RunTime:0.000536s ]

[ 2016-09-04T19:41:11+08:00 ] 127.0.0.1 /index.php/Admin/Resource/add
INFO: [ app_init ] --START--
INFO: Run Behavior\BuildLiteBehavior [ RunTime:0.000014s ]
INFO: [ app_init ] --END-- [ RunTime:0.000647s ]

[ 2016-09-04T19:46:29+08:00 ] 127.0.0.1 /index.php/Admin/Resource/showList
INFO: [ app_init ] --START--
INFO: Run Behavior\BuildLiteBehavior [ RunTime:0.000016s ]
INFO: [ app_init ] --END-- [ RunTime:0.000516s ]

[ 2016-09-04T19:46:34+08:00 ] 127.0.0.1 /index.php/Admin/Resource/add
INFO: [ app_init ] --START--
INFO: Run Behavior\BuildLiteBehavior [ RunTime:0.000015s ]
INFO: [ app_init ] --END-- [ RunTime:0.000514s ]

[ 2016-09-04T19:46:35+08:00 ] 127.0.0.1 /index.php/Admin/Resource/showList
INFO: [ app_init ] --START--
INFO: Run Behavior\BuildLiteBehavior [ RunTime:0.000014s ]
INFO: [ app_init ] --END-- [ RunTime:0.000505s ]

[ 2016-09-04T19:46:52+08:00 ] 127.0.0.1 /index.php/Admin/Resource/showList
INFO: [ app_init ] --START--
INFO: Run Behavior\BuildLiteBehavior [ RunTime:0.000025s ]
INFO: [ app_init ] --END-- [ RunTime:0.000939s ]

[ 2016-09-04T19:46:54+08:00 ] 127.0.0.1 /index.php/Admin/Resource/showList
INFO: [ app_init ] --START--
INFO: Run Behavior\BuildLiteBehavior [ RunTime:0.000015s ]
INFO: [ app_init ] --END-- [ RunTime:0.000440s ]

[ 2016-09-04T19:46:55+08:00 ] 127.0.0.1 /index.php/Admin/Resource/showList
INFO: [ app_init ] --START--
INFO: Run Behavior\BuildLiteBehavior [ RunTime:0.000014s ]
INFO: [ app_init ] --END-- [ RunTime:0.000419s ]

[ 2016-09-04T19:46:56+08:00 ] 127.0.0.1 /index.php/Admin/Resource/showList
INFO: [ app_init ] --START--
INFO: Run Behavior\BuildLiteBehavior [ RunTime:0.000015s ]
INFO: [ app_init ] --END-- [ RunTime:0.000500s ]

[ 2016-09-04T19:46:56+08:00 ] 127.0.0.1 /index.php/Admin/Resource/showList
INFO: [ app_init ] --START--
INFO: Run Behavior\BuildLiteBehavior [ RunTime:0.000014s ]
INFO: [ app_init ] --END-- [ RunTime:0.000550s ]

[ 2016-09-04T19:46:57+08:00 ] 127.0.0.1 /index.php/Admin/Resource/showList
INFO: [ app_init ] --START--
INFO: Run Behavior\BuildLiteBehavior [ RunTime:0.000025s ]
INFO: [ app_init ] --END-- [ RunTime:0.000785s ]

[ 2016-09-04T19:46:58+08:00 ] 127.0.0.1 /index.php/Admin/Resource/showList
INFO: [ app_init ] --START--
INFO: Run Behavior\BuildLiteBehavior [ RunTime:0.000018s ]
INFO: [ app_init ] --END-- [ RunTime:0.000491s ]

[ 2016-09-04T19:46:59+08:00 ] 127.0.0.1 /index.php/Admin/Resource/showList
INFO: [ app_init ] --START--
INFO: Run Behavior\BuildLiteBehavior [ RunTime:0.000025s ]
INFO: [ app_init ] --END-- [ RunTime:0.000662s ]

[ 2016-09-04T19:46:59+08:00 ] 127.0.0.1 /index.php/Admin/Resource/showList
INFO: [ app_init ] --START--
INFO: Run Behavior\BuildLiteBehavior [ RunTime:0.000014s ]
INFO: [ app_init ] --END-- [ RunTime:0.000603s ]

[ 2016-09-04T19:47:00+08:00 ] 127.0.0.1 /index.php/Admin/Resource/showList
INFO: [ app_init ] --START--
INFO: Run Behavior\BuildLiteBehavior [ RunTime:0.000020s ]
INFO: [ app_init ] --END-- [ RunTime:0.000650s ]

[ 2016-09-04T19:47:01+08:00 ] 127.0.0.1 /index.php/Admin/Resource/showList
INFO: [ app_init ] --START--
INFO: Run Behavior\BuildLiteBehavior [ RunTime:0.000027s ]
INFO: [ app_init ] --END-- [ RunTime:0.000589s ]

[ 2016-09-04T19:47:01+08:00 ] 127.0.0.1 /index.php/Admin/Resource/showList
INFO: [ app_init ] --START--
INFO: Run Behavior\BuildLiteBehavior [ RunTime:0.000014s ]
INFO: [ app_init ] --END-- [ RunTime:0.000508s ]

[ 2016-09-04T19:47:02+08:00 ] 127.0.0.1 /index.php/Admin/Resource/showList
INFO: [ app_init ] --START--
INFO: Run Behavior\BuildLiteBehavior [ RunTime:0.000024s ]
INFO: [ app_init ] --END-- [ RunTime:0.000907s ]

[ 2016-09-04T19:47:03+08:00 ] 127.0.0.1 /index.php/Admin/Resource/showList
INFO: [ app_init ] --START--
INFO: Run Behavior\BuildLiteBehavior [ RunTime:0.000014s ]
INFO: [ app_init ] --END-- [ RunTime:0.000439s ]

[ 2016-09-04T19:47:03+08:00 ] 127.0.0.1 /index.php/Admin/Resource/showList
INFO: [ app_init ] --START--
INFO: Run Behavior\BuildLiteBehavior [ RunTime:0.000016s ]
INFO: [ app_init ] --END-- [ RunTime:0.000490s ]

[ 2016-09-04T19:47:04+08:00 ] 127.0.0.1 /index.php/Admin/Resource/showList
INFO: [ app_init ] --START--
INFO: Run Behavior\BuildLiteBehavior [ RunTime:0.000018s ]
INFO: [ app_init ] --END-- [ RunTime:0.000608s ]

[ 2016-09-04T19:47:05+08:00 ] 127.0.0.1 /index.php/Admin/Resource/showList
INFO: [ app_init ] --START--
INFO: Run Behavior\BuildLiteBehavior [ RunTime:0.000015s ]
INFO: [ app_init ] --END-- [ RunTime:0.000437s ]

[ 2016-09-04T19:47:05+08:00 ] 127.0.0.1 /index.php/Admin/Resource/showList
INFO: [ app_init ] --START--
INFO: Run Behavior\BuildLiteBehavior [ RunTime:0.000014s ]
INFO: [ app_init ] --END-- [ RunTime:0.000515s ]

[ 2016-09-04T19:47:06+08:00 ] 127.0.0.1 /index.php/Admin/Resource/showList
INFO: [ app_init ] --START--
INFO: Run Behavior\BuildLiteBehavior [ RunTime:0.000014s ]
INFO: [ app_init ] --END-- [ RunTime:0.000424s ]

[ 2016-09-04T19:47:07+08:00 ] 127.0.0.1 /index.php/Admin/Resource/showList
INFO: [ app_init ] --START--
INFO: Run Behavior\BuildLiteBehavior [ RunTime:0.000018s ]
INFO: [ app_init ] --END-- [ RunTime:0.000495s ]

[ 2016-09-04T19:47:41+08:00 ] 127.0.0.1 /index.php/Admin/Resource/add
INFO: [ app_init ] --START--
INFO: Run Behavior\BuildLiteBehavior [ RunTime:0.000018s ]
INFO: [ app_init ] --END-- [ RunTime:0.000690s ]

[ 2016-09-04T19:49:49+08:00 ] 127.0.0.1 /index.php/Admin/users/users
INFO: [ app_init ] --START--
INFO: Run Behavior\BuildLiteBehavior [ RunTime:0.000015s ]
INFO: [ app_init ] --END-- [ RunTime:0.000507s ]

[ 2016-09-04T19:49:51+08:00 ] 127.0.0.1 /index.php/Admin/Resource/showList
INFO: [ app_init ] --START--
INFO: Run Behavior\BuildLiteBehavior [ RunTime:0.000013s ]
INFO: [ app_init ] --END-- [ RunTime:0.000530s ]

[ 2016-09-04T19:49:52+08:00 ] 127.0.0.1 /index.php/Admin/Resource/showList
INFO: [ app_init ] --START--
INFO: Run Behavior\BuildLiteBehavior [ RunTime:0.000015s ]
INFO: [ app_init ] --END-- [ RunTime:0.000437s ]

[ 2016-09-04T19:54:12+08:00 ] 127.0.0.1 /index.php/Admin/Resource/showList
INFO: [ app_init ] --START--
INFO: Run Behavior\BuildLiteBehavior [ RunTime:0.000014s ]
INFO: [ app_init ] --END-- [ RunTime:0.000581s ]

[ 2016-09-04T19:54:14+08:00 ] 127.0.0.1 /index.php/Admin/Resource/showList
INFO: [ app_init ] --START--
INFO: Run Behavior\BuildLiteBehavior [ RunTime:0.000015s ]
INFO: [ app_init ] --END-- [ RunTime:0.000450s ]

[ 2016-09-04T19:54:15+08:00 ] 127.0.0.1 /index.php/Admin/Resource/add
INFO: [ app_init ] --START--
INFO: Run Behavior\BuildLiteBehavior [ RunTime:0.000015s ]
INFO: [ app_init ] --END-- [ RunTime:0.000475s ]

[ 2016-09-04T19:54:24+08:00 ] 127.0.0.1 /index.php/Admin/Resource/addOk
INFO: [ app_init ] --START--
INFO: Run Behavior\BuildLiteBehavior [ RunTime:0.000019s ]
INFO: [ app_init ] --END-- [ RunTime:0.000633s ]

[ 2016-09-04T19:54:34+08:00 ] 127.0.0.1 /index.php/Admin/Resource/showList
INFO: [ app_init ] --START--
INFO: Run Behavior\BuildLiteBehavior [ RunTime:0.000020s ]
INFO: [ app_init ] --END-- [ RunTime:0.000505s ]

[ 2016-09-04T19:54:35+08:00 ] 127.0.0.1 /index.php/Admin/Resource/add
INFO: [ app_init ] --START--
INFO: Run Behavior\BuildLiteBehavior [ RunTime:0.000015s ]
INFO: [ app_init ] --END-- [ RunTime:0.000463s ]

[ 2016-09-04T19:57:54+08:00 ] 127.0.0.1 /index.php/Admin/Resource/addOk
INFO: [ app_init ] --START--
INFO: Run Behavior\BuildLiteBehavior [ RunTime:0.000014s ]
INFO: [ app_init ] --END-- [ RunTime:0.000625s ]

[ 2016-09-04T19:58:42+08:00 ] 127.0.0.1 /index.php/Admin/Resource/addOk
INFO: [ app_init ] --START--
INFO: Run Behavior\BuildLiteBehavior [ RunTime:0.000015s ]
INFO: [ app_init ] --END-- [ RunTime:0.000478s ]

[ 2016-09-04T19:59:04+08:00 ] 127.0.0.1 /index.php/Admin/Resource/add&id=1
INFO: [ app_init ] --START--
INFO: Run Behavior\BuildLiteBehavior [ RunTime:0.000025s ]
INFO: [ app_init ] --END-- [ RunTime:0.001107s ]
ERR: 非法操作:add&id=1

[ 2016-09-04T19:59:48+08:00 ] 127.0.0.1 /index.php/Admin/Resource/addOk
INFO: [ app_init ] --START--
INFO: Run Behavior\BuildLiteBehavior [ RunTime:0.000018s ]
INFO: [ app_init ] --END-- [ RunTime:0.000700s ]

[ 2016-09-04T19:59:52+08:00 ] 127.0.0.1 /index.php/Admin/Resource/add
INFO: [ app_init ] --START--
INFO: Run Behavior\BuildLiteBehavior [ RunTime:0.000018s ]
INFO: [ app_init ] --END-- [ RunTime:0.001112s ]

[ 2016-09-04T19:59:54+08:00 ] 127.0.0.1 /index.php/Admin/Resource/add
INFO: [ app_init ] --START--
INFO: Run Behavior\BuildLiteBehavior [ RunTime:0.000022s ]
INFO: [ app_init ] --END-- [ RunTime:0.000696s ]

[ 2016-09-04T20:00:03+08:00 ] 127.0.0.1 /index.php/Admin/Resource/addOk
INFO: [ app_init ] --START--
INFO: Run Behavior\BuildLiteBehavior [ RunTime:0.000019s ]
INFO: [ app_init ] --END-- [ RunTime:0.000600s ]

[ 2016-09-04T20:02:11+08:00 ] 127.0.0.1 /index.php/Admin/Resource/add
INFO: [ app_init ] --START--
INFO: Run Behavior\BuildLiteBehavior [ RunTime:0.000014s ]
INFO: [ app_init ] --END-- [ RunTime:0.000549s ]

[ 2016-09-04T20:02:12+08:00 ] 127.0.0.1 /index.php/Admin/Resource/add
INFO: [ app_init ] --START--
INFO: Run Behavior\BuildLiteBehavior [ RunTime:0.000015s ]
INFO: [ app_init ] --END-- [ RunTime:0.000498s ]

[ 2016-09-04T20:02:19+08:00 ] 127.0.0.1 /index.php/Admin/Resource/addOk
INFO: [ app_init ] --START--
INFO: Run Behavior\BuildLiteBehavior [ RunTime:0.000014s ]
INFO: [ app_init ] --END-- [ RunTime:0.000578s ]

[ 2016-09-04T20:03:13+08:00 ] 127.0.0.1 /index.php/Admin/Resource/addOk
INFO: [ app_init ] --START--
INFO: Run Behavior\BuildLiteBehavior [ RunTime:0.000017s ]
INFO: [ app_init ] --END-- [ RunTime:0.000646s ]

[ 2016-09-04T20:03:16+08:00 ] 127.0.0.1 /index.php/Admin/Resource/showList
INFO: [ app_init ] --START--
INFO: Run Behavior\BuildLiteBehavior [ RunTime:0.000016s ]
INFO: [ app_init ] --END-- [ RunTime:0.000595s ]

[ 2016-09-04T20:03:19+08:00 ] 127.0.0.1 /index.php/Admin/Resource/add
INFO: [ app_init ] --START--
INFO: Run Behavior\BuildLiteBehavior [ RunTime:0.000020s ]
INFO: [ app_init ] --END-- [ RunTime:0.000782s ]

[ 2016-09-04T20:03:22+08:00 ] 127.0.0.1 /index.php/Admin/Resource/addOk
INFO: [ app_init ] --START--
INFO: Run Behavior\BuildLiteBehavior [ RunTime:0.000015s ]
INFO: [ app_init ] --END-- [ RunTime:0.000588s ]

[ 2016-09-04T20:04:23+08:00 ] 127.0.0.1 /index.php/Admin/Resource/addOk
INFO: [ app_init ] --START--
INFO: Run Behavior\BuildLiteBehavior [ RunTime:0.000014s ]
INFO: [ app_init ] --END-- [ RunTime:0.000612s ]

[ 2016-09-04T20:05:34+08:00 ] 127.0.0.1 /index.php/Admin/Resource/addOk
INFO: [ app_init ] --START--
INFO: Run Behavior\BuildLiteBehavior [ RunTime:0.000016s ]
INFO: [ app_init ] --END-- [ RunTime:0.000536s ]

[ 2016-09-04T20:05:44+08:00 ] 127.0.0.1 /index.php/Admin/Resource/add
INFO: [ app_init ] --START--
INFO: Run Behavior\BuildLiteBehavior [ RunTime:0.000020s ]
INFO: [ app_init ] --END-- [ RunTime:0.000599s ]

[ 2016-09-04T20:05:48+08:00 ] 127.0.0.1 /index.php/Admin/Resource/addOk
INFO: [ app_init ] --START--
INFO: Run Behavior\BuildLiteBehavior [ RunTime:0.000024s ]
INFO: [ app_init ] --END-- [ RunTime:0.000718s ]

[ 2016-09-04T20:07:29+08:00 ] 127.0.0.1 /index.php/Admin/Resource/add
INFO: [ app_init ] --START--
INFO: Run Behavior\BuildLiteBehavior [ RunTime:0.000017s ]
INFO: [ app_init ] --END-- [ RunTime:0.000654s ]

[ 2016-09-04T20:07:33+08:00 ] 127.0.0.1 /index.php/Admin/Resource/addOk
INFO: [ app_init ] --START--
INFO: Run Behavior\BuildLiteBehavior [ RunTime:0.000014s ]
INFO: [ app_init ] --END-- [ RunTime:0.000518s ]

[ 2016-09-04T20:08:23+08:00 ] 127.0.0.1 /index.php/Admin/Resource/addOk
INFO: [ app_init ] --START--
INFO: Run Behavior\BuildLiteBehavior [ RunTime:0.000015s ]
INFO: [ app_init ] --END-- [ RunTime:0.000645s ]

