[ 2016-09-08T08:18:19+08:00 ] 127.0.0.1 /index.php/Admin/Resource/showList
INFO: [ app_init ] --START--
INFO: Run Behavior\BuildLiteBehavior [ RunTime:0.000025s ]
INFO: [ app_init ] --END-- [ RunTime:0.001454s ]

[ 2016-09-08T08:19:04+08:00 ] 127.0.0.1 /index.php/Admin/Resource/showList
INFO: [ app_init ] --START--
INFO: Run Behavior\BuildLiteBehavior [ RunTime:0.000021s ]
INFO: [ app_init ] --END-- [ RunTime:0.000681s ]

[ 2016-09-08T08:19:35+08:00 ] 127.0.0.1 /index.php/Admin/Resource/showList/p/2.html
INFO: [ app_init ] --START--
INFO: Run Behavior\BuildLiteBehavior [ RunTime:0.000024s ]
INFO: [ app_init ] --END-- [ RunTime:0.000742s ]

[ 2016-09-08T08:19:41+08:00 ] 127.0.0.1 /index.php/Admin/Resource/showList/p/1.html
INFO: [ app_init ] --START--
INFO: Run Behavior\BuildLiteBehavior [ RunTime:0.000014s ]
INFO: [ app_init ] --END-- [ RunTime:0.000411s ]

[ 2016-09-08T08:19:55+08:00 ] 127.0.0.1 /index.php/Admin/cinemas/index
INFO: [ app_init ] --START--
INFO: Run Behavior\BuildLiteBehavior [ RunTime:0.000014s ]
INFO: [ app_init ] --END-- [ RunTime:0.000416s ]
ERR: 1146:Table 'movie.cinemas' doesn't exist
 [ SQL语句 ] : SHOW COLUMNS FROM `cinemas`

[ 2016-09-08T08:21:29+08:00 ] 127.0.0.1 /index.php/Admin/Resource/showList
INFO: [ app_init ] --START--
INFO: Run Behavior\BuildLiteBehavior [ RunTime:0.000021s ]
INFO: [ app_init ] --END-- [ RunTime:0.000701s ]

[ 2016-09-08T08:21:30+08:00 ] 127.0.0.1 /index.php/Admin/Resource/showList
INFO: [ app_init ] --START--
INFO: Run Behavior\BuildLiteBehavior [ RunTime:0.000021s ]
INFO: [ app_init ] --END-- [ RunTime:0.002713s ]

[ 2016-09-08T08:21:47+08:00 ] 127.0.0.1 /index.php/Admin/users/users
INFO: [ app_init ] --START--
INFO: Run Behavior\BuildLiteBehavior [ RunTime:0.000014s ]
INFO: [ app_init ] --END-- [ RunTime:0.000513s ]
ERR: 1146:Table 'movie.users' doesn't exist
 [ SQL语句 ] : SHOW COLUMNS FROM `users`

[ 2016-09-08T08:21:51+08:00 ] 127.0.0.1 /index.php/Admin
INFO: [ app_init ] --START--
INFO: Run Behavior\BuildLiteBehavior [ RunTime:0.000023s ]
INFO: [ app_init ] --END-- [ RunTime:0.000702s ]

[ 2016-09-08T08:21:55+08:00 ] 127.0.0.1 /index.php/Admin/Resource/showList
INFO: [ app_init ] --START--
INFO: Run Behavior\BuildLiteBehavior [ RunTime:0.000023s ]
INFO: [ app_init ] --END-- [ RunTime:0.000802s ]

[ 2016-09-08T08:48:42+08:00 ] 127.0.0.1 /index.php/Admin/Resource/download/rid/1
INFO: [ app_init ] --START--
INFO: Run Behavior\BuildLiteBehavior [ RunTime:0.000024s ]
INFO: [ app_init ] --END-- [ RunTime:0.000810s ]

[ 2016-09-08T09:55:56+08:00 ] 127.0.0.1 /index.php/Admin/Resource/trash
INFO: [ app_init ] --START--
INFO: Run Behavior\BuildLiteBehavior [ RunTime:0.000024s ]
INFO: [ app_init ] --END-- [ RunTime:0.000725s ]

[ 2016-09-08T09:56:07+08:00 ] 127.0.0.1 /index.php/Admin/Resource/showList/p/2.html
INFO: [ app_init ] --START--
INFO: Run Behavior\BuildLiteBehavior [ RunTime:0.000025s ]
INFO: [ app_init ] --END-- [ RunTime:0.000923s ]

[ 2016-09-08T09:56:11+08:00 ] 127.0.0.1 /index.php/Admin/Resource/showList/p/1.html
INFO: [ app_init ] --START--
INFO: Run Behavior\BuildLiteBehavior [ RunTime:0.000023s ]
INFO: [ app_init ] --END-- [ RunTime:0.000629s ]

[ 2016-09-08T09:56:29+08:00 ] 127.0.0.1 /index.php/Admin/Resource/add
INFO: [ app_init ] --START--
INFO: Run Behavior\BuildLiteBehavior [ RunTime:0.000014s ]
INFO: [ app_init ] --END-- [ RunTime:0.000414s ]

[ 2016-09-08T09:56:42+08:00 ] 127.0.0.1 /index.php/Admin/Resource/showList
INFO: [ app_init ] --START--
INFO: Run Behavior\BuildLiteBehavior [ RunTime:0.000025s ]
INFO: [ app_init ] --END-- [ RunTime:0.000917s ]

[ 2016-09-08T10:36:05+08:00 ] 127.0.0.1 /index.php/Admin/Resource/showList
INFO: [ app_init ] --START--
INFO: Run Behavior\BuildLiteBehavior [ RunTime:0.000015s ]
INFO: [ app_init ] --END-- [ RunTime:0.000460s ]

[ 2016-09-08T10:36:08+08:00 ] 127.0.0.1 /index.php/Admin/Resource/showList
INFO: [ app_init ] --START--
INFO: Run Behavior\BuildLiteBehavior [ RunTime:0.000021s ]
INFO: [ app_init ] --END-- [ RunTime:0.000585s ]

